<?xml version="1.0" encoding="UTF-8"?>
<testsuite name="io.spring.initializr.generator.ProjectGeneratorLanguageTests" time="0.182" tests="33" errors="0" skipped="0" failures="0">
  <properties>
[...]
</properties>
  <testcase name="standardTestClass[java]" classname="io.spring.initializr.generator.ProjectGeneratorLanguageTests" time="0.004"/>
  <testcase name="standardTestClassWeb[java]" classname="io.spring.initializr.generator.ProjectGeneratorLanguageTests" time="0.005"/>
  <testcase name="standardJar[java]" classname="io.spring.initializr.generator.ProjectGeneratorLanguageTests" time="0.011"/>
  <testcase name="standardWar[java]" classname="io.spring.initializr.generator.ProjectGeneratorLanguageTests" time="0.004"/>
  <testcase name="standardMainClass[java]" classname="io.spring.initializr.generator.ProjectGeneratorLanguageTests" time="0.005"/>
  <testcase name="standardServletInitializer[java]" classname="io.spring.initializr.generator.ProjectGeneratorLanguageTests" time="0.006"/>
  <testcase name="springBoot14M2ServletInitializer[java]" classname="io.spring.initializr.generator.ProjectGeneratorLanguageTests" time="0.007"/>
  <testcase name="springBoot14TestClass[java]" classname="io.spring.initializr.generator.ProjectGeneratorLanguageTests" time="0.005"/>
  <testcase name="springBoot14M1TestClass[java]" classname="io.spring.initializr.generator.ProjectGeneratorLanguageTests" time="0.004"/>
  <testcase name="springBoot14TestClassWeb[java]" classname="io.spring.initializr.generator.ProjectGeneratorLanguageTests" time="0.006"/>
  <testcase name="springBoot14ServletInitializer[java]" classname="io.spring.initializr.generator.ProjectGeneratorLanguageTests" time="0.008"/>
  <testcase name="standardTestClass[groovy]" classname="io.spring.initializr.generator.ProjectGeneratorLanguageTests" time="0.007"/>
  <testcase name="standardTestClassWeb[groovy]" classname="io.spring.initializr.generator.ProjectGeneratorLanguageTests" time="0.003"/>
  <testcase name="standardJar[groovy]" classname="io.spring.initializr.generator.ProjectGeneratorLanguageTests" time="0.006"/>
  <testcase name="standardWar[groovy]" classname="io.spring.initializr.generator.ProjectGeneratorLanguageTests" time="0.015"/>
  <testcase name="standardMainClass[groovy]" classname="io.spring.initializr.generator.ProjectGeneratorLanguageTests" time="0.004"/>
  <testcase name="standardServletInitializer[groovy]" classname="io.spring.initializr.generator.ProjectGeneratorLanguageTests" time="0.004"/>
  <testcase name="springBoot14M2ServletInitializer[groovy]" classname="io.spring.initializr.generator.ProjectGeneratorLanguageTests" time="0.004"/>
  <testcase name="springBoot14TestClass[groovy]" classname="io.spring.initializr.generator.ProjectGeneratorLanguageTests" time="0.003"/>
  <testcase name="springBoot14M1TestClass[groovy]" classname="io.spring.initializr.generator.ProjectGeneratorLanguageTests" time="0.003"/>
  <testcase name="springBoot14TestClassWeb[groovy]" classname="io.spring.initializr.generator.ProjectGeneratorLanguageTests" time="0.011"/>
  <testcase name="springBoot14ServletInitializer[groovy]" classname="io.spring.initializr.generator.ProjectGeneratorLanguageTests" time="0.006"/>
  <testcase name="standardTestClass[kotlin]" classname="io.spring.initializr.generator.ProjectGeneratorLanguageTests" time="0.006"/>
  <testcase name="standardTestClassWeb[kotlin]" classname="io.spring.initializr.generator.ProjectGeneratorLanguageTests" time="0.004"/>
  <testcase name="standardJar[kotlin]" classname="io.spring.initializr.generator.ProjectGeneratorLanguageTests" time="0.004"/>
  <testcase name="standardWar[kotlin]" classname="io.spring.initializr.generator.ProjectGeneratorLanguageTests" time="0.004"/>
  <testcase name="standardMainClass[kotlin]" classname="io.spring.initializr.generator.ProjectGeneratorLanguageTests" time="0.004"/>
  <testcase name="standardServletInitializer[kotlin]" classname="io.spring.initializr.generator.ProjectGeneratorLanguageTests" time="0.005"/>
  <testcase name="springBoot14M2ServletInitializer[kotlin]" classname="io.spring.initializr.generator.ProjectGeneratorLanguageTests" time="0.004"/>
  <testcase name="springBoot14TestClass[kotlin]" classname="io.spring.initializr.generator.ProjectGeneratorLanguageTests" time="0.009"/>
  <testcase name="springBoot14M1TestClass[kotlin]" classname="io.spring.initializr.generator.ProjectGeneratorLanguageTests" time="0.004"/>
  <testcase name="springBoot14TestClassWeb[kotlin]" classname="io.spring.initializr.generator.ProjectGeneratorLanguageTests" time="0.003"/>
  <testcase name="springBoot14ServletInitializer[kotlin]" classname="io.spring.initializr.generator.ProjectGeneratorLanguageTests" time="0.004"/>
</testsuite>