<?xml version="1.0" encoding="UTF-8"?>
<testsuite name="io.spring.initializr.generator.ProjectGeneratorTests" time="0.448" tests="59" errors="0" skipped="0" failures="0">
  <properties>
[...]
</properties>
  <testcase name="customBaseDirectoryNested" classname="io.spring.initializr.generator.ProjectGeneratorTests" time="0.003"/>
  <testcase name="groovyWithMavenUsesGroovyDir" classname="io.spring.initializr.generator.ProjectGeneratorTests" time="0.003"/>
  <testcase name="versionRangeWithPostProcessor" classname="io.spring.initializr.generator.ProjectGeneratorTests" time="0.056"/>
  <testcase name="defaultMavenPom" classname="io.spring.initializr.generator.ProjectGeneratorTests" time="0.014"/>
  <testcase name="mavenPomWithCustomVersion" classname="io.spring.initializr.generator.ProjectGeneratorTests" time="0.01"/>
  <testcase name="gradleBuildWithCustomScope" classname="io.spring.initializr.generator.ProjectGeneratorTests" time="0.003"/>
  <testcase name="springBootUseSpringBootApplicationJava" classname="io.spring.initializr.generator.ProjectGeneratorTests" time="0.007"/>
  <testcase name="gradleBom" classname="io.spring.initializr.generator.ProjectGeneratorTests" time="0.002"/>
  <testcase name="invalidProjectTypeMavenPom" classname="io.spring.initializr.generator.ProjectGeneratorTests" time="0.002"/>
  <testcase name="gradleBuildWithTarDependency" classname="io.spring.initializr.generator.ProjectGeneratorTests" time="0.003"/>
  <testcase name="mavenWarWithWebFacet" classname="io.spring.initializr.generator.ProjectGeneratorTests" time="0.009"/>
  <testcase name="defaultGradleBuild" classname="io.spring.initializr.generator.ProjectGeneratorTests" time="0.002"/>
  <testcase name="mavenRepository" classname="io.spring.initializr.generator.ProjectGeneratorTests" time="0.042"/>
  <testcase name="projectWithOnlyNonStarterDependency" classname="io.spring.initializr.generator.ProjectGeneratorTests" time="0.027"/>
  <testcase name="gradleWarWithWebFacet" classname="io.spring.initializr.generator.ProjectGeneratorTests" time="0.017"/>
  <testcase name="springBootUseSpringBootApplicationGroovy" classname="io.spring.initializr.generator.ProjectGeneratorTests" time="0.009"/>
  <testcase name="mavenBomWithSeveralDependenciesOnSameBom" classname="io.spring.initializr.generator.ProjectGeneratorTests" time="0.013"/>
  <testcase name="invalidType" classname="io.spring.initializr.generator.ProjectGeneratorTests" time="0"/>
  <testcase name="springBootUseSpringBootApplicationKotlin" classname="io.spring.initializr.generator.ProjectGeneratorTests" time="0.007"/>
  <testcase name="mavenWarPomWithoutWebFacet" classname="io.spring.initializr.generator.ProjectGeneratorTests" time="0.013"/>
  <testcase name="projectWithOnlyStarterDependency" classname="io.spring.initializr.generator.ProjectGeneratorTests" time="0.007"/>
  <testcase name="buildPropertiesMaven" classname="io.spring.initializr.generator.ProjectGeneratorTests" time="0.016"/>
  <testcase name="gitIgnoreGradle" classname="io.spring.initializr.generator.ProjectGeneratorTests" time="0.007"/>
  <testcase name="customBaseDirectory" classname="io.spring.initializr.generator.ProjectGeneratorTests" time="0.004"/>
  <testcase name="gradleBuildBeforeWithSpringBoot13" classname="io.spring.initializr.generator.ProjectGeneratorTests" time="0.002"/>
  <testcase name="mavenPomWithCustomScope" classname="io.spring.initializr.generator.ProjectGeneratorTests" time="0.011"/>
  <testcase name="mavenPomWithWebFacet" classname="io.spring.initializr.generator.ProjectGeneratorTests" time="0.007"/>
  <testcase name="gitIgnoreMaven" classname="io.spring.initializr.generator.ProjectGeneratorTests" time="0.006"/>
  <testcase name="springBoot15UseGradle3" classname="io.spring.initializr.generator.ProjectGeneratorTests" time="0.005"/>
  <testcase name="mavenBomWithVersionMapping" classname="io.spring.initializr.generator.ProjectGeneratorTests" time="0.017"/>
  <testcase name="mavenPomWithTarDependency" classname="io.spring.initializr.generator.ProjectGeneratorTests" time="0.008"/>
  <testcase name="springBoot11UseEnableAutoConfigurationGroovy" classname="io.spring.initializr.generator.ProjectGeneratorTests" time="0.004"/>
  <testcase name="mavenPomWithCustomParentPom" classname="io.spring.initializr.generator.ProjectGeneratorTests" time="0.006"/>
  <testcase name="mavenBom" classname="io.spring.initializr.generator.ProjectGeneratorTests" time="0.006"/>
  <testcase name="springBoot11UseEnableAutoConfigurationKotlin" classname="io.spring.initializr.generator.ProjectGeneratorTests" time="0.004"/>
  <testcase name="mavenBomWithVersionMappingAndExtraRepositories" classname="io.spring.initializr.generator.ProjectGeneratorTests" time="0.009"/>
  <testcase name="gradleBuildWithBootSnapshot" classname="io.spring.initializr.generator.ProjectGeneratorTests" time="0.002"/>
  <testcase name="mavenPomWithCustomParentPomAndSpringBootBom" classname="io.spring.initializr.generator.ProjectGeneratorTests" time="0.006"/>
  <testcase name="invalidPackaging" classname="io.spring.initializr.generator.ProjectGeneratorTests" time="0.001"/>
  <testcase name="groovyWithGradleUsesGroovyDir" classname="io.spring.initializr.generator.ProjectGeneratorTests" time="0.004"/>
  <testcase name="gradleBuildWithCustomVersion" classname="io.spring.initializr.generator.ProjectGeneratorTests" time="0.002"/>
  <testcase name="gradleBuildWithCustomParentPomAndSpringBootBom" classname="io.spring.initializr.generator.ProjectGeneratorTests" time="0.002"/>
  <testcase name="mavenPomWithBootSnapshot" classname="io.spring.initializr.generator.ProjectGeneratorTests" time="0.011"/>
  <testcase name="gradleBuildAsFromSpringBoot13" classname="io.spring.initializr.generator.ProjectGeneratorTests" time="0.003"/>
  <testcase name="gradleBuildAsFromSpringBoot20" classname="io.spring.initializr.generator.ProjectGeneratorTests" time="0.003"/>
  <testcase name="invalidProjectTypeGradleBuild" classname="io.spring.initializr.generator.ProjectGeneratorTests" time="0.002"/>
  <testcase name="invalidLanguage" classname="io.spring.initializr.generator.ProjectGeneratorTests" time="0.001"/>
  <testcase name="defaultMavenPomHasSpringBootParent" classname="io.spring.initializr.generator.ProjectGeneratorTests" time="0.005"/>
  <testcase name="springBootUseGradle2" classname="io.spring.initializr.generator.ProjectGeneratorTests" time="0.004"/>
  <testcase name="mavenRepositoryWithSeveralDependenciesOnSameRepository" classname="io.spring.initializr.generator.ProjectGeneratorTests" time="0.007"/>
  <testcase name="gradleBuildAsFromSpringBoot142" classname="io.spring.initializr.generator.ProjectGeneratorTests" time="0.002"/>
  <testcase name="buildPropertiesGradle" classname="io.spring.initializr.generator.ProjectGeneratorTests" time="0.004"/>
  <testcase name="defaultProject" classname="io.spring.initializr.generator.ProjectGeneratorTests" time="0.008"/>
  <testcase name="noDependencyAddsRootStarter" classname="io.spring.initializr.generator.ProjectGeneratorTests" time="0.006"/>
  <testcase name="invalidDependency" classname="io.spring.initializr.generator.ProjectGeneratorTests" time="0.001"/>
  <testcase name="springBoot11UseEnableAutoConfigurationJava" classname="io.spring.initializr.generator.ProjectGeneratorTests" time="0.005"/>
  <testcase name="gradleRepository" classname="io.spring.initializr.generator.ProjectGeneratorTests" time="0.001"/>
  <testcase name="groupIdAndArtifactIdInferPackageName" classname="io.spring.initializr.generator.ProjectGeneratorTests" time="0.005"/>
  <testcase name="gradleWarPomWithoutWebFacet" classname="io.spring.initializr.generator.ProjectGeneratorTests" time="0.002"/>
</testsuite>