-------------------------------------------------------------------------------
Test set: io.spring.initializr.web.project.MainControllerIntegrationTests
-------------------------------------------------------------------------------
Tests run: 43, Failures: 10, Errors: 0, Skipped: 1, Time elapsed: 1.838 sec <<< FAILURE! - in io.spring.initializr.web.project.MainControllerIntegrationTests
metadataWithHalAcceptHeader(io.spring.initializr.web.project.MainControllerIntegrationTests)  Time elapsed: 0.101 sec  <<< FAILURE!
java.lang.AssertionError: description.default
Expected: Demo project for Spring Boot
     got: Sample App project for Modelo Boot
 ; groupId.default
Expected: com.example
     got: io.redspark
 ; packageName.default
Expected: com.example.demo
     got: io.redspark.demo

	at org.skyscreamer.jsonassert.JSONAssert.assertEquals(JSONAssert.java:319)
	at io.spring.initializr.web.AbstractInitializrIntegrationTests.validateCurrentMetadata(AbstractInitializrIntegrationTests.java:121)
	at io.spring.initializr.web.project.MainControllerIntegrationTests.metadataWithHalAcceptHeader(MainControllerIntegrationTests.java:208)

httpieWithAcceptHeaderJson(io.spring.initializr.web.project.MainControllerIntegrationTests)  Time elapsed: 0.067 sec  <<< FAILURE!
java.lang.AssertionError: description.default
Expected: Demo project for Spring Boot
     got: Sample App project for Modelo Boot
 ; groupId.default
Expected: com.example
     got: io.redspark
 ; packageName.default
Expected: com.example.demo
     got: io.redspark.demo

	at org.skyscreamer.jsonassert.JSONAssert.assertEquals(JSONAssert.java:319)
	at io.spring.initializr.web.AbstractInitializrIntegrationTests.validateCurrentMetadata(AbstractInitializrIntegrationTests.java:121)
	at io.spring.initializr.web.project.MainControllerIntegrationTests.httpieWithAcceptHeaderJson(MainControllerIntegrationTests.java:274)

metadataWithNoAcceptHeader(io.spring.initializr.web.project.MainControllerIntegrationTests)  Time elapsed: 0.179 sec  <<< FAILURE!
java.lang.AssertionError: description.default
Expected: Demo project for Spring Boot
     got: Sample App project for Modelo Boot
 ; groupId.default
Expected: com.example
     got: io.redspark
 ; packageName.default
Expected: com.example.demo
     got: io.redspark.demo

	at org.skyscreamer.jsonassert.JSONAssert.assertEquals(JSONAssert.java:319)
	at io.spring.initializr.web.AbstractInitializrIntegrationTests.validateCurrentMetadata(AbstractInitializrIntegrationTests.java:121)
	at io.spring.initializr.web.AbstractInitializrIntegrationTests.validateCurrentMetadata(AbstractInitializrIntegrationTests.java:116)
	at io.spring.initializr.web.project.MainControllerIntegrationTests.metadataWithNoAcceptHeader(MainControllerIntegrationTests.java:160)

curlWithAcceptHeaderJson(io.spring.initializr.web.project.MainControllerIntegrationTests)  Time elapsed: 0.136 sec  <<< FAILURE!
java.lang.AssertionError: description.default
Expected: Demo project for Spring Boot
     got: Sample App project for Modelo Boot
 ; groupId.default
Expected: com.example
     got: io.redspark
 ; packageName.default
Expected: com.example.demo
     got: io.redspark.demo

	at org.skyscreamer.jsonassert.JSONAssert.assertEquals(JSONAssert.java:319)
	at io.spring.initializr.web.AbstractInitializrIntegrationTests.validateCurrentMetadata(AbstractInitializrIntegrationTests.java:121)
	at io.spring.initializr.web.project.MainControllerIntegrationTests.curlWithAcceptHeaderJson(MainControllerIntegrationTests.java:247)

metadataWithCurrentAcceptHeader(io.spring.initializr.web.project.MainControllerIntegrationTests)  Time elapsed: 0.156 sec  <<< FAILURE!
java.lang.AssertionError: description.default
Expected: Demo project for Spring Boot
     got: Sample App project for Modelo Boot
 ; groupId.default
Expected: com.example
     got: io.redspark
 ; packageName.default
Expected: com.example.demo
     got: io.redspark.demo

	at org.skyscreamer.jsonassert.JSONAssert.assertEquals(JSONAssert.java:319)
	at io.spring.initializr.web.AbstractInitializrIntegrationTests.validateCurrentMetadata(AbstractInitializrIntegrationTests.java:121)
	at io.spring.initializr.web.project.MainControllerIntegrationTests.metadataWithCurrentAcceptHeader(MainControllerIntegrationTests.java:190)

metadataWithSeveralAcceptHeader(io.spring.initializr.web.project.MainControllerIntegrationTests)  Time elapsed: 0.131 sec  <<< FAILURE!
java.lang.AssertionError: description.default
Expected: Demo project for Spring Boot
     got: Sample App project for Modelo Boot
 ; groupId.default
Expected: com.example
     got: io.redspark
 ; packageName.default
Expected: com.example.demo
     got: io.redspark.demo

	at org.skyscreamer.jsonassert.JSONAssert.assertEquals(JSONAssert.java:319)
	at io.spring.initializr.web.AbstractInitializrIntegrationTests.validateCurrentMetadata(AbstractInitializrIntegrationTests.java:121)
	at io.spring.initializr.web.project.MainControllerIntegrationTests.metadataWithSeveralAcceptHeader(MainControllerIntegrationTests.java:200)

metadataWithV2AcceptHeader(io.spring.initializr.web.project.MainControllerIntegrationTests)  Time elapsed: 0.164 sec  <<< FAILURE!
java.lang.AssertionError: description.default
Expected: Demo project for Spring Boot
     got: Sample App project for Modelo Boot
 ; groupId.default
Expected: com.example
     got: io.redspark
 ; packageName.default
Expected: com.example.demo
     got: io.redspark.demo

	at org.skyscreamer.jsonassert.JSONAssert.assertEquals(JSONAssert.java:319)
	at io.spring.initializr.web.AbstractInitializrIntegrationTests.validateMetadata(AbstractInitializrIntegrationTests.java:111)
	at io.spring.initializr.web.project.MainControllerIntegrationTests.metadataWithV2AcceptHeader(MainControllerIntegrationTests.java:176)

unknownAgentReceivesJsonByDefault(io.spring.initializr.web.project.MainControllerIntegrationTests)  Time elapsed: 0.183 sec  <<< FAILURE!
java.lang.AssertionError: description.default
Expected: Demo project for Spring Boot
     got: Sample App project for Modelo Boot
 ; groupId.default
Expected: com.example
     got: io.redspark
 ; packageName.default
Expected: com.example.demo
     got: io.redspark.demo

	at org.skyscreamer.jsonassert.JSONAssert.assertEquals(JSONAssert.java:319)
	at io.spring.initializr.web.AbstractInitializrIntegrationTests.validateCurrentMetadata(AbstractInitializrIntegrationTests.java:121)
	at io.spring.initializr.web.AbstractInitializrIntegrationTests.validateCurrentMetadata(AbstractInitializrIntegrationTests.java:116)
	at io.spring.initializr.web.project.MainControllerIntegrationTests.unknownAgentReceivesJsonByDefault(MainControllerIntegrationTests.java:259)

validateCurrentProjectMetadata(io.spring.initializr.web.project.MainControllerIntegrationTests)  Time elapsed: 0.174 sec  <<< FAILURE!
java.lang.AssertionError: description.default
Expected: Demo project for Spring Boot
     got: Sample App project for Modelo Boot
 ; groupId.default
Expected: com.example
     got: io.redspark
 ; packageName.default
Expected: com.example.demo
     got: io.redspark.demo

	at org.skyscreamer.jsonassert.JSONAssert.assertEquals(JSONAssert.java:319)
	at io.spring.initializr.web.AbstractInitializrIntegrationTests.validateCurrentMetadata(AbstractInitializrIntegrationTests.java:121)
	at io.spring.initializr.web.project.MainControllerIntegrationTests.validateCurrentProjectMetadata(MainControllerIntegrationTests.java:307)

springBootCliReceivesJsonByDefault(io.spring.initializr.web.project.MainControllerIntegrationTests)  Time elapsed: 0.341 sec  <<< FAILURE!
java.lang.AssertionError: description.default
Expected: Demo project for Spring Boot
     got: Sample App project for Modelo Boot
 ; groupId.default
Expected: com.example
     got: io.redspark
 ; packageName.default
Expected: com.example.demo
     got: io.redspark.demo

	at org.skyscreamer.jsonassert.JSONAssert.assertEquals(JSONAssert.java:319)
	at io.spring.initializr.web.AbstractInitializrIntegrationTests.validateCurrentMetadata(AbstractInitializrIntegrationTests.java:121)
	at io.spring.initializr.web.project.MainControllerIntegrationTests.springBootCliReceivesJsonByDefault(MainControllerIntegrationTests.java:294)

