-------------------------------------------------------------------------------
Test set: io.spring.initializr.web.project.LegacyStsControllerIntegrationTests
-------------------------------------------------------------------------------
Tests run: 1, Failures: 1, Errors: 0, Skipped: 0, Time elapsed: 1.069 sec <<< FAILURE! - in io.spring.initializr.web.project.LegacyStsControllerIntegrationTests
legacyStsHome(io.spring.initializr.web.project.LegacyStsControllerIntegrationTests)  Time elapsed: 0.048 sec  <<< FAILURE!
java.lang.AssertionError: groupId not found
	at org.junit.Assert.fail(Assert.java:88)
	at org.junit.Assert.assertTrue(Assert.java:41)
	at io.spring.initializr.web.project.LegacyStsControllerIntegrationTests.legacyStsHome(LegacyStsControllerIntegrationTests.java:49)

