-------------------------------------------------------------------------------
Test set: io.spring.initializr.web.project.MainControllerServiceMetadataIntegrationTests
-------------------------------------------------------------------------------
Tests run: 4, Failures: 2, Errors: 0, Skipped: 0, Time elapsed: 1.177 sec <<< FAILURE! - in io.spring.initializr.web.project.MainControllerServiceMetadataIntegrationTests
validateJson(io.spring.initializr.web.project.MainControllerServiceMetadataIntegrationTests)  Time elapsed: 0.015 sec  <<< FAILURE!
java.lang.AssertionError: description.content
Expected: Demo project for Spring Boot
     got: Sample App project for Modelo Boot
 ; groupId.content
Expected: com.example
     got: io.redspark
 ; packageName.content
Expected: com.example.demo
     got: io.redspark.demo

	at org.skyscreamer.jsonassert.JSONAssert.assertEquals(JSONAssert.java:319)
	at io.spring.initializr.web.project.MainControllerServiceMetadataIntegrationTests.validateJson(MainControllerServiceMetadataIntegrationTests.java:86)

metadataClientRedirect(io.spring.initializr.web.project.MainControllerServiceMetadataIntegrationTests)  Time elapsed: 0.017 sec  <<< FAILURE!
java.lang.AssertionError: description.default
Expected: Demo project for Spring Boot
     got: Sample App project for Modelo Boot
 ; groupId.default
Expected: com.example
     got: io.redspark
 ; packageName.default
Expected: com.example.demo
     got: io.redspark.demo

	at org.skyscreamer.jsonassert.JSONAssert.assertEquals(JSONAssert.java:319)
	at io.spring.initializr.web.AbstractInitializrIntegrationTests.validateCurrentMetadata(AbstractInitializrIntegrationTests.java:121)
	at io.spring.initializr.web.AbstractInitializrIntegrationTests.validateCurrentMetadata(AbstractInitializrIntegrationTests.java:116)
	at io.spring.initializr.web.project.MainControllerServiceMetadataIntegrationTests.metadataClientRedirect(MainControllerServiceMetadataIntegrationTests.java:93)

