<?xml version="1.0" encoding="UTF-8"?>
<testsuite name="io.spring.initializr.web.project.MainControllerEnvIntegrationTests" time="0.177" tests="4" errors="0" skipped="0" failures="1">
  <properties>
[...]
</properties>
  <testcase name="generateProjectWithInvalidName" classname="io.spring.initializr.web.project.MainControllerEnvIntegrationTests" time="0.077"/>
  <testcase name="googleAnalytics" classname="io.spring.initializr.web.project.MainControllerEnvIntegrationTests" time="0.082">
    <failure message="google analytics should be enabled" type="java.lang.AssertionError">java.lang.AssertionError: google analytics should be enabled
	at org.junit.Assert.fail(Assert.java:88)
	at org.junit.Assert.assertTrue(Assert.java:41)
	at io.spring.initializr.web.project.MainControllerEnvIntegrationTests.googleAnalytics(MainControllerEnvIntegrationTests.java:71)
</failure>
    <system-out><![CDATA[
MockHttpServletRequest:
      HTTP Method = GET
      Request URI = /starter.zip
       Parameters = {style=[data-jpa], name=[Invalid]}
          Headers = {Accept=[application/octet-stream, application/json, application/json, application/*+json, application/*+json, */*]}

Handler:
             Type = io.spring.initializr.web.project.MainController
           Method = public org.springframework.http.ResponseEntity<byte[]> io.spring.initializr.web.project.MainController.springZip(io.spring.initializr.generator.BasicProjectRequest) throws java.io.IOException

Async:
    Async started = false
     Async result = null

Resolved Exception:
             Type = null

ModelAndView:
        View name = null
             View = null
            Model = null

FlashMap:
       Attributes = null

MockHttpServletResponse:
           Status = 200
    Error message = null
          Headers = {Content-Type=[application/zip], Content-Disposition=[attachment; filename="demo.zip"], Content-Length=[49422]}
     Content type = application/zip
             Body = PK&amp#3;&amp#4;
&amp#0;&amp#0;&amp#8;&amp#8;&amp#0;m¾J&amp#25;îui¬	&amp#0;&amp#0;D&amp#25;&amp#0;&amp#0;&amp#4;&amp#0;&amp#20;&amp#0;mvnw&amp#1;&amp#0;&amp#16;&amp#0;D&amp#25;&amp#0;&amp#0;&amp#0;&amp#0;&amp#0;&amp#0;¬	&amp#0;&amp#0;&amp#0;&amp#0;&amp#0;&amp#0;­XmsÚH&amp#18;þÎ¯èÈTl§°}&amp#31;vÏ>rGlØà&amp#2;'N*Þ±4l!&amp#25;ÉKù¿ßÓ3&amp#18;&amp#18;MÝ^Béîé×§{´õ¢~&amp#27;Du=©lQí&amp#23;þ¸óÀ>%1%&amp#19;IÍððÓGÉ\(Igq&amp#26;ù"	âvý³]Â«T&amp#20;G&amp#18;Ì±¢i&amp#12;"/&amp#18;&amp#21;Ü¦	&amp#22;B+ÄXI9Q¢]¢¾Fz§{Õ>iÑ(&amp#8;Ý&amp#15;´eÃñó $Ð4Õ= Iø~À&amp#7;&amp#8;&amp#11;S£&amp#6;ø&amp#28;&amp#11;å&amp#7;Ñ&amp#24;&amp#7;Ï&amp#22;*&amp#24;O&amp#18;çTz&amp#18;ÌpÚ&amp#21;ÛÑ?ËUÑVnv(ì\ÄifFÉâÌ&amp#17;{ô	rØÜCwv@&amp#0;&amp#30;'ÛtvóT,(&amp#19;Jµ,d|ôä,®Pk:&amp#11;&amp#3;&amp#17;yÌY¶<&amp#1;
~ÉdÄ·&amp#0;¹0vP<*H*[`ÇIÌêõù|î
£¬&amp#27;«q=·®~&amp#14;vú­&amp#26;&amp#20;6&amp#28;&amp#31;£Pj/}K&amp#3;&amp#5;×Þ.HÌ 'n¡e(æ&amp#28;7&amp#19;&amp#30;&amp#19;u(0Wpt4Þ&amp#3;³Î&amp#3;_&amp#14;Ná¬\9Ø\&»&amp#4;GÆiö©ÝwèM³ßîïÑuûê]÷ã&amp#21;]7{½fçªÝêS·G'ÝÎiûªÝíàí/`üÐîî«p|)¶&amp#0;j&amp#6;ìHéR(×3ÄFGÏ¤&amp#23;&amp#2;&amp#15;¦EãT%ã&amp#7;©"NTÓ@s<54ô&amp#18;Ó 1y¤ÁùÌ.÷W&amp#23;Ø¯/Ø&amp#11;ñ £Cê'B%ôqFoDâMH{*Ùéåqou>ÑPúh£&amp#18;&µÞ7?5&amp#7;ïº&amp#23;-ªQ&amp#24;{¶ÎÞ~ I<å<PFlwÕb.vT#ôâpÈ©Ñ{[#ßt"Â&amp#16;
&amp#22;ò«ù©Õ&amp#25;t/¯ú`	%¦2A%âQàé½x&amp#16;ôéæ&amp#19;&amp#25;J#&amp#19;dã&amp#18;[*$Ý±ËÄ¾¼M³&amp#29;
&amp#18;-ÃÑ&amp#30;kFE¤eR:²Qûl&amp#25;j!ôÎÏ&amp#18;%"=UÒð½{ìi©XÅNt'&amp#20;çjã÷ýýý&amp#29;ý&amp#15;íËAï&amp#4;¦B16
&amp#5;ÚÖ_,&amp#12;tå.QAîüL©&amp#4;#úJµÿS]QÉ¡?è}&amp#25;U*DhDuxõ\%&amp#1;;Ê]ÙÃÒ((3:UuÝÍöuæõýL&amp#0;ÿGNõâÕé½J¯"»h0Mu2 [i"&amp#5;ÿeØ¨T20DÈåê-Æó j·ã/Tém
7ÏíKÅ&amp#19;&amp#12;gFH«¡&amp#28;&amp#30;'_Þ^·;¯v)&amp#19;bD&amp#31;&amp#31;cç¢Ýy{+×Íò©&amp#17;õì&amp#28;Þ0f&amp#2;s!¾j&amp#5;T¾Ò«ß!Q&amp#7;&Áá)<&amp#7;!Gb¶b&amp#30;0¡&amp#8;èVx÷l]ý<¸UB-êàõwàË&amp#4;3ì1þk4&amp#0;_>È0&amp#6;¤¹çÒEáó&amp#12;ßTxõo&amp#2;ÿ&amp#14;&amp#14;~Û¯&amp#15;&amp#2; Û£;I¦¡SäÂ²â&amp#17;©R rGr6±NNÒW&amp#1;!g¸uèd<#ñçìÏ}3"[J?ÔÂ+gxÙª"ÿì¾²	<Æ(&amp#18;Ç5%CÉ¹°¦&amp#18;CÖºyf&amp#20;&amp#0;&amp#12;jwJÖ	6m9kKeuøüÈ-Nt&amp#28;> Ðè^&amp#3;&amp#0;ªû¦×#Yãpj&amp#0;&amp#22;Nl /{o&amp#27;NußáÂÚ¢È4f3V Ñ¡00&amp#20;òôbjDf>áy&amp#3;jL &amp#6;­
~l	uc&amp#24;âàÐÏ6v&amp#25;¼!·V,Ú¡#Úv_Õ^ÓÍûêf·º=Ì3%§&amp#1;¡ª»¯¶é5qúÕ£4&amp#12;WòÀªnh+k16[Cà;&amp#23;]®K½Dkâéó(_`àSálî&amp#15;y%óoã&amp#8;×µ{WB#(µ o©&amp#8;$Ò/³z~9P/_R.Üläg:Fô&1
ÁyzñrÆ&amp#12;­Î&amp#16;&amp#19;&amp#3;&amp#21;T"bHdÁ&amp#2;O¢>vÚÉÎ©ö&amp#7;c&amp#17;-&amp#16;H&amp#8;D08Åèæs&amp#2;U-â&amp#20;iPF«&amp#25;õò¥qQaÈbÌ!'Ó(x,Ñ&amp#14;&amp#11;ö*È&amp#4;Rû¾$ää¼Ùï_6¯Þ,×ÊBVe&amp#21;lÃ».ñüç½e`ø/8Ë&amp#25;î¬Äý£¾k`èòTÎ_P$lÑU÷´K^¹úç&amp#26;*l&amp#4;XF&amp#22;@1M¸&amp#11;à&amp#0;T0¦6^öTËÏª­Zýè&amp#5;v&amp#29;[¼7ë$7¦Hov¾þþ@!o£½5ÈâUÄf\&amp#18;>×ÞÎÁ.;ï/Ë¾DB&amp#19;¦2Üô&amp#25;æûq(&amp#20;&amp#14;ö]ÃÍ¼ç&amp#6;@¬â¹¬%f|9¸äÄëzmRË0Wm?¥µ&amp#6;Ãfr&amp#23;(È&amp#6;ãÝe&amp#17;ÅåÜä&amp#0;@µË¡iOÞÆÎôLLn-Ï;?Ò ëOYó%yîÁ|!ó ã3&amp#0;È z%U&amp#11;ÚÜµ¾Z í³&amp#6;Æ4'&amp#23;§&amp#27;zæZ¬vËå¤PÔÑ(ëzbº6&amp#2;rêµß\ Ùñ&amp#2;¹ÕDÝ§|+×<båò ó;&amp#29;É¥tÉb¨Úø³3×{Ï&zþR&amp#16;&amp#27;,9ô¥Ê&amp#28;:kN{QX½î6Ó;R±:*Ýª²:óå(ÐÔ½X)é%áÂuèõËÃ%&amp#31;Ñµ$ODLkmT&amp#28;Q>¢Ó&amp#29;ü&amp#0;lÖ¹&amp#22;æ
\VGF&amp#15;#þ*ÃW¸À~¦#Æl×1â_w{ç§ýÁyócçä]«×Õ&amp#24;ó¦/'"Õ.ÏGü&amp#24;&amp#12;Ç*ôµ&amp#27;4&amp#2;`+÷<{à&amp#22;&amp#0;ã¾Ä±F&amp#25;ÀðX-8ê©p;&amp#24;©xJ3&amp#21;{|×7_}
*ÌHæV´ÐcÜm±¢tR"2_VÜéCËÃm±&amp#12;0Àé&amp#0;w{ø&amp#28;&amp#7;Üa&amp#3;¶&amp#5;/&amp#12;ü&amp#25;Ã&amp#6;¼]ú^ÜlØ»&amp#7;ð*&amp#22;©lýzÉ}ÏxÌ^]ìåô¹<'CNØ&amp#26;!pùÅ)Ûm°x&amp#30;åÊÏÙXçTyÕ¡&amp#23;&amp#12;_ÛåÙÎêæç&amp#20;ucüZ¹å&amp#7;&amp#24;|&amp#16;v_¡·Ãâ¯{¦ìÞ¿i5/k¿ÿýo¿ÑÎJ&amp#3;¨÷q&amp#25;÷v×ÿÎÂÖ±Ü&amp#24;cg.~Ä f;çpõhÜùú[h¹«ß3#Ê&amp#19;'&amp#18;â	&amp#17;þcÀ½	p'ó¥Â|×³&amp#4;&amp#3;³l&amp#2;Y¾¡&amp#30;¬ê±(ªiàk´Mü÷&amp#31;r7+z&amp#28;û¦ÙoNÛ½ÆðypG&amp#2;L;E¾ä&amp#12;åãlÙ&amp#30;ÂÊ Ù^Ç/{Ý÷­+æá3ªßírö~T+{ª&amp#24;«&amp#24;+¥&amp#24;Ð©ìåÍÃ$MýîaêÚk³Kf!Îú¤«Qe&amp#0;D;»!Ñ¯áx®×F·üS&amp#12;ãfiÂý¿&amp#6;Üìg&amp#29;ôs£î3a¿dè-ÄçÞÂÌn/Û¼)&amp#1;~èMòì}Ýk^^¶z«@}%6&amp#25;ëÎñ7&amp#3;ó-ìÚ¾\ â|^¹Ý@»R*÷ÚrÐýa:eØÏDµüÈ;¡¬T§vjá&amp#11;/çº(&amp#0;d¹3MÃ$¸ý4&amp#22;²Os°^&amp#22;ÇêÉOÆß×}ð[qÒíµßBñ9ÿ&amp#2;PK&amp#3;&amp#4;
&amp#0;&amp#0;&amp#8;&amp#0;&amp#0;m¾J&amp#0;&amp#0;&amp#0;&amp#0;&amp#0;&amp#0;&amp#0;&amp#0;&amp#0;&amp#0;&amp#0;&amp#0;&amp#5;&amp#0;&amp#0;&amp#0;.mvn/PK&amp#3;&amp#4;
&amp#0;&amp#0;&amp#8;&amp#0;&amp#0;m¾J&amp#0;&amp#0;&amp#0;&amp#0;&amp#0;&amp#0;&amp#0;&amp#0;&amp#0;&amp#0;&amp#0;&amp#0;&amp#0;&amp#0;&amp#0;.mvn/wrapper/PK&amp#3;&amp#4;
&amp#0;&amp#0;&amp#8;&amp#0;&amp#0;m¾J&amp#0;&amp#0;&amp#0;&amp#0;&amp#0;&amp#0;&amp#0;&amp#0;&amp#0;&amp#0;&amp#0;&amp#0;&amp#4;&amp#0;&amp#0;&amp#0;src/PK&amp#3;&amp#4;
&amp#0;&amp#0;&amp#8;&amp#0;&amp#0;m¾J&amp#0;&amp#0;&amp#0;&amp#0;&amp#0;&amp#0;&amp#0;&amp#0;&amp#0;&amp#0;&amp#0;&amp#0;	&amp#0;&amp#0;&amp#0;src/main/PK&amp#3;&amp#4;
&amp#0;&amp#0;&amp#8;&amp#0;&amp#0;m¾J&amp#0;&amp#0;&amp#0;&amp#0;&amp#0;&amp#0;&amp#0;&amp#0;&amp#0;&amp#0;&amp#0;&amp#0;&amp#14;&amp#0;&amp#0;&amp#0;src/main/java/PK&amp#3;&amp#4;
&amp#0;&amp#0;&amp#8;&amp#0;&amp#0;m¾J&amp#0;&amp#0;&amp#0;&amp#0;&amp#0;&amp#0;&amp#0;&amp#0;&amp#0;&amp#0;&amp#0;&amp#0;&amp#17;&amp#0;&amp#0;&amp#0;src/main/java/io/PK&amp#3;&amp#4;
&amp#0;&amp#0;&amp#8;&amp#0;&amp#0;m¾J&amp#0;&amp#0;&amp#0;&amp#0;&amp#0;&amp#0;&amp#0;&amp#0;&amp#0;&amp#0;&amp#0;&amp#0;&amp#26;&amp#0;&amp#0;&amp#0;src/main/java/io/redspark/PK&amp#3;&amp#4;
&amp#0;&amp#0;&amp#8;&amp#0;&amp#0;m¾J&amp#0;&amp#0;&amp#0;&amp#0;&amp#0;&amp#0;&amp#0;&amp#0;&amp#0;&amp#0;&amp#0;&amp#0;&amp#31;&amp#0;&amp#0;&amp#0;src/main/java/io/redspark/demo/PK&amp#3;&amp#4;
&amp#0;&amp#0;&amp#8;&amp#0;&amp#0;m¾J&amp#0;&amp#0;&amp#0;&amp#0;&amp#0;&amp#0;&amp#0;&amp#0;&amp#0;&amp#0;&amp#0;&amp#0;&amp#19;&amp#0;&amp#0;&amp#0;src/main/resources/PK&amp#3;&amp#4;
&amp#0;&amp#0;&amp#8;&amp#0;&amp#0;m¾J&amp#0;&amp#0;&amp#0;&amp#0;&amp#0;&amp#0;&amp#0;&amp#0;&amp#0;&amp#0;&amp#0;&amp#0;	&amp#0;&amp#0;&amp#0;src/test/PK&amp#3;&amp#4;
&amp#0;&amp#0;&amp#8;&amp#0;&amp#0;m¾J&amp#0;&amp#0;&amp#0;&amp#0;&amp#0;&amp#0;&amp#0;&amp#0;&amp#0;&amp#0;&amp#0;&amp#0;&amp#14;&amp#0;&amp#0;&amp#0;src/test/java/PK&amp#3;&amp#4;
&amp#0;&amp#0;&amp#8;&amp#0;&amp#0;m¾J&amp#0;&amp#0;&amp#0;&amp#0;&amp#0;&amp#0;&amp#0;&amp#0;&amp#0;&amp#0;&amp#0;&amp#0;&amp#17;&amp#0;&amp#0;&amp#0;src/test/java/io/PK&amp#3;&amp#4;
&amp#0;&amp#0;&amp#8;&amp#0;&amp#0;m¾J&amp#0;&amp#0;&amp#0;&amp#0;&amp#0;&amp#0;&amp#0;&amp#0;&amp#0;&amp#0;&amp#0;&amp#0;&amp#26;&amp#0;&amp#0;&amp#0;src/test/java/io/redspark/PK&amp#3;&amp#4;
&amp#0;&amp#0;&amp#8;&amp#0;&amp#0;m¾J&amp#0;&amp#0;&amp#0;&amp#0;&amp#0;&amp#0;&amp#0;&amp#0;&amp#0;&amp#0;&amp#0;&amp#0;&amp#31;&amp#0;&amp#0;&amp#0;src/test/java/io/redspark/demo/PK&amp#3;&amp#4;
&amp#0;&amp#0;&amp#8;&amp#8;&amp#0;m¾JÊÅÝj¨&amp#0;&amp#0;&amp#0;ù&amp#0;&amp#0;&amp#0;
&amp#0;&amp#20;&amp#0;.gitignore&amp#1;&amp#0;&amp#16;&amp#0;ù&amp#0;&amp#0;&amp#0;&amp#0;&amp#0;&amp#0;&amp#0;¨&amp#0;&amp#0;&amp#0;&amp#0;&amp#0;&amp#0;&amp#0;-N;&amp#14;Â0&amp#12;Ý}¢nHMÎ&amp#0;¡&amp#12;,eGncJPFiÅíI,ï#ÛÏOG&amp#18;&amp#7;5-^¯!&amp#16;ë	&amp#23;òMqê&amp#12;P×uÕ=º*1(&amp#12;ò&amp#28;É&amp#19;£&amp#1;581 ¼A½pÙ&amp#4;?4&amp#8;¨H"Ö1©ÀI	}Ì­&amp#23;rÎÞªör=åtk&amp#8;á¨ì&amp#26;7Ü¡T¸ìÇû¦ïË&amp#7;RÔECÿµÎè4)ÂØ(Í¬|ßÆþ&amp#3;PK&amp#3;&amp#4;
&amp#0;&amp#0;&amp#8;&amp#8;&amp#0;m¾JG&amp#18;&amp#23;ê&amp#0;&amp#0;ú¹&amp#0;&amp#0;&amp#30;&amp#0;&amp#20;&amp#0;.mvn/wrapper/maven-wrapper.jar&amp#1;&amp#0;&amp#16;&amp#0;ú¹&amp#0;&amp#0;&amp#0;&amp#0;&amp#0;&amp#0;ê&amp#0;&amp#0;&amp#0;&amp#0;&amp#0;&amp#0;»&amp#3;.Ë² Ü»mÛ¶mÛ¶¾¶mî¶mÛ¶»wÛ¶¹ÛvïÖóæÎÌûß¬ÿ¬w§ÖÊU&amp#25;U&amp#21;Q&amp#25;QLE&amp#25;&amp#16;PT HHH   " ÿ|@ýÕäÄTè¤äÅ&amp#25;@&amp#20;e þ~&amp#6;&amp#8;ø_·&amp#21;ÿ&amp#17;Qÿ3¢¼¸*½xJ&amp#16;ô&amp#0;#¢ØKÀ&amp#22;&amp#17;¤Egâuu&amp#21;t ¡#QÆÁ&amp#28;;Ô¢æÝs+&amp#26;ÚùÄöí÷-þ·!/;#©'86ã«°E£úSC&amp#16;¾&amp#15;³%´iLEð£&amp#25;(Ã&amp#17;è&amp#31;Ï?Ì)4Óë©h&amp#18;ùöÅ&amp#7;.îÃZôã÷L¾"{<bõkù2WzZ&amp#29;ÂãÍ¡ñMx&amp#1;R{è^=&÷ê=Åò×z<uÛåÎ=Ïµ«&amp#14;Ï 3Ú&amp#14;\ö&amp#23;&amp#27;4?þQÿÌ¨-ÀÍÔîß&amp#19;ÖÿniOï&amp#2;°&amp#6;8Yþ[(þÐÀtîN&amp#0;&amp#7;&amp#7;S§,Û¬½-½ý_]&amp#23;KSg&amp#26;&amp#25;:ê©Ù&¶9&amp#5;#i	&amp#6;º[Ùé©U&amp#26;©)yÚ#iZêqY&amp#25;Yú&amp#31;ÐÇä©%Çg©&amp#24;dè¨Åè?þcp&amp#26;ú¸Ü½ë&amp#31;&amp#7;&amp#7;úW³w2ÿ·&amp#24;ù&amp#23;&amp#14;À&amp#1;`laúo¡"ýQÿß>öÿEà¿óU~ü&amp#23;B,ÿDHØÞÞÅÙå/@&amp#14;`i§â&amp#2;pr1u¢7¶&amp#1;8;§¨»¡H ö¢&amp#23;f&amp#31;&amp#25;&amp#24;ýJpuü&amp#17;Þ&amp#31;@Hc&amp#28;$&amp#14;KWaÓÐrØÀB&amp#17;ï©ÿÛ$C­&amp#21;@ò&amp#30;Ò8&amp#27;wÄØmÕb#ê,ß|Zé¥æºÛUw]µçÿýúKê#ß&amp#16;g°ÞÁÂKl&amp#22;£C}%­½¯þI:dsl&amp#18;96¿?Ø.E¸¬í&amp#21;ëö\¦S}a&amp#26;ìÊË.á&amp#4;Lä6&amp#27;m&amp#20;Ý¡0Åü:Z&amp#3;0&amp#24;vE&amp#12;É|9IWê¼Õ[q"MØpïe©Þ&amp#6;Çõ&amp#28;í§Ä&amp#11;N÷Ð&amp#23;(Í&amp#4;»nÊ7i#ÊAb3¨+¹L&amp#23;Z¢Ç$ÍKv&amp#8;c ?ó&amp#16;ÉH»¨&amp#8;Xkk0÷%ý¤îtø9Ç1%,^&amp#26;ï+×åuh[^#&amp#2;&amp#22;	ßI&amp#4;sµâbÖ]Ì#?²&amp#0;Ã&amp#28;±kõ`&amp#25;6__&amp#6;x6TÅ&amp#21;&amp#30;ºXqÉ¼Çé^r/Q&amp#1;ðF&amp#25;CÿÑ_ =&amp#12;n£k²Ô	m&amp#29;fÊ'ìkéï¢âG&amp#11;Â$¾Ñªæ&amp#12;LË:Æ,k¶¥·S&amp#14;!ç°/VéC&amp#26;&amp#17;ÊNfÆ&amp#4;H²Æ!M KF¬3Êï7&amp#7;bh/¹5Y8÷ä&amp#31;e&amp#3;Ö2ê6ûì&amp#29;t&amp#14;*uTÍTÅ OÂ«&amp#7;ÛM¡{iµ!]GÛ¢A&amp#19;&amp#31;¥&amp#21;&amp#2;éÏÕ(´¨îL­î¶A&éÑ²MÆQÄ&amp#27;&amp#11;&amp#16;¥Þ&amp#2;#£ÚE#(Ò£&&amp#28;x{µ²³&amp#18;3 ÷MËiÞMæ©©bi¨õûÕKf&amp#26;¤ÕúË\lÊ®&amp#2;B&amp#29;á°ÀêZMêüR©É&amp#25;Çë&amp#18;LuTBöeÃ~}ñ¨Î¢&amp#14; ¾YÈï0¤KYq.MÔ9µS9D&amp#21;ÔÕ¸ps&amp#22;&amp#14;ínæË²Õ&amp#18;Ê4o:&amp#21;&amp#27;ÆF¶T9BÔUxàÙ/qöÍ&amp#19;;ê
:Ø©&amp#28;gAmøôjd©K&amp#16;&amp#26;âyqèÔ()&amp#1;m&amp#3;&amp#6;u&amp#27;¯UNlfÿ­&amp#31;,²±gwÚ1Ä&amp#27;¶vQ·K&amp#19;&amp#27;®-g²Æóí'ø@èI°èl	Pa¬1ò©]o'Chø®Kê¿¬X&amp#2;8ç¼âêT±Ýß¾ÜÖA1NgçÉèÑÔ&amp#26;!&amp#26;Åa%$Õ3=jS*t;
&amp#15;l+üCf\&amp#25;&amp#30;&amp#16;wJÚÏ[8·Hûö~õ&amp#28;&amp#21;Ê£½òó«Þ
Yÿh?©= ñ4ÕS¬I&amp#28;­WóÔè'¹¯gbÒc&amp#11;Q:¾&amp#21;ÌcÓYV&2Ó&V/dÄG&amp#17;ÃÏ?A¶Þn°Æ(3&amp#14;=Ó&amp#25;ZbwRBº&amp#16;¸~¤0-Ï«z&amp#5;6Ht;¦Ë:°Zèqñ&amp#2;ã&amp#29;Zm\è]&amp#15;ÌðÉ=ó&amp#20;ÞÇª²:yCsG¼zl$ÿí[6&amp#7;ñö &amp#20;·ãüu¡Üt	&amp#28;\&amp#29;ÉK6Ç&amp#22;rã&amp#20;»«!¨×Ê÷G&amp#11;O&amp#5;&amp#25;1GÍ¯@Ì³4¦[°$§¹¡&amp#5;Ú;yÞáÊ7O¡Ö®&amp#3;Üì&amp#25;Ü'&amp#27;lÝAÒ7vnÜ&amp#31;kN'	ýÊý&amp#15;&amp#11;Bf~ÕÁßlÅö&amp#18;µ&amp#2;ýûG#Ôf¼*¬&amp#25;då<Z&amp#6;Gôë×1àEBâà&amp#6;+&amp#28;&amp#28;ö&amp#2;n\ãù&amp#18;T¬ñs§&amp#5;·^á¹;úç/DâuûJ^â&amp#24;CÛ&amp#3;PÆ&amp#8;È¼.d­laÛEëV¨<DMíñé=!`(Ï&amp#8;'&amp#24;ËOH©h&amp#15;øKöPgP3)êÈiµÕî&amp#22;Ôó¼£[Ç&amp#5;ôgüíã7Iy0&amp#27;ô&amp#26;y°=¼6npÞÁæ-òÍM&amp#2;&amp#26;q=ËB_üOW%øW&amp#22;¿åõåî&amp#1;Øï¥H~X¿Ú &amp#25;|6øÙA¡1Ê&amp#22;'IÎíÃ+£ëz1i&amp#0;¹zY¦¡&amp#22;µtÝÖÈÄíó`½ûÿøÛD/¬}&amp#8;&amp#1;&amp#1;&amp#25;BÿVù'&amp#19;-jj&amp#6;pµq&amp#17;µw·³±&amp#7;:ªx:»Ú*þo÷ùWÏÃSÈÕÅÂÔÎÅÒ&amp#24;àbÿ/&amp#19;^¬g,&amp#26;º&amp#11;Ò,Ó¶¦¬Zï×ò<©§ªÞÃÜÒ&amp#28;£Xª¡	f&amp#22;1&amp#11;#þ¶·)&amp#16;øE`ýCÕJj#Ê®ÑÙì8ÛsÅÙìå¤Î^&amp#0;·_&amp#5;&amp#2;jÀºBûÇE£x&amp#22;&amp#4;ÛØFõæoêµc&amp#2;MÍF&amp#6;âñL]ÛK8£i.iì6xO&amp#27;¯<ð\;çAðEe.I¤{u$&amp#24;ÐÕ~*&amp#2;À³'¥ðg`üã&amp#7;7ZÜ5qD&amp#7;¬&amp#25;£fuH`ß+|×(<üØ²Ik©0&amp#15;¾B©&amp#11;O4&amp#20;O&amp#24;&amp#3;JªîM#çµÌröm2â
_ß³»ÁbÐ&amp#4;|*$ÍhcJýÜJ§Î¹vø&amp#11;&amp#6;}mÑ&amp#30;¡Â&amp#24;¼ls &amp#19;8G½lz&amp#5;É&amp#31;É*¹!K´Hõu&amp#1;&amp#17;:çàoåÏ&amp#31;Òð?ØÏ"S&amp#12;Èx³=
PéWê÷?YßæÒúÉ[a;RÙUÐJÒ&amp#20;<¿ÅÐsk:&amp#20;(eÇ}&amp#20;[V&amp#15;kÜÇÁ/è!AÝ&amp#21;Uú`¯l'òæ©µ&amp#8;S&amp#16;uÕH-xÝnÓ&amp#21;»9&amp#17;&amp#0;W>ÄÕØ¹¤I¢&amp#3;~ féJÕ&amp#21;f£þL9Á&amp#21;è¡v&amp#3;Ý,E@ÆuY&amp#3;Àè£Q4f+ w&amp#19;¶gË;Ð¹³¸¿º÷&amp#29;ì0]û)ÈË¡;iÑèâNÚbga6ñ¦Ï$bö"]$&amp#27;Þ¤n&amp#11;&amp#26;~1_Ûÿ­Pñ¦&amp#16;Å
&amp#14; ÿ¤ÿ&amp#30;þ¯8ÁÒ&amp#27;g&amp#25;Ío4µh\´!e(&amp#22;Ø6(¢»²&amp#0;&amp#12;+y(6&amp#7;&amp#18;w=¥>ÈÈ&amp#2;SÆØ;õp*ºq.$UXC&amp#26;¦¤Ù¥`®&amp#4;Lð&amp#8;&amp#21;Ç¢ïÈscw¾î&amp#19;Æv'ñ÷]bYEZ&amp#6;ÏI®wêK÷ÉÎ{¿ÿ-ÒÏÁ×¬ht(¾V¼&amp#5;§ÀÊS&amp#12;8&amp#26;×ñy&amp#12;&amp#12;8
×ôÅ*Ó`ßqêM¯q&amp#7;`ÒæUóF»é2r³Y&amp#28;1&amp#5;qÑí¶Ö&amp#5;]z"ö,Î&amp#12;éÙìÌ	~b¡	É5~#Ú2fýZì&amp#26;A·¾`ÛA&amp#21;cã¢&amp#14;ç·©u¥Hø&amp#22;©5!oÓ¦rïR[Ó§H""þ^t&amp#29;gYk¿ð&amp#27;Íûí>Rá¸ltïÕÁ"ãÓÖì2edÁâ&amp#5;h]¬Í¶à&amp#21;&amp#23;&amp#23;Tdn6&amp#27;	Ùhdl7ÂR'°P&amp#28;±ÍLªX¦³µ´:Ü:/Ðßl&amp#0;èÃRSª&amp#20;­AOÕ<ºwª5±&amp#30;Þ&amp#26;ÒW;HÀ3éS¾Ï&amp#5;XªSâ^Ü6ÎzJ]Ð¢&amp#3;|ÜdGC½ù{ÝÙr&amp#11;Î`R@.&amp#7;¯¸tÒ&amp#14;&amp#26;&amp#20;D&amp#27;Pw¤x\ðb&amp#27;Á&k&amp#26;@é¾ÝÐYñö)
çÌ&amp#24;Ùw\·ý {U&amp#5;qÈ 3?YÁàì&amp#8;s÷&amp#18;7&amp#30;ÜËÁ"²êê-6½æ"8vV²¯&amp#23;e8,ò3&amp#24;jS&amp#6;x,&amp#15;Y*&amp#22;^.+:&amp#24;.&amp#4;é¥î`3W&amp#17;qL&amp#17;ó!]»þ`&amp#16;¡=Ééân^yÈ9&amp#19;Ü(ÓÔ5&amp#18;Ú&amp#18;&amp#30;8E³ÖÉ×·ð[p¨Ò®ôïÄ³öÀ&amp#6;
¶ì&amp#1;ß%i&amp#18;cÏPã3S¨F}j®P&amp#25;ó§&amp#4;&amp#6;²Á'Ù*¡5q&amp#5;-ÙtÍéü&amp#6;ÙÁø$ÄçË-&amp#15;Â_&amp#30;9Ï&amp#30;)qÌ&amp#23;&amp#28;\íf&amp#28;¢&amp#23;Duª½L²&amp#11;4L&amp#16;&amp#7;ù&amp#12;úµÐT<d&amp#29;Ê&amp#8;&amp#11;ø:|Ð<§Â×G×ë¬@zWNî£/D&amp#8;VóS=&amp#19;uÑÝ©¢ºrò^wà¸ª§á ld°a§&amp#26;:Ö7­´^`çcFO´H¡º&amp#18;u&amp#3;Á&amp#26;E-Þ­¨gh&amp#15;+&amp#8;&amp#1;«oóB<|ñõ\Â)jZ¶ÆK+õá0°ÙGcÓ¢&amp#29;î`kHéÐßã×qNåVíá2Åz¦Ý]Y0äXççÀ`[&amp#12;Å?Ð&amp#12;~¥ø8¦,\´°ú`ÍÖßG	ÊèØ2&amp#4;U½fFGL©&amp#15;ÏßâæÅÈÄ%ì89q&!Uõ&amp#6;Ø¿ýr$$Û&amp#29;qosúus&amp#23;ïw'&amp#19;&amp#4;ýàÛÅp&amp#28;÷Ó5YóÒ&amp#26;D&amp#24;&amp#2;Ç§Oµ]Edê½l+sÎ¢{Þ&amp#4;EÖ¥ÔC´&amp#6;ÖqÀÉ´Î>ÐtM!û&amp#26;sËyÊ
X1[;kT«9ú&amp#8;vs&amp#8;ËÃÀã6Ò&amp#16;[mDF yEÛTÑÄÝ&amp#11;ÕjÄ&amp#3;ë³¬Ï&amp#0;þÆTuH±¾HÈ¼¥ËlÝþ&amp#17;%Q&amp#25;(&amp#16;&amp#31;úa!ÿUÁ_Á3&amp#12;&amp#6;æ\êñK&amp#14;Ïá&amp#2;¡]äËÀÝ°ü&amp#0;{'éîúÏáH]Sèc&amp#14;Ôôº¼&amp#24;&amp#5;&amp#26;þZ 4Ë&amp#15;¥O³åýÁW&amp#15;TV&amp#4;75JÙw(&amp#5;{ù:¹m&amp#16;6?×ð;Eì·yÍZn±¢Þ&amp#4;7&amp#27;nkð`!£L@NNBãu'øËXí·/ð>½&amp#29;tÍ&amp#7;&amp#2;IpO|&amp#3;®i_K|w&amp#3;Ým&amp#17;½&amp#29;&amp#6;îèðvàãÉÆÜy¶&amp#1;·«&amp#7;ÁÀL.Ù×¾Â®ëåþêuoÂíúùY>&amp#21;&_ÖÅÙaWÒ÷É8W}ù{&amp#1;&amp#0;¿ge;ÎÃ ¸ÛðMg@=qkôu`sð&amp#14;&amp#14;¦æ&amp#3;Æ-¾&amp#25;öËÂ¹¶¯Þ`èïRoÞ!b&amp#31;¸ï&amp#5;øjDJ/&amp#27;ï-¶ðê«_yh&amp#2;&amp#11;_¯&amp#12;æfú&amp#28;a&amp#2;0åcr#&amp#4;&amp#8;+;Ê¹(8Âû&amp#12;Ï&amp#29;äÈg°¼­&amp#27;ýg&amp#18;{J#±iK{[èâÙ&amp#24;ó}©,Úéç&amp#20;ò&amp#25;J&amp#2;v®dX¸&amp#29;&amp#19;&amp#29;ðÝ[°nP&amp#6;ä²aÉàUØzr32j&amp#29;ñrÁu,&amp#29;B%Þ9=gÊ)MñI×íAµÇ&amp#6;&amp#6;V¿°å6^Í>MpÅþEÈ{&amp#17;ýÇÉÆ|ÊJð5&amp#12;[w:änp"äê­ò·ÜØ'[wâ&amp#28;ïÓ&amp#17;[Êì½;ZE¯lìu:&amp#11;ÅXÒV?³Û>iâÐ>ã<°&amp#15;>1ó çô:m&amp#30;&amp#7;lG"Ä&amp#19;pÜ$L2ï È&amp#19;ì!Xv¿L¶/ù&amp#29;ÊÔ+o&amp#0;&amp#7;Ô}&amp#27;Ü=ÙDçOèY?ÙzêÆ%Z1)flü{w÷"ê5Qø&amp#6;ÃqI&amp#28;Z&amp#17;,2:ÒÝü£W_wÀãzý#!Y8òæ¦^ãöO¢Å&amp#1;à¾¯`»J×&amp#5;#&amp#22;é[&amp#30;Aêj^R[&amp#15;}&amp#22;2H|K&amp#15;üm×¯&amp#12;ã§w&amp#6;&amp#15;&amp#25;1ß©³._<wÐ£þ&amp#12;ú	¯&amp#4;Ã2±}Û¥>á+Â4&amp#26;®G0&amp#5;;>DÙ'0	¢¤&amp#6;ñ(N½ù¿al&amp#19;üøÇ&amp#18;>àº&amp#31;äpõ\Ã\tM°ÉZ&amp#27;&amp#2;ø`-&amp#8;&amp#29;ã_&amp#6;&amp#31;&amp#1;lçõ!wV~&amp#26;v$K2~&amp#26;­M&amp#28;&amp#31;ò"ß&amp#3;Já&amp#27; ,â%.LÂK³ò:wDVýa~¸&amp#4;ûÆáA
&amp#7;x:&amp#3;&amp#6;&amp#5;_&amp#24;;óVk{&amp#8;  &amp#31;ðÿäÌ©þÑÿ&amp#23;/.&amp#22;Û&amp#15;ß/&amp#24;ú]&amp#24;ï&amp#1;&amp#4;AÏ>ÓC I&amp#26;ünEÑ\±m¦v±Ëû3&amp#12;Y'XÅÿËüûÐ³&amp#11;$=ÿªP&amp#24;ÓÂ&amp#25;9¥?aXê¸Z&amp#20;`Ù¤¢W.:&amp#25;&amp#31;&amp#3;&amp#19;6&amp#23;cJ/F¼,TýÌ&amp#4;Uä$ìßîó&amp#30;ÉÒ Çð&amp#17;&amp#23;Ù.&amp#1;õ^×¥&amp#7;"ß$YÕ&amp#20;E^ðòýâLÛ2âà)vúA&amp#18;-Ó)O¨ª¾.Ê¶TãVãti³ö|©/t&amp#1;ö·&amp#24;&amp#29;_ëÿbòð&amp#31;Pþ&amp#24;¤ì]&amp#0;66ÿK
9P&amp#30;ª«®_q¬&amp#11;81øY&?&amp#26;c°Aa§d0Iâ!&amp#27;ÉHHµ  ¦Q°Y29r=&amp#16;[&amp#15;×F&amp#26;ð(î2;&amp#21;Û¨¤Â&amp#19;×¤&amp#2;6HÂmÊl7]&amp#15;®ÏrÁËì2í*ºÊ,qîó8ªÐ/&amp#21;òv¶Üo:N²½S¿³ßw>îÒvêÕù&amp#1;ùõS±xV¢ Aê{áh1`J4+sè&amp#17;<&amp#1;&amp#14;kX·Ç»(È&amp#22;&amp#16;ÄaØnxÝ£Ø. )t5<Þ&amp#27;/¸&amp#22;&amp#23;;M]¶:³¹­z9&amp#16;/¨É-'§]9NåRæ]5¼$òöÙõÝûªâÚ¨î&amp#7;Àösø1ÁWË~ZËÚ&amp#11;¢ê²&amp#29;â 3&amp#14;Î¼v1¸Åç7&amp#23;&amp#19;eG+&amp#7;Ó&amp#5;cëÄ§¨²îõ¨NÔzgÝx,Þ&amp#20;ÃQè)«õuB &amp#8;¤]Ç#¸&amp#2;=¯
Â30¹,AÇ&amp#4;§Í&amp#17;À&amp#7;z&amp#2;4%w&amp#23;ðÍ9EQèúºÑµÒîlzûÓÑ&amp#28;ªÑ7Ô&amp#28;.&amp#20;¸&amp#12;&amp#12;ÎÓz± ñ¤åÇbYk¤ß&amp#24;L8.!CèLW½\æ"Ïµ·~&amp#26;(æ>Ø»jÚí&amp#11;}z'&amp#21;BÓX¤&amp#22;&amp#8;C pOçWÉ_ 5dænÛÊQ&amp#23;l&amp#12;Q/90¡ÚÃÇ&amp#28;Ð­Ç&amp#23;D¼PKåDxed&amp#17;E(¦ò³&amp#26;Ö&amp#4;°&amp#5;¢i&amp#28;KªÙäìÝz·í¤Ü&amp#25;\wr}Oñî{Ù°Ö&amp#11;9,¾ÿ&amp#6;&amp#24;¡Ø&amp#21;ZÌô&amp#20;ÿaMÄû3&amp#23;>~ªÅâ¿3DgÕntQ~\¼meTÕ%â¦&amp#23;æ<ó}äæ&amp#17;w7&amp#21;2$¢³fXÆ&amp#18;Öî&amp#2;6Z1¤ú((&amp#16;Ç1+ 
(IÅgc|/<p¸»¦Ó&amp#27;mz¢&amp#17;+'Ó¹+ÝzeUãÉË1,ßÂ&amp#21;Ñ9¹}s&amp#8;ÿñvÎj&amp#27;r°Ü¯U¥t!Ìõ÷SF»ÂëåRa¦a&amp#29;5&amp#19;a{Wå¹ÔÙsÃ.ß&amp#28;´N¬Z`ã a¥åÈA,&amp#17;"öµ[`^Âï&amp#29;13x-í&amp#4;r&amp#6;&amp#11;&$lÔ&amp#3;¾°§ò&amp#2;Kîj*g
Þh$}Ù&amp#21;&amp#5;4SâÂRöBn´ØdbèÔhoÏkªÃÂF&amp#27;&amp#11;ç&amp#21;üËT&amp#15;¤²¸ý¶S&W`0¥ZêMþ|#²¸átY¡&amp#20;tDâ¥{~(&amp#8;{AG(ÇØ';&amp#2;9
ç)]&amp#3;pWÅVÔÃa·õ&amp#1;aT*&amp#26;²¼ô,Âw+	å,¥.q¯ø$ßñÆH&amp#8;6©Å!Ëo¸&amp#11;&amp#15;G@sYo*¹$î&amp#2;ý¸Ïe&amp#21;rG»="é-ç-  Df6&amp#26;ú2/°Pf­$©+Ù	¢7÷©&amp#28;Ê¡r9î ØL¥¨&amp#23;,@Õ~¡&amp#8;Üàq"Þ&amp#20;«2È#y&amp#17;
Ïß¿&amp#28;&amp#31;ºÛôÝ¿¡ä1°Ä!KÇ;ï/QÎvÌý*&amp#3;Õ8©çAr&amp#20;&Qoõð¸Ãê&amp#15;AñgµþJQ»KùÊ·&amp#29;þDÚ¼CØ@¢@|&amp#5;Ih¸&amp#12;&amp#16;Q÷ié{²HfPW|Â&amp#22;&amp#11;ô»°0{[=mÒÞ?n"&amp#31;¹ã*]ÇÃkåM¼&amp#6;Ñd+«à÷&amp#31;&amp#31;|%fI&amp#28;Q_²Ì&amp#26;Ö±j6`r&amp#4;7&amp#7;:L]ôZÂåÔÞèª^¤Ä_Ýà}©üiÀv&amp#7;­_òvX`ªsºÑxÙÝ¿à&amp#22;¹Ûêô©&amp#21;/n°

wÓÈüq¯v&amp#17;$r,/ç*&amp#15;Zâ¸.s
}f§MÆÛ3&amp#1;½ëBæ&amp#6;håÉ¿1ÁV~ËN°H],u&amp#8;ì<eòçÖ&amp#19;&amp#16;Ò3àlÂ2ãæúnÆË*Þ&amp#21;'Û.&amp#16;Iø&amp#20;à3=û³&amp#12;k&amp#19;îÃ&amp#14;¼J¯ðX±4¿;Y,Lñ.ì$R	qIÏî¨&amp#6;;}Ôgr(:9ô.cl.ü&amp#5;Å?¶oO	¤¯Y8K
³sE&amp#31;ûmýnu¢&amp#20;õÆ¸{½È~!&amp#29;B$!4&amp#4;	d×TýHÓeøR&amp#6;_Aah&amp#14;&amp#22;>nM¡W"#ÝFq»×þà&amp#6;íðåª&amp#21;ØTÔ»LðÚö£(u×_ù&amp#22;/½ç 7 ý&amp#21;£[fÅ&ËØîàøÄV&amp#27;B{÷&amp#0;ü+&amp#7;=³Áâ@.f^pl&amp#29; 2ÿ]êÞE&amp#23;ö<nçÏ¶ãg$_´ûë[±&º¤,4´:&amp#29;mËÖRõ¶¯[Ëtex^´sª4U-íãÎX×hê~É&amp#19;ôrô>³»&amp#27;&amp#12;O¸9ô¶·­ÝK&amp#29;¹e&amp#20;a¸HT&amp#12;6&amp#7;WIºú SÅÈ*,*VJ<CÃÇÅM­z@	ªa júø%¸Ze½BøA6ãæYM¹¼&amp#20;må$É©ñ¨²Û¯ØV£5>½Q±Íâ}S&amp#8;&amp#1;&amp#12;ÞqÑ¨¤&amp#14;U7-i&amp#27;½ ^X&amp#26;qj°C\±i[>8È®!â&amp#27;VÂË4ÂÐVcz.²O&amp#14;Õ&amp#6;¥;8æMDägàw&amp#6;]&amp#8;&amp#27;£$¼ìÚ°¬Æ·á,¶mdkL¹"&amp#5;OÆ2&amp#28;ßd=&amp#27;+%c'Úbü@_fÍ©N&amp#31;&amp#3;£m&amp#22;ßÂë3§ÿ&amp#3;Ý)&amp#19;ätQN&amp#30;JÝ/-Ãü¼6Yo¥XNß&amp#19;§W;à:­´&amp#26;m§RúI&amp#24;©ÉRÕÜFÛÙ=·«BteR\Ý$ó&amp#0;&amp#21;zJ»Ô&amp#6;ÙÍ&amp#23;o{}&amp#22;Á³Êk1^\%ÓEÇ­oÂH¬ï·èÊ,ñ&amp#6;&amp#14;ë¼Ê^ÉVkæ&amp#2;ífó[&amp#20;hMHÆSg\&amp#3;ÞÂ.eMée<B{iL&amp#25;¢9ºÑ/&amp#4;øÅ¾K³M-¨`½îø&amp#22;$&amp#5;ØÊ.¸3Ò¶-®µ$¶bT&amp#5;îbþÛêX·¬&amp#5;:ïö&amp#4;&amp#14;®+°pvÎÅ&amp#21;I£!é´&amp#27;å³&amp#20;&amp#30;¸³¬&amp#1;®¸_É~WJ2-&amp#18;¶p:$&cà÷O&amp#22;%õLyÃmó©&amp#19;Û×®æGõ+JËW	ràëfGÞ¤y"@æ&amp#22;Áú<|3îdÙ´&amp#17;DaÌOdz[÷&amp#26;¾Ì¤züP&amp#19;|Ð?ÃIµ¸Þ\èe#£Óô&amp#5;á6æ&amp#27;¨ »½Ü\zpYZnzJ`&amp#31;Ö\Ý×hl%Vñc© >]TY1[Ùa¶å7QY]ÐõF,]®&amp#26;dë&amp#26;-Jñ&amp#22;?å&amp#18;:ýia&amp#16;Xè®&amp#16;&Â`=ãÝãÖ9~&amp#19;y¦Û&amp#27;w&amp#31;+<ýjmeÏ&amp#12;ód%È$ñÌÂO&amp#26;õ&amp#4;&amp#18;s¾þ«fÛ9¨&amp#4;&amp#5;V7^8ÊPìªÐª&amp#25;&amp#3;â>åÎÞH	&amp#1;Èa&amp#27;´åÃi&amp#29;Ó¿ëÙ´4&amp#18;´&amp#17;O}9ü¤+dçgÁ&amp#22;ÕM-AÜó'Tâ&amp#8;²&amp#7;»-íÛqÔ-Ý½~½ø½¡;uèÌ¿ûGªèýxYÖPHîªª½²ôZ÷ÂNÿÒîá¶#s&amp#22;<Ù&amp#16;®­¶&amp#4;òWÞFh#Ü^¬jt;	ê¯»&amp#22;ÍÝ&amp#11;ÎýMe4MÀÈ¼YCOx>Õ[&amp#3;&amp#18;Wâ
Ó4cóç#&amp#19;¤v6´ô[&amp#22;´\&amp#17;&amp#11;&amp#19;&amp#7;¤vü&amp#17;&amp#1;R¬Ï&amp#23;&amp#30;¤ÛýÏ&amp#15;¯¿@¹':&amp#19;×rDo@ÿàô¤ì>?å&amp#12;þ £nj×M&amp#27;"ª%wD&amp#0;ÓUÓ8ë&amp#1;Ê&amp#18;¿§(mW´ÀéaKÙÚZÕT&amp#6;dj&amp#30;«¦ê&amp#2;&amp#21;ê/Ì;>ß&amp#28;jªhyý0&amp#16;1.b 99LV998K&§®Zà&amp#8;8ùüz&amp#2;JÁàË"â%,&amp#21;¥RlÚ÷+Ì*»¯NÂ©HN=l8sÙàÙröò¡ú?n&amp#17;åõCÃZ&amp#6;a&amp#15;&amp#6;¬r&amp#6;´·xé&amp#4;³6O6¢,áD)ÏÑX&amp#12;Ï'X&amp#30;xÅ}.&amp#4;ç¬8ëtI\\&amp#21;%ÕEÏ&amp#15;Æ«&amp#30;&amp#12;¤&amp#29;íÅ&amp#6;_&amp#5;7V7&amp#4;Ï#@c)m.´îÝ&amp#7;§í&amp#16;/Öÿ'|`&amp#25;m?}p&amp#26;ë&amp#30;¼¥PKÄsÆAû"\¡qâ&amp#24;(Äc@2éè­©,³&amp#15;hòê/cÃÞ5 &amp#18;Zt&amp#24;}¢H&amp#7;¾On¿ »^]ðòþ&amp#11;ØZü­ðÝ£ì´¨]'	½÷WìÞ&amp#25; /êÙ§Íì}wÊ¹âê¥,]¹&amp#27;Z&amp#31;¿A¸/ûÎ7ÇXéâ$*à¾2$ï&amp#7;¨êÃÙ&amp#23;&amp#14;ô¾r"sÜUUt&amp#21;×&amp#21;»Q
Emÿ&amp#31;þÚ?{&amp#15;ñ+nUQs:&amp#31;åõfvV;>ªºÒ©ßB@Ê&amp#7;·&amp#31;ùisnÈuÖ¬&amp#31;mç&amp#6;©¥öÎ;£:¬ò~@7HÖô·&amp#0;÷4ÝëÐ/°&amp#21;·}|U¡Üf/³VÒ½Ã7pSÜ¹ùß]¬­&amp#27;h>slæ6ö]]3&amp#24;|è½~&amp#21;Ì«I&amp#29;ä©½ÖQ4°¢&amp#12;|§LTêÎÅ&amp#30;ÖJ}Ôû#&amp#11;kl|&amp#31;²ù&amp#11;CãDQ´û&amp#11;wÇpRSÇ8QI&amp#24;´ñPøN&amp#1;gL&þ)¹QÃÒã©¥:¬geÓ]Òúf«¡O«*:îÐì×Êí&amp#4;Î&amp#27;°¤r÷&amp#29;;`ýy5JÌ&amp#31;fùhëù&amp#27;2x²&amp#1;ë·ø}Oô&amp#21;æÙÁ³&amp#0;ËPô&amp#1;ÖWo8Ó}'Âa6ßà)çè+çl×µGxÚTØ&amp#29;&amp#30;îì0&amp#19;½Ù§«R­ó§Zl	Då&Ç&amp#1;j¥n~êü`&amp#12;f*	×!g,xE"n&amp#31;&amp#1;IªÊ&&amp#18;y&amp#21;ç¡ésZ±Ä!e*vÅï&amp#29;çëòØ"à²Òy¼&amp#11;ß½§
&amp#1;&amp#6;¸£â­-}&amp#29;ú6Òß+³ùc&amp#15;NûùLO>þ&amp#27;&amp#2;g¹fH?¬Î
­]h%&amp#2;&amp#3;%d9Ç²Hþ&amp#28;ËD}ìTtx!:#z18&amp#0;W&amp#21;¦¡ð&amp#0;&amp#28;>èR±&amp#16;&amp#6;&amp#2;d2WûìÎG½ëµ4&amp#21;#¬8°ÒÊ2Ë!óz Y§k®ê¡&amp#7;Íá&amp#23;WÎ3ê&amp#22;~2zë&amp#3;9;ì&Ö&amp#5;C­cdP»¤MË&amp#3;SÆâí&amp#16;èy{¿&amp#14;ì¡½¹bJÓ?&amp#24;ÎÇ	Rg§u9ñz&amp#21;]A&amp#24;Õ}|Áîë&amp#23;à½<&amp#1;b^ùÜ¾&amp#29;Q&amp#18;Ò&amp#19;_½[Ì®ð:.¥&amp#11;E,&amp#1;RPÏ
&amp#19;ß¨PX¹ñÊ&amp#3;¨Ë&amp#14;Âb#Î!n98"eå&amp#27;e&amp#21;G#3æ&amp#21;Ï'õÀy'¾_&amp#22;oÄÜwdâ§â&amp#7;Xâ»Z«:Ê&amp#18;ãØÇH\&amp#7;Øâ&amp#18;EvÓ&amp#18;ÙtJØ#aLX$­^c&amp#29;&amp#26;×Iïªó;&amp#14;&amp#17;Îø«{j0¼&amp#30;ÓUPZ&amp#26;&amp#6;B1&amp#4;å5
&amp#19;$8|&amp#12;ú^iòþôT&amp#4;ãxÄ`vu%P&amp#3;3^Î&amp#1;¬ãvûlèI«&amp#15;¨µ&amp#19;Ôºd
&amp#19;&amp#18;z!U&amp#4;$eF´)q*ªí úüO&amp#14;e&amp#25;øhc,Ô
¹)'¯U»V+,¾¹a&amp#31;ÿ±®¥ç&amp#0;&amp#26;&amp#30;&amp#1;&amp#8;&amp#26;ÿrlÊ±åþ4þ'ð÷*4!|p~£}ûGä$¥L&:âRÀ#a¥Ibpbâ"&amp#28;x&amp#28; Éæ&amp#31;ÓæÙÉså\&amp#22;G¥ÚiwRlÀmÃÍIÓÓ&amp#7;Ó[&amp#21;zzßQ|ú»7¦®~®/lû¾ô¾ì¼øÿu:K ¸ö&amp#6;úÅß ÓO&amp#29; ½	mÅDÇZ&amp#3;Q´&amp#17;m&amp#7;jNG¾Xc&amp#24;çÃ}Îÿh&amp#1;&amp#16;&amp#17;ø5r¸&amp#17;&amp#30;m1¢ZoÿÑß&amp#8;F½¹Á£&amp#29;Ú&amp#21;6â¥-¾á=&amp#26;
±	1&amp#2;ÿòÔ&amp#12;óÚÙ´&amp#16;ÔÆ^	Z	34ò&amp#7;âÏMPñÑÎ	°Lñ­&amp#21;XoÑ(R&amp#23;n`&amp#28;Ü>l&amp#20;Çm«lö"n9ôs&amp#27;¼E>M;1?&amp#15;øPb&amp#0;&amp#7;Lum&amp#5;&amp#30;&amp#18;¥%&amp#27;&amp#11;&amp#24;¿&amp#21;õã­"1nÆ&amp#28;&amp#29;Â&amp#12;
ådú£&amp#17;K+eù&amp#20;á­êÖJ&amp#17;ue½áU²Ý&amp#14;yC£&amp#2;®fÇYKTXwùÈ&amp#27;tëIëNÅÚ¾Ì$Ó,ZÅ3#&amp#3;Ýßäª0]`+¸²ué<$øº1óNÊ1Ú Rà[é&amp#22;óØ&amp#11;&amp#30;\n&amp#23;j¬ù	&amp#30;¥ïÊ{ÝÄü©B{Äh%&amp#22;®ap=&amp#28;Hx«5D¶¼2+éDtÌZ·KX¯&amp#6;ì´11ÛüÁg&amp#23;NzÅÕ&amp#30;£D&amp#23;2%}0öU\&amp#26;ðàm&që&amp#0;'&amp#31;¿'38ô½|K"ÍtÅÞkH2×èªlÀy&amp#6;z¤¤[Ë9Õ&amp#3;ä,ÇY9&amp#6;¸}&amp#5;úÈzÇ&amp#30;ÝÐð:2J·Ñ[I T&amp#14;!J¦ZÅvÒÁ<£¸q"Oõ:¢ºV
ÕýzN7&amp#27;vMkÔJnÕTQmì¢dåòònÆD{6&amp#22;ìo¶f
¢&amp#6;g&amp#18;&amp#5;&amp#31;Fv!&amp#29;\AªÃK )ç¼ldgR:EüA&amp#3;j^&amp#28;mÝ§?Ì´õë&amp#11;+Áïå¢^ÔB&amp#23;Å!910&amp#19;\Ôs&amp#23;% +&amp#21;&amp#26;îPÔa¡9&amp#22;}DJ&amp#27;ãÁ&amp#2;¢&amp#24;BT&amp#0;jIÊÐîJW¹[E½OR´ñ&amp#12;Df¢å,IØ¨-£I|h);ÎßxJ::®ª]«ôàOóG¸Ý0&amp#30;üEø¨&amp#17;ó%]âîp£Pô²¹Ä&amp#31;6ïN2üÕ¢¡þÄR(+Ýã1n	»t²Çz&amp#21;!9Òâß&amp#23;Ý&amp#0;õ&amp#28;9=¯&amp#18;6:ºdómÇgªj]H&amp#2;#öa[þ±NF&amp#11;ëT:_þ&amp#16;&amp#25;R÷ÜÚ&amp#3;¬ö&amp#16;®2&amp#6;£ÛÁáD#Ksæ&amp#6;&amp#29;ñÒt&amp#8;y(êùl^Z&amp#6;£&amp#4;À&amp#20;&amp#5;&amp#17;&amp#17;&amp#24;ï6¦A²TV&amp#6;ØÊÖº|¢9Í	CÛpÿmrÁ:TY\u¾®.Ôlf&amp#6;&Ñºî&amp#2;Ý~ÿÕ¼xQ&&amp#19;Q&amp#27;b+&amp#28;K'ÎÌ¦CD`&amp#26;$+}&amp#21;¹]&amp#31;mL¶G×Q¿­GG¤Æ^®ù&amp#24;+ù Ê&amp#12;7~h¹X&amp#11;WËµ[·ö°õ­¶Ö&amp#5;1³ÛZû:aÕûV¸¡ÿ4sHQ»vÅã&amp#19;õõ/&amp#28;PéÌéB&amp#15;ÄÔåËò¬±ù]Ò´/r4û&amp#17;t`"&amp#12;ùÖïÛa/+&amp#23;*è&amp#17;¯x	h&amp#12;}&amp#14;&amp#19;àI&amp#28;-©-©)¹&amp#2;áö5ó> v&amp#25;Ái9&amp#14;é&amp#15;§¬9OGì&amp#20;ÓK_à®Ô&amp#29;RfÓ¥(½è@&amp#18;2>jÝ&amp#19;@çSáÝ&amp#8;¼ã®A·Á5åìÑåzÙ&amp#29;&amp#17;&amp#26;tã%.«&amp#12;&amp#21;õn±êÔ¸o!íxìN~,5îÕr¡èÝ&amp#5;&amp#7;+þjõ6~¶i[&amp#22;(&amp#27;éÁá+¨cÓ£¦(Ì&amp#25;&amp#30;Fþ^··®T&amp#19;Ã&amp#27;[&amp#1; &amp#12;w*0&amp#5;Í"ÆÂ&amp#29;;¯0x|8]Á¶tóèJ×"ì ZS}&amp#31;6¹àÏì>&amp#12;4ÿ¬º§&amp#20;ÁP&amp#17;½Ýý&amp#24;£&amp#5;y5"J­WBÄ¥&amp#14;õ7soå&amp#30;Mj¢Ò&amp#29;Ï6&amp#31;ËÆÆ¤%	Ü6<<Ê<Ç-Ø®v¾±î°û­&amp#30;yí_Wé3W¤ý&amp#21;&amp#12;­Ñ&amp#27;&amp#2;&amp#1;aE^ò&amp#4;Þð&amp#2;ñC&amp#5;6xÎõ&amp#4;­SZm9D:þÑyÔ¯R½Wòh&amp#2;:g4&amp#25;w0vzIðYw4h}#öh¢ÂQC0ðø0a©&amp#23;|¯9ÎUf¥Wys&amp#25;ÝJÇy&amp#2;¤"8¡×æ<Ç
'Áyt­þ¶&amp#2;¢¯#-í×»]&amp#20;½mJïA&amp#2;&amp#7;
¬&amp#18;oåâ½zJÁö£&amp#30;Ñ&amp#14;'õ*ôÐüõò{mèIQÜ©_Ã~µê&amp#18;+`µº1&amp#7;QÍò&È&amp#18;®&amp#8;Æ3ov¥eì&amp#28;õûÒÃ<7#´°º<»&amp#21;O
¯Ù4·dy":åá ONE&amp#31;ÿÞ&amp#21;&amp#17;.7JÑ¼2&amp#27;úï.¹ìþn{Æ?Þ`å}¹ºH×,ÈÓSºËt:D&amp#30;&amp#17;-â&amp#5;r»ÄÀWKÊ1	Ký­&amp#20;ÀËtÐ&amp#0;³m.Ðê&amp#1;à6/ê5gÏ&amp#25;&àÏ[&amp#26;6&amp#4;ð&amp#29; `ÿ8¼W=k{Ç]ïî¤±z+ÔEê&amp#1;ÑîåRË¦@&amp#8;/)&amp#8;ÇZå3bA`«1&amp#11;ôº·l&amp#21;¬nö­=Ë^&amp#27;ðAT»&amp#12;JeÐìÀ&amp#26;jB'ÒSBÉctt&amp#19;Ý EðBáQÝOë£¬&amp#6;Ðº&amp#26;ÉµY´ûêíµ*÷Ùtk|¨;³ÝTæßJ&amp#27;Ýû¡M¼v³h¤¹_4&amp#4;àp9¥°à¬±ÇÉ&amp#21;õÞs©N&amp#1;t 1^I&amp#27;8":½º73Úãvõõt&amp#26; Þs&amp#20;§k£&amp#27;	ë&amp#2;W&amp#23;&amp#4;¡1ÌËj&amp#28;Á?gPÑ~´G¯2óB¥©Cï¤ÝNÿ.zT¬5±èº8vpEèÛð:q&amp#14;H¬LüÛxj>èðÉ3&amp#24;&amp#3;!]%ò&amp#0;&amp#25;3#Bð$7M-lO¾#Ù/&amp#15;0Ã/&amp#19;Wñ°BVôr%ª&amp#1;akÖì&amp#2;bªàÂÖÔ&amp#15;|t%xyÐôn8tmº@È0çÊ}v>Rÿ£&amp#19;JÏå^ÅÙ&amp#21;äß<íÔ¼ÇåQ[Ô&amp#6;?;øÐ¡]Ç&amp#27;¥r&amp#14;&amp#22;ûÁ]%«¨nÔçß6ßá>{è¦o°¡¢74ùê¹<ßùG&amp#16;¹Næ &amp#6;á Æ9Ö¾T&amp#24;&amp#31;¡Sò&amp#26;rW]¸m÷ÇºRÛR&amp#16;&amp#7;ÏµK¡Jû^ÎÒ^ù­Kw¬R&amp#18;¬&amp#4;]AÎ¨eDÚ&amp#30;U·9üÅÀY¿à"zÏSl&amp#25;v_$¦~&amp#14;Ê¦6&amp#4;T*|s)^&ùvíþ@&amp#23;~&amp#26;~&amp#23;õ
÷­4Z&amp#24;3µöSJ¬&amp#20;éÛ[øMQ/D¢&amp#7;c&amp#2;ze&amp#23;¹©¸&amp#30;Këòö8mÂãÕc&amp#4;)ÊyÒ«2òîi'Ì&amp#5;f¸s+Ï7­ÜÇØË&amp#3;©'DëÐ®½Ìõèùür@?×&amp#7;@Üû}&amp#26;êÛ&amp#8;SË&amp#15;þ&amp#15;¾«1õ0V>Ü&amp#11;2ª?ÕÖPË@µ¤	èF-&amp#1;yþ&amp#7;&amp#6;>äO[]N&amp#11;ç&amp#31;RZ¹¿&amp#23;á&amp#5;ÄÇÛãþ&amp#4;ßD&amp#20;&amp#11;jì&amp#1;ªÓäS¢WS¾æ5&amp#23;õ0$¡Kju«å"]ù°2K¿&amp#4;¡víª©¹&amp#22;iêàÌ»¶ÒÐ&amp#2;Ëye4Ü&amp#16;&amp#11;ÜÊðq9¨gì=]1\Æ&amp#28;Míô&amp#16;ÞdÉì¢.Gä¦ðà0&amp#0;¸réù±R&amp#19;ò&amp#14;­òð²&amp#7;¥å¦Á9!&amp#16;í¨&amp#8;&amp#27;Cê1
<s&amp#25;&amp#12;ÜÁÒsêJÊÃF](M&amp#30;äfä|É7&amp#15;)ò®`øç 7*'CoEz&amp#29;"÷Çø 9k&amp#12;äà}r±H&amp#23;(kðQÃ¿f&amp#16;Íà&amp#22;Ù¯Ç &amp#28;&amp#3;²©Üþg9-&amp#14;­@$&amp#12;&amp#26;&amp#8;&amp#23;ãb\þq&amp#21;&amp#1;.&amp#22;BÎÎ¦¶F6¦N¤²öÆ&amp#0;&amp#27;QKg&amp#23;'K#W&amp#23;Kû¼1Êz
(J|Mt]&amp#26;­O &amp#2;B&amp#24;.¿§)&amp#16;c¤È3ù_6õ76mÜ³ºt>t2×Ò_÷&amp#16;ö$õ±&amp#2;Âz/§22XÌ¯Çss??!&amp#12;&amp#17;²ðq&amp#7;ªd_sz£Ã&amp#14;DKï&amp#16;èÄI*&amp#14;g&amp#11;O	:p[Q*Ú2µ$H%¨&amp#25;­â`RJð'	åE³Ã1ü­&amp#16;LÊ&amp#8;=ôðÿ&amp#7;ÿ.½ª¤õ+C~3ÛàVÎÜC÷M±ï!]Êz8cÙÜÖ¨ ÞAÞËä3DgÓ&amp#14;¾&amp#7;¬¤Èì©øÒ&amp#26;U&amp#4;"&amp#3;&amp#19; U#K?OºTòó¶w&amp#29;&amp#26;ÿ &amp#7;T(¿9òÚÈ|ªÕÃ&amp#18;5&amp#31;7&amp#7;«+D>&amp#14;\pÙ÷Ø1
p]&amp#31;|'>ÑsÔbëìsµn&amp#17;&amp#27;46\Á Îw3ò&amp#6;~&amp#19;ÉðË®:#à&amp#4;_½ÅVëó à\ÊE|#&amp#11;&amp#27;#&amp#23;4ÀB&amp#2;&amp#27;W^Ýªµ&amp#15;&amp#27;äÍ»sR:Wñ lÅ~&amp#25;mä&amp#16;Fç*(¾&amp#15;»B¸_Á³,ö&amp#14;1Ç*!¼´7ÚµXµÇ±ý2&amp#19;lÈPâÐF¸u¨Ds&·&amp#15;&amp#22;`Hëjålù
8&amp#19;&amp#30;(Â&amp#25;o©::&amp#0;o&amp#12;&amp#26;}~&amp#7;UàR§õÅ&amp#21;<ù[Mpíg¥º~&amp#0;&amp#1;¹üÐþ·Õä_%Gõ7&amp#23;$_kTZt`èôCêDº&amp#16;òfP&amp#8;zåI7ß&amp#0;GÆTtO¡&amp#29;57ð6Ë,|RÛwy&amp#25;¯Ý²EòD&amp#28;&amp#23;Ï¢^­ñD[QþR&amp#1;É÷íí·nÏ&amp#7;³ç÷ïî7öI¯&amp#26;@rÐònô&amp#21;hÍS¹ºK©.,+Ð`Ûò±Ö×Ây§Q&amp#15;Ûð¿Ê&amp#12;_\m¥dÙXÒp³újÍuÁlÏz3
æ«&amp#22;DP4ÂF&amp#23;D4(ÊÈ0Ð%ÎGjmÓ;ôÁx h&amp#23;&amp#29;Ù&amp#22;sæïÅøÂÕÁ&amp#16;l&amp#29;óW_ÖTD@TÔ4Ê¡Í]ö&amp#3;²Ý\¼×´,õ"5ÇaÄõÍ£SB-ÛOÐX%ºÌP_Á««ñYðÕï&amp#16;ÝXöÂ&amp#1;çEÃÃÛ¹&amp#11;é-ÌÚ~âMp&amp#29;uü&amp#29;0¡EÜ|~&amp#30;
.,Éµ&amp#25;ê§(]ìe]A¡"äÇQµ&amp#12;h»î &amp#27;&amp#20;³N³£ÈVr&amp#30;¯®Ößéi³#=D¸Â¤?ÝiN=óÓ©á÷&amp#24;a&amp#8;®*ÌÎí¼Åü¡c+9C&amp#15;¡ÝTYpñ%
³èº®&amp#3;lüâ");%£j&amp#24;´eþÌÑipàÅ¥¢Ì{»oJéqxÿj¥&amp#21;®§,Åáô0,½¹C&amp#20;T&amp#14;èlø5p&v3\&amp#4;¿£¼í7MØ3ÿ&amp#14;$PràëÑ&amp#23;Ø&amp#22;AÕ°a&amp#29;ÿÚY&amp#12;ì¡ÛÿU£þ)F·lÛ¿Xu`CÂ[&amp#24;8s8&amp#14;»¶4@ýgn^'±&amp#21;·«µ&amp#4;2Eß^7x&amp#17;3¹×hóÚ&amp#26;Ô&amp#28;r&amp#6;*
Ma&amp#31;ÄFhkJ9r³ÒA]{¸¼&amp#24;Ã¥fb&amp#18;&amp#17;&amp#25;&amp#19;&amp#3; &amp#24;¿íÑs`¾8ÊøÈ	z 7WÉÑrÐ&amp#24;@ûS&amp#11;¬ì{·&amp#20;fù&amp#24;t3&amp#12;Uwë&amp#25;×2YÄ·ÐáËZMèþGÜýqcZàºö.¸ÉÙÙNB&amp#0;b£$D~ÝdïÆ|¡&amp#1;´P§F»´¹&amp#2;õ0â*Úk&amp#28;Ïøa,$]&amp#17;RðªÓt#&amp#6;&amp#31;%¾½âemDtx¤[/ò¡VìÓã^&amp#5;".*Hþ&HnGydë>=Åbç¡&amp#5;×³¼».L»V&amp#2;ÕMS&amp#18;â¡sDß,Ç&amp#20; _B*õ²±êar/Êmú	&>®â¿_5*¤ú9X{uå&amp#23;&amp#5;×&amp#15;ÞQRC¢uû#åÒªb%<&amp#31;íaó!Ì
&amp#12;òÀPó=1J£&amp#1;¾¯üãWâ£zå¾ä&amp#31;Þ>§Q&amp#20;±E6t.&amp#25;&amp#22;/!+¼!&amp#12;4\ÜúÈ7¡æ­1`ªhL³SqÜY&amp#17;âà´;S¨w4°&amp#6;qã¦/&amp#19;«þV»²&amp#6;åwl	ÙO=:â~ÞIw/&amp#8;hîÝ&amp#4;ãDv&amp#22;ËØ I¢¨wqlÐS¸&amp#3;x&amp#3;bò];ßOÓÖð0ÙËöãGV¡ÊFß$h&amp#2;#
¨ÍÜÃo®É¶óª$fZz&amp#23;Ð%¿&amp#12;¤¹÷Ó¨ýÈ&amp#14;&amp#4;Áª&amp#21;&amp#22;wÃGÓ*ñXlO¬Ë&amp#18;â&amp#8;>Q+[ë*^A¾$&amp#3;&amp#31;Í£´wÖ]ô>5&amp#2;=¨iî=Æ°U¥±ü¡]&amp#31;ÆôÝt}³&amp#22;&amp#2;¯&amp#29;7²º&a!<¢LÊs"@&amp#29;ÓÐ&amp#6;#P§qJ]&amp#23;½&amp#16;º_<¡å´Åx&-ö,&amp#22;1¥%9Ùý&X¹&amp#4;%ëIZÖg£&amp#7;&amp#1;òAfø&amp#20;Yóð&amp#2;Ú&amp#30;&amp#24;{z(Ý&amp#8;¶í»ý&amp#4;³Bº&amp#16;oÑ&amp#16;L_7ûÛEÝÔÝM&amp#30;d_î&amp#5;hN·ÂHÖFS´q&amp#31;¨áwÔ\&amp#29;&amp#2;Rp!&amp#26;^q,ê¼×&amp#11;ñ3ÎG¢äµFº.'U¦þäü&amp#25;¤÷Mæ&amp#16;àËÎPÐ&amp#20;Mr¦éE!nÌwÇldîc-95Q%1áa&amp#3;WfÞÁÛ&amp#20;él
&amp#27;ÌÌ¸u}h&amp#0;Eb&amp#26;sW·)¿d[Ö¶áUuý§4M77¦å}Sg¢½QY¦,¨þ&amp#23;&amp#2;¤` &amp#20;)ÓO	¨0O)ÛvàÎÔ[&amp#31;L&amp#5;&amp#18;uÞ°ª­Í!=&amp#25;Ð*3íôÇ%a+ð9&amp#24;Ô×3sã&amp#14;dÜªJ&amp#19;Ý&amp#19;&amp#28;º0#Ñ5-áÒhë"Àà7z¦yÖaRSoî¸Úæºr§J<Il~¤Ûª"Þ="åô-Û<3ì¤È2i^Õ&amp#22;Ï&amp#22;&amp#5;&amp#15;Êþ&amp#0;õ%«g&amp#23;ÛÆ¶Ê³µß&amp#4;m&amp#30;õáóµ$TTÝþïõ[&amp#12;Í"í'^RÞÎ&amp#22;ý¯¼&amp#18;èY%Ï·g(Üá$üÞÑt¢¥[²[W&amp#4;&amp#3;ß·p>×~>0»ä½Eº}7&amp#30;Q+ñüÓ&amp#28;ÄÍ=w·î2&amp#30;O[ý<·£&amp#26;&amp#7;Ó&amp#16;2¯´ú´iDk&amp#0;}úÄd&amp#12;&amp#1;åu¨>&amp#12;çiù&amp#15;X&amp#23;£»l½&amp#24;ÓEí&amp#15;ø8â.1®ºÜ&amp#27;_×)×ò»,d&amp#31;øÓ´ÓßJN¼#S£&amp#17;FF"jÜVJ<·:&amp#31;±L&amp#31;>ïÞ
?¨S&amp#8;ïJ¨y«Õ&amp#15;wKCÚ&amp#24;ðáSëï¡&amp#3;&amp#27;Vç{&amp#17;nn¯Ý¢¶&amp#6;ëê
UG6"ÅX	¾X~ãc&amp#20;ôõÐß÷mm&amp#3;;2÷&amp#12;Å§AY¤BÍÚ®ôbOñ,Aù?<ã}ß9ä&amp#5;ú&amp#11;¿&amp#17;üíÃ|hò&amp#4; vþq9&amp#20;û?9æÿº¢^&amp#18;`gò\´&amp#14;&amp#6;¦_&amp#28;(ø@{A¹ØR!"¤&amp#18;R&amp#11;¨å²Q	\Th¡b&amp#23;ì~:,9Ë¡	ñÜôuÕýãÀä=oOa&amp#15;d	¯BÏMÕ{.i<¨Q[&amp#7;§ùL[Îwßï¯Ñº¾&amp#31;17¬6(¦]&amp#17;õûwÅ°e1ï&amp#11;Ð³]¡&amp#28;¸:S&amp#30;Ì|×&amp#27;¼&amp#30;¥Sº,ÕëÉ.l¯ nÓX/1&amp#14;&amp#19;õÈû&amp#25;\X/ çà²à`VÜÜ&amp#20;`>&amp#26;Zg&amp#18;pØ.KòæKÍG&amp#22;ì|$ÛPÆäd`n[rØµ&amp#21;3b³2X&amp#1;,óßç&amp#26;¢
Â^Y&amp#29;À&amp#18;Üör<>Ë²ãæûéOSª&amp#30;C&amp#14;å«,(©û¦z;&amp#2;/&amp#11; óÊGL³l5¢&4¦¸_×Çl$IÅ­&amp#4;r&amp#22;·Æ&amp#4;ð&amp#22;k&amp#12;ùi»Å$?Ñ&amp#7;,Ì¨&amp#16;&amp#14;CE½eÌ¤&amp#1;opØ±&amp#12;&amp#28;Ì6\Zqú$W&amp#18;4±ÔqóIÓBrÔ'.Í D
ë#Õ¿&amp#2;&amp#18;&amp#21;32ºmh¸]\*iWFTÜÄ­N-¨}I¬=Í´áéJ&amp#14;3ZK¯5±èÓÌ¬Ô; ap	ô6m³&amp#20;¤«äô&amp#20;Ü²ô6ñ¼<çãì²Õ²,®× î«qÌ]&amp#31;÷q&amp#3;T&amp#1;L±&amp#29;&amp#22;&amp#5;Ü«MíË&amp#25;áÌB£&amp#15;§&amp#24;å/ÀIùî6j&amp#5;6 &amp#19;&amp#5;QÀýÔð)Jäµ|uÔú+`n²fEö/. <íÁ4Øôu )
õ4(ND¼v&amp#30;¹.tx&amp#12;&amp#0;IÁ¨MK
&amp#3;ä&amp#2;+BÑ¼&amp#2;<%*?­Q6Xì.'&r>5¨ßÐ¤bØwÔâ¬¢`­&amp#26;.ÑFÑéé¬f&amp#30;­4õuÂîíe&amp#1;&amp#23;áíý¡;&amp#19;ËL&amp#1;«F©º·ìEÚS1ØÈ&amp#24;¨Øm.²Ì&amp#31;epq¶³8Þ ½¬[éÝi)êºêPÞÅù¢Îmw¥¡&amp#28;{Ú¨ów©ç¬»xj&amp#11;¡±XCZP«3Ü+¡Uä&amp#6;Ä&amp#5;ûòÃ·4·.¤&amp#0;ä£äfd}æÝÎAèÏ.neÉlÅ¹¼×°NÚDlÀa.x&amp#25;1A6&amp#30;·®Cær=&amp#11;&amp#24;½jÃ&amp#19;Cú¨/ØÏTVæ¢©¨P°&amp#29;M&amp#11;ã&amp#0;¼\ZÙ&amp#18;¼ Ñü&amp#6;Ê&amp#6;Iåø]^OùuÊ&amp#29;&amp#17;úéÆðJæ*F;P`4d&amp#5;â&amp#31;B&amp#8;Ej¼d
ÎÐ®}&amp#2;i[âA9Åû¥&°&amp#28;«Î&amp#11;W±ÓuÑ&amp#20;«á&amp#5;Å&amp#0;5^Ó¨?Î+/}¹&amp#8;&amp#3;èMMvºè&amp#2;Ñ&amp#20;u&amp#18;&amp#21;&amp#7;§ØKm1þ>Ö&amp#29;V¼!&amp#29;0×-ýhKßÉæï&amp#29;+¿#j,*1@ÛíOv~â­IUèy®oO{&amp#8;ÛñÍ
Ô&amp#21;XZy&amp#23;õãf&amp#18;&amp#20;µZ{ÂAHqò6®PíÌ±oàMì¿"?ú&amp#17;øËû(,·&amp#6;&amp#15;&amp#22;YCÊ×&amp#20;xWVïf¾ÍA&amp#19;+dû÷G&amp#21;mséêÓ&amp#0;¶È´£ës~û&amp#22;üd&amp#8;&amp#27;Çµ{^&amp#5;;wòøDÚ&amp#0;q%íÙ®&amp#3;kÆ5ËËï Éw¥©à®&amp#29;¨ì+^âÿr®±Î`Â=ü&amp#5;¿ð&amp#14;4SDð&amp#16;,EÄ&amp#24;aV+µÊ4âÐªr@ª£&amp#27;äØé&amp#16;iÍðò&amp#0;I&amp#20;/ß°>µEòÄ=\æãÛ[6PÌ "MäELG{wýôt£ë&amp#26;"áA@päk5&amp#2;â#i@\ì&amp#23;&amp#28;÷Æ&amp#17;£ó&amp#26;ÌnmÑ·ïüZvÄù&amp#17;øæ&amp#21;î&amp#19;Q&amp#30;W&amp#23;ÅE³öI·&amp#23;öfãûþ&amp#31;¹°7°!Ý)(&amp#16;Ð*ÔÿóÒzDìíÌ,Í]&amp#0;ÿ'&amp#1;NIÞUÁQC&amp#29;íÃ&amp#16;F^&amp#8;	&amp#6;­&amp#12;oY°Z&amp#31;
¥&amp#19;nÖ¢¶&amp#21;A&amp#2;8eÄÐ&amp#28;\©ÏZßþ¥úMFà">&amp#18;ð	òQ;»½-Ø¸ÅûHäí÷¾î=s¼ûýå	c&amp#8;69yº½âFsºA%°(wµu¼]kgíÝK«u<+Þeî¼Z?I&amp#12;[¡ñ&amp#17;mg×ÚògæsÌ4Jý%R&amp#21;A»E¼áñ _yÓTR£î>ó¯´æJ&amp#2;VeiÆ±ãìú^^!Î8&amp#17;&amp#0;èj×©À»¼BÅéW¤&amp#8;5L»ðn±êÑDï9TÄ´üc	&amp#11;}ý°*?Yìþ&amp#30;&amp#18;pÅ"û^ÛèjçFë'Ë5&amp#26;*b&amp#18;Æwgú&amp#18;!·½¬Í3&amp#27;ÎÎ¹{&amp#20;ïÄÖî=ø¾|úG¨à­÷´&amp#19;}>ØYÒ&amp#21;\mÌ&amp#23;àè¿G¾#³'â:XSÐeÓë¦û©Úoë#ûd»½<Í&amp#18;ê}þd=¥ïNæ&amp#0;7ä&î¶Ù\&amp#29;;#&amp#7;wßc¶&amp#25;ÿyl&amp#18;óBÑO>Ð<ç&amp#4;&amp#30;{È/²Ðw­tíUÕ«´o
f)zè!è|e&amp#31;Ó/&amp#1;* &amp#17;/¤jamæ{&amp#5;&amp#3;æ&amp#28;®ÜT	8oÙ9+°ë;
ÃÓ£r&amp#29;âéÚb&amp#15;Æã$¹Øg´XvßPbâ&amp#24;¤
&amp#21;sÎKwtáÀ(7&amp#18;]üÌü&amp#26;!epfàcM¾&amp#27;)^º¼	o£¥&amp#4;Ø3fó&amp#23;ÁG9³&amp#20;~OW&&amp#18;©4È¤Æ*/l&amp#24;L; ìfåo}~áSd&amp#11;ÆZÎäÏ7{='|-!&amp#14;f¦M&amp#27;i9&amp#0;&amp#18;èM³¿Éâ DÇ#&amp#19;ØB9×#~¼Z<ðòaIvJ),&amp#20;z2£­&amp#11;Îx2Kñv&amp#21;¼|û7Æ¿ã<t¸|À¡ï&amp#24;Þ&amp#1;Ët<ÆôæN&amp#8;t	ò§­Ð×&amp#31;Uåê¿.Z¿ñÝ &amp#18;æC&amp#2;Jë&amp#5;w/mïéõh&amp#23;9þÒ°ä×°}&amp#26;&amp#31;¹Ä}¤&amp#21;&amp#16;Äâp¹£/áçÉ&amp#17;¥Ù
xT&amp#5;]t&amp#17;qÅn¡ucb6ÁvM¨Yï<«{ý°,?õ9!ë¡þ]I¡Ô&amp#1;BbB#B&amp#25;@<[%U4P&amp#6;´`äZòÏä/È&amp#0;Þä@ÕÛGlÈ*Tp­²ÌQ&amp#18;Á!ô ¾áTPR&amp#2;pOb0ÏÐ&amp#19;æx&amp#31;ÌbY¶&amp#20;$BË&amp#27;ÐP&amp#12;åø&amp#20;Æ±TÔbj&amp#8;-¨ Õ
3oPIr õÔÀêP!låøL\&amp#19;6ØûD+m&amp#18;A3øNÔbDð7}èø Ô&amp#1;B&amp#1;åi&amp#5;&amp#18;ÁcàøîÌïÿØ¨ØùC&amp#0;&amp#14;&amp#2;&amp#4;Dù&amp#19;þ¿1ñÅ<L]ÿ÷&amp#30;Ä&amp#20;(oU4>&amp#16;'Ò(&amp#0;
»aª*&amp#0;ª±»¼Ô´l&amp#7;cDÖØ&amp#8;²ÄØÒ&amp#6;!íÜ"©Yj£Ø61õZgÜÖB»sµÙp¾&amp#29;JO*ëÚÛ_®/÷Å4f&amp#8;hÿáÅrÇÛyÕy¶çácå[ß&amp#27;äÛ&amp#7;G¸&amp#24;´Q)[ÆÜ½¶´¬µù£®ÑÈÂ½ç¶4®s®¯ùË<{!0´zöÊEDuj,lLÞÊbk`êÎ×ÒÿË|ÂWA¿D&amp#24;<YXX¢ï 141Ú[²-VÇ8&amp#31;têszG`ÍïK%:%&amp#17;&amp#11;Õz^cÔW¯n&amp#11;&amp#28;³ëò&amp#20;µúÚ&amp#17;+wÊ:#vÐ&amp#0;&amp#15;¶ÎÀZÃé»¯£¥±9&amp#7;&amp#15;'°s.<#ôN&amp#18;&amp#29;kþu6§5&amp#18;ü
¼¥Ë
ì&amp#7;×ûiüX&amp#27;Nûà&amp#25;öÇÀÀexHÖ&amp#20;9R&amp#19;P#-µóü&amp#4;SÕI\©AÙðVâMN¢¶å&amp#22;'QnÃÉCMQÃã¦ÍT&amp#30;
&amp#27;SrIÐÈ îæqÉ´Ú1Uä²Q&amp#8;£glt9ku!fu¨¾Ã&amp#21;&amp#30;/¦°X`>3q&amp#4;#ùûLx@Tà»uÊïÚÁmWu&amp#0;ô!ÿV&amp#17;¬g]&amp#2;Ëå'4û.·jsMÐ&amp#16;&amp#26;ëÛ2Q´z3L&amp#18;&amp#30;4ú¨¶Ä a¸Ñ·<Ø»&amp#15;Ý*Æ=ú\tâ
¸<&amp#1;­|ÜÅJ8'*&amp#28; ´å²Ü&amp#12;Ëè&amp#6;&amp#31;ºµýFsÒ©}ÌúÈÉ_r¸«!©ãÂ||60úÕ&amp#3;±KêÔ
qp8ÛVöÂ×|ÑK3¸&amp#7;zC/k:}&amp#30;J;ÆnS{}:}ëXúÊ-´à&amp#6;ê@P®G³òT&amp#3;Ä0y&amp#17;&amp#27;«Æe&amp#2;ü¼&amp#12;4Â)I&amp#21;³kæçµÊÜ¥±X²&amp#17;ÓF&amp#16;guþa­$Þ&amp#8;Q3Gc,BÕÚÏ&amp#24;#WÑa«j¤*"4ëybõ¸rÍ°§Â&amp#29;*4&amp#18;Î¯ÉLmò3Ëm[û( xËØ
&amp#15;ÔlÏªÔÜUÚ6³b¬!æãÂøÅ«¡ùý/>â&amp#25;&amp#20;jüA)åüM}80&amp#26;ãI¢lå;?ËqmOój¶a&amp#0;õxõ&amp#31;`©Ó1Ùr½&amp#16;nyÂ¯&amp#25;¼ Ê&amp#0;é%;µýcÉ¡÷Ejü(UYÉ;?m±&amp#25;¾ÿAÛ[&amp#5;G¶öè.S±ÌÌÌÌÌÌÌÌÌl§¹ÌLe»ÌöÔþwOtG8{æï3&amp#19;+ÖMfFÞHôJúÖ;oí> ôÇhuKÞ&amp#0;ªåàô&amp#29;&amp#6;
&amp#19;îYC¼&amp#6;Ê	÷Â>;&amp#0;¾&amp#1;ÇsÊÎ&amp#18;7ûî&amp#12;n2+e{"í&amp#21; &amp#8;µß&amp#26;jm<Áh¶õ	¿?8UóZ³&amp#16;&amp#29;ü;IÀsøÆÔZïÞ?£&amp#7;Z5&amp#24;?G¥ng2kÉzfeF&amp#24;&amp#20;'Gí&amp#14;²¹8¥Æø´·Ã@»¯4èYÙ¿ó(Î¸&amp#2;lþDÙ&amp#27;W/&amp#15;L¼Ç+·&amp#14;j|(ÊWb858ü8"\YW&amp#14;&amp#11;Y4£¢þ)0&amp#2;M&amp#31;¶E"6&amp#14;¬Ñ¼¸2wÈr²iß¤ÿ¨ö>sùýì«!¬@­ª§|_%kæ-L\¾l&amp#11;IÀ»SqdOù&amp#27;MØÍ-øO*¾Q:FÓgôÔ[þØ&amp#27;µÎ¬ÓÕwùáØ[£&amp#21;¸h¦&amp#30;ÊC&amp#6;"&amp#19;ºR÷!,a&amp#21;þa»dKq3ùK&amp#2;¢,5w&amp#5;³X¥â'a©wi&amp#17;	þîÀ&amp#27;ËÀ«z.¿¹Zx&amp#1;&amp#29;Å¤;ôzdÞn&amp#7;)¯}¤´éó&amp#21;&amp#27;ã&amp#14;EÓ&amp#7;ÍÏ0Ò&amp#4;&amp#18;rZý&amp#24;=ð;h°ÌkkÝáÚ[«&amp#22;ñ´5GJ*vÎIn;ÂG»;S&amp#4;6Û'_:Ã7·^ªuø-P-Ïª£x¢¤&amp#28;4ª/&amp#16;È~&amp#18;I+;p+ï¢Qo ®v(ì&amp#8;EK&amp#6;N&amp#25;ÍjÛý&amp#28;\eã6¢¹s&amp#17;&amp#26;'!³Þ³ìl&amp#31;~&amp#20;§ÌhÙ&amp#12;å§&amp#7;¯UN &amp#20;ì &amp#2;³ÂÑY7Ì´»*&amp#26;&amp#19;IØp3}&amp#22;&amp#21;IÙÀD²?v¢õd4çü½Ú &amp#29;[!&amp#8;®&amp#7;s>®S=O¶éí­×&amp#30;ú&í&amp#2;ÂÚÄíq&amp#16;W!^&amp#14;I&amp#4;y=*&amp#21;ÏzÝÁY
·c&amp#21;]&amp#19;ò®Òðchõù&amp#24;Ý&amp#29;#µÐæ¹T&amp#1;ZZ8O¶¯ÞQt¾LàoÝ&amp#11;Ý$ð&amp#12;Iº&amp#16;.ËÖXÑ&amp#19;ãÎÃf&amp#15;úÑê]¿u&amp#16;z&amp#1;×&amp#26;Ý­í»cþNsÒy~ëÐ"ýæ&amp#25;'kxÊÅcËµµ44á&amp#0;íçºEÉU6ß&amp#24;y&amp#4;·ð@qÝ&amp#27;ñ4²Yk¿ã&amp#18;t&amp#23;S)ÞÂPvk¬õÆ&amp#2;3Z{ë&amp#2;YxÏN&amp#26;O²Ï&amp#16;ûLÏ&amp#27;&amp#11;yb]ìd:ÖXåÔ2ÅÁt~ÅÂa&âáú&amp#27;õ&amp#18;nlj+½5|J&amp#11;ÄûôÕD´&amp#11;&amp#5;o¸Ñ}bÚ/åÞ&amp#30;øôÐn²=6ýÚ¬&amp#31;N¾&amp#1;ÚÁ&amp#25;9&amp#30;÷¡&amp#16;l~&amp#20;zLà&amp#28;oà=Jí¶nÈ<47°D&amp#20;D3B&amp#27;Ò:*`Óð¼º©	á'&amp#5;]èû&amp#7;ú.8ùÆ@75&amp#1;ç,,B\O8ªD"&amp#21;zÖ¨Ç/&amp#5;&amp#19;\½t«JUZA&amp#26;jpxÛX}dÅs&amp#27;&amp#7;"+|ÚùUÂ»úÞñ§4mÌ3+|¤Q)¶:Çohâóò»ä{É&amp#28;í&amp#29;îÒån&amp#31;äÛ1&amp#12;Ã£kfdÅVË&amp#12;G&amp#29;p&amp#23;M£{­E÷ ÂævÚ}Å&amp#12;¤ïÛD6W÷Ïý$ï/Y&amp#23;m´¾tR	µzëGÝÌ9%ãë0Bség 
«ã&amp#18;g¼í]õ&amp#3;ÑH&amp#3;È59)?îæ°N¾ñ´&amp#17;J¬kÑHP&amp#28;&amp#20;ýd¡n{Të&amp#21;8]¥BãE9Ê=pÇ`Ò&amp#0;§)ûaá¶ïnäWXMB&amp#31;»«]cµ Aè&amp#25;&amp#19;õ@¯H &amp#15;j·&amp#7;¿ &amp#7;ê7K&amp#12;IøÌô)¸MüL%È|P<.£&amp#15;¿&amp#11;Q®ß%cµ\z&amp#11;&amp#8;éÈÄÿ$Ý&amp#22;ê°2&amp#15;áRXx&amp#12;&amp#20;"¾
ÂacXÙýÝÎþ}f¸âÎEùû4ËÂOÅaÇýú&amp#8;cë&amp#17;§&amp#5;-&amp#6;&amp#21;¶&amp#29;&amp#23;rU¿T§¦x *ÄÊdëkì-üÑ>>¬-&amp#6;zT&amp#4;&amp#25;å &amp#23;
ÝÛ¢¶ü} &amp#11;þÞâw¿Oø¿ÄÎóh!G<&amp#4;&amp#16;&amp#16;5ò?màÁù'±cdýÏ+þ»râûú3&amp#1;Ã¿öð&amp#24;9&amp#11;ÙÙØ&amp#24;Ø&amp#26;K[Øü)¡\Mþs#O¶Ê,¦&amp#0;:&amp#15;Qä©d7
¢ÍE±zÿ²æ&åÒÒZF¼&amp#21;!ÁY/ÜÅÕ>Á&amp#20;&amp#11;©&amp#7;K<é"ø¹PË×iZ$&amp#2;>WÚ]o§&amp#25;Á&amp#27;>>ßoê#¢&amp#16;>0V(e÷lpÁºÇ£&amp#3;&amp#11;rÖºÕPZl%=&amp#26;e&amp#28;¬lYÕíSÕAU&amp#22;áÕ&amp#17;.ÔÖbk&amp#4;ä0bïi&amp#23;$¶(±ÁD&amp#6;ì&amp#4;&amp#15;LÔn` F§³i)gÖô ûáÜA*&amp#28;&amp#8;ÀèPDo!é½Zthìà&amp#4;}ôYU&amp#24;Ý	§Í¤{Sy&amp#7;¸iL!N¯&amp#5;ùÉ±Òe¿S;;øÌñ£&amp#5;,&amp#0;&amp#14;c&amp#23;&amp#16;wN·½]¨"±&amp#24;g|·%â®&amp#31;ð2&amp#3;*àÔ¥tE´×&amp#2;íÂÄ£ú&amp#3;&èÍt~_v»ÄSÑ&amp#23;Ñ¦Þgµ&amp#16;R.î&amp#29;¡&amp#4;&amp#3;Õ«xçÀUf²¾(pO&amp#0;)Ä³â+RÃùLmûã_ì&amp#23;=oT¨û&amp#16;BÕ&amp#4;ùào¿¬K¨kBÜ&¢â)2¨&amp#3;ÁN«"ëß<ìÁ"&amp#29;1|>Î':&amp#31;Î/©¶ç Û9ºr1&amp#6;ÇÍs&amp#22;Rl¨sõCôÆá8ÇöøD&amp#14;¹&¯N&amp#22;;PB#l÷&amp#30;WÝ&amp#3;%2ÚÁíÓäZ³Ôqz&amp#11;Ììr!1Zì&amp#23;î&amp#23; ð­,ý­I'*MÍ&amp#18;o­ãÎnÜH¤È='ÒÖ&amp#29;ÈÎyó&amp#23;^&amp#29;Ü$&amp#15;Î&amp#17; &amp#31;×X&amp#8;E9;ºæ æÍ¢ñ2W¸G.X`&amp#8;¥Í&amp#27;ðQÐºT(y>O
FQôÀÎ&:A£`Sä´"&amp#5;<CÚ~jÐ²Ü÷ðr¹¶'&amp#1;)V{=)ZfúÕ¾FÔ£ºLT&amp#2;&amp#19;da,ò®j&amp#25;K&amp#14;Ï&amp#16;v&amp#5;9îoÑâEYäº+êTVýÕ¾&amp#15;¼&amp#3;	5u<ñoÊ6&amp#2;VøË}¿ÖêÀâvl,ä!½BköÒ&amp#11;Ú0&amp#25;.Þ&amp#20;O>E«þ87!rmNb&$&amp#22;×5|ÊJË§4èÏª&amp#20;¼ÿÝ¢<!;6OÕEòM&amp#7;²mûÄFÎPF®ëå"Â&amp#27;|ßB»î*qz,³÷/Òn&amp#21;\?þ ¦&amp#12;ñO¤Iü¿%í?Û½ÿ{æªU­´°D~øZ¯&amp#17;[o"&amp#4;D&amp#16;&amp#6;kZÚÆ¡FËÿ&amp#8;ØX²¯_Â§±L5JÜvq&amp#27;&amp#28;Þ¿;{ò]¦;&amp#11;âý}fæ&amp#23;Ô+ÂÓ&amp#8;&amp#25;`\ÈOíÍq2õÃa6ó~·Z[&amp#11;¤=&amp#26;K¸n
C £±®¨$â!¶¬ÔbQ¬&amp#8;¥ié¹íJ­áB&amp#29;T-Ól&amp#22;e¨°ÂÖQ3þ
'S&amp#2;&amp#17;°7S&amp#14;Ã¢df»ä<nx+bÄ&amp#1;n0²&/tK@Þ&amp#31;ë&amp#26;&amp#2;­í¯¬­V-öËSÀ$Ì&amp#24;VöÐXê`wY¢}Á:¤ý&amp#18;ëgééTe¨à[dI!&amp#6;§&amp#26;sÊvÛ¡²ÀÊ}¹ÉèÂ&amp#3;wøoOa3&amp#21;±&amp#21;¨sp!½D&amp#22;­ú¦á<ÃÓLÍ&amp#30;cÄúS?!>pg&amp#22;kAÉðSS&amp#8;6C¨½&amp#2;À}[X7Ò÷&amp#3;í&amp#14;òü(½c&amp#14;ñÃ&amp#1;RvB07Ï¾àåÒ&amp#28;¬x(}Ø6/HVD	
Ý0®ÅØkc"5¢âz®<VT¿ï6&amp#0; {!0D<&amp#20;¯Ï.çz!kÎú
¾ð&½&amp#14;³:ã9f¦Pn³_Ù±íj¬?vÎ&amp#29;µP¢xß ÔoBS;&amp#25;åÑ¹JÖÕÍ¤dx`ü.~ßcm&amp#23;ï
a&amp#4;Á&amp#24;&I"&amp#27;fz6Â{&amp#6;Þ¦ûßÎ#â²¾AH*Ûá&amp#31;Î&amp#11;Á;xÿ&amp#5;y´c9=J°5&amp#28;JX"+ù&amp#3;^<§&amp#21;ÝëÝSzñØh*"Í&amp#0;ÝNDo&amp#0;ûZáç|tZ"4Iò&amp#2;«"»Æ´ë&amp#2;N[ìwBÆ¤G*$^&amp#20;¼ù&amp#15;j.ðbE¹l×&amp#18;N9TÔ:bÃø)/5&amp#18;ïPejgY®9´ÕVaï·a&amp#1;Û°ùÐ&amp#28;TÏ&amp#26;lKÝÃ2!×¦×S ·ißpÔ&amp#7;Õ&amp#8;{ÙÕÜ&amp#22;zF(íLÃ[ºp&amp#30;¯O³-#&amp#15;4Róü+$çhï8E3è&amp#25;e&Ðv&amp#15;÷=à:ÒA&amp#18;I°fÃðu¼ k¤Ê Ñê&amp#29;77Étyw¶ò¶­ÕnF¢¹¶Ò6h[¶±£©ªx&amp#23;ñ¡£&amp#12;óK{öo2CU¾D¥$ã¬&amp#24;Nä¸Cx Ù&amp#28;"c{ã&amp#6;X&amp#28;Ç&amp#26;&amp#20;&amp#26;~<æ É>bìµ`T-òeh¤Y³(Y&amp#24;Äå½õ}&amp#5;2&amp#23;°¡7&amp#19;ú&amp#20;Òò}"&amp#5;èÏ 4_]&amp#27;Ã&amp#7;óá«ñ}&amp#0;ö&amp#11;lóiÛpûcLè^i¹DlÑ³¾&amp#12;ørs®~Ý7y ®ZêîÖ&amp#30;áº&amp#31;g&amp#4;?N|ðh:¯AXú}@H&amp#15;&amp#15;^@8&amp#8;£\¥ÐVH&amp#28;òâ&amp#21;æz=
a&amp#1;ý._Ö{½é¢&amp#16;µ&amp#16;F&amp#4;ÿ&amp#30;R¿Úvç&amp#4;ÒI5º&amp#6;VÑÁgºqÅ&amp#26;öÚ¡ÔæJóyÆ	§.e/j"Âàã/N
@K;G£½ÅÔ&amp#30;DÜyñkýâ&amp#24;&amp#24;ß&amp#27;;ÿó\÷&amp#11;¸{Ü@¯µ&amp#23;Æ£mF¨Ú~&$÷Ó7ùÜvb&amp#18;&amp#0;&amp#21;ôÞì`o-!=g&amp#30;nl4£%Xá¶"Ï?oÒ&amp#12;&amp#3;/¼&amp#27;·MþA½V´·ÔæT´1°8ä&amp#19;Z&amp#20;Ûæ4ã°°¿&amp#3;?<¾ªNeÔ:&amp#31;;%2&amp#15;&amp#14;0;û«j¤_ªnrùU	õáwÒ²«ó1È÷W´<Á&amp#23;­&amp#1;&amp#5;&amp#2;ù?#ÿ%$
8¹ØØ:¸&amp#27;Øÿg77;N@nþÇèÈs&amp#1;>(Rô&amp#22;hT¤X&amp#16;&amp#1;0râp&amp#16;Âµ	s¡éE-Ho
&amp#25;&amp#18;¼/&amp#16;_R=&amp#14;h4&amp#18;üï¹§×&amp#15;½]>Ý] íý9áI92Dç²i8s&amp#20;È¿¥&amp#23;È&amp#23;\}l&amp#6;ðó&amp#12;/íûmRÁ¥[gi#p¡=&amp#2;_³&amp#21;7K&amp#7;&amp#26;ñâoý«¯!£¬hÝ&amp#23;HÊr8ô:|	Ûo9§	&amp#4;zÐbÒa­Q&amp#20;ü&amp#5;ä&amp#23;²q&amp#23;ô&amp#14;ýc¼Eå&amp#29;&amp#4;S_(ÛgR½&amp#25;÷&amp#24;&amp#4;F_Z_à&amp#2;0êØKtW&amp#14;R¹&amp#2;W0gw)ÂaÌ6¢1åäç ¡he«jÔ?èi;&amp#15;<cFôPé`&amp#17;DV©J	&amp#31;%,ÙTVT<d³E+yF¥\íÊ·'*Ä$5F[",¡Q"ÖÆÉÁ]&amp#21;&amp#20;a¦)é4*®Z6N.?&amp#0;8bd&amp#24;Î&amp#4;ZýS$ÒboìcÔª«Ír&amp#25;ðÍ5Iù&amp#27;&amp#16;&amp#25;ð?&amp#25;íß0àËiÉ:&amp#25;®;»&amp#15;´÷ë&amp#19;äw^2&amp#2;²	`(T9àVwÄ%Åz[qä¡õå'ü­&amp#24;&amp#20;xÑ|}hI·ÙSÓæýÝËo8 &amp#23;ö~BùX&amp#19;~w³"ÄIù9´ñ&amp#4;PG!Y.&amp#31;&amp#12;&amp#12;&amp#15;m}²ÔI&amp#20;XP &amp#21;D)&amp#12;s¡ý&amp#16;&amp#31;IþW³øò&amp#30;|·Ý&amp#6;A&amp#8;:£oÛ&amp#7;He[=¯iEÜ¨FX&amp#19; 5¿6ÚSú&amp#5;ãgÞ :¹&amp#17;¨³Åí-&amp#27;æ4Ë\ÆE~¶è®*ñfNNÆD&amp#11;e *i2ugf<&amp#20;ÅJÇ8´Ñ×j¼&amp#24;º`ÒìêµÓ¨h×Hs÷&4LÌ"Ã?Ü³|ækàÏE-¸¼RJo»&amp#19;út&amp#29;ä&amp#23;°3<Y[j5-[ÑvÚÑ¥JBTõ?PU,¡å¢®+Ë?ºeaa®3ãka®³âsacÆé&amp#4;_ö÷ìà>Þbq¼&amp#2;ÿe0&amp#30;öÜ$é?&amp#6;ëüÇaÌÿÁäþ+f*ZjÈj?>áÐÈ&amp#0;&amp#18;}ÊíêêÂBCªüyÉH}¨ &amp#2;ùpã&amp#22;èÒ¦&amp#11;ãCRoR&amp#27;¡=&amp#26;zÞæP´&amp#23;:>¿ò­&amp#30;Í&amp#30;ì>fÇ²-ÕV¦Òfvvÿº8^&amp#14;nôü@ìÁwÍÍ&amp#17;Ñ³¥&amp#7;Æ°ÊeÒÇ0bÝ÷Ñ_ºÊ«ÒÓ8&amp#6;%Éd¤fNt&amp#22;[ í0b£Wê&amp#24;Ã_¢iÒ&amp#29;Á77i!Iº·&amp#11;¬L¡&amp#23;pOÕéRöPq(èÕ;¹rªøiÚb,LFj&amp#22;Ø²¤&amp#25;ÈhÜî4rdß*«H&amp#27;Eóù&amp#19;A&amp#30;­&amp#14;&amp#24;ÖÓS<Ç!1÷À&amp#2;÷E+"Q-ÒÝ'äO&amp#24;Í&amp#3;PK)míed*úz&amp#28;&amp#22;&amp#25;·+»ç),Ô8GDUc`é 2¯K«6I¯`
Pº9	OÍ£áè,Øk_·X¡2«&amp#20;&amp#16;>N¯üû¾snÔ×9H&amp#15;úó·&amp#1;÷&amp#24;gZàà&amp#17;&amp#14;'s±%¿8àà@¸î&amp#22;`Ê&X&amp#26;ùr "C¤Y^oÄðË9·U&amp#8;-~¾ªÉ&amp#26;(&amp#15;ÑJN×ÄÊ2Õä*B~wE¬x`(Ù³¶&amp#28;>&amp#29;òÐ^²&amp#23;ÀW.ÂIµOgaX¸ë7'Úº­<aRòÊ&amp#20;5¦¬¡&amp#4;S¬q&amp#26;Þ
qFE*&amp#6;á21N&amp#25;Uvò«Þf._]&amp#28;wãúæ²A&amp#21;éOYï³þ¸&amp#20;R&amp#24;ò&amp#17;÷¥A´¤/Úqßifé'£&YjYæk&amp#3;'«zÒá&amp#5;:³pýr®&amp#0;&amp#6;;®sæ&amp#17;h&amp#26;ÐFPÒ)ïRc©ò³´PÙCL&amp#12; Àì&amp#16;:ÒµyV¹iþÈÏ¸2ùÛ ´e#ùÏñjxBsÓÅ&amp#5;È}Û³¤êÓ9DÅÅ7N\ýh&amp#31;»&amp#31;;â O@&amp#15;k¾ù ¦§kü&amp#17;ú&amp#26;&amp#22;&[2rB&amp#21;äzPØ1²×Ñ(@<&amp#3;OntTé¸è&amp#24;&amp#16;ú­&amp#25;PËóÑ&amp#31;ßä½^?&Knï9{&amp#6;°áÛ­RéÓ ©;WzÍøE&amp#22;K-iTï=Y­øÊÍ&amp#5;~Ê{8¤òRU²&amp#6;%{{Ät2·[£]&amp#22;$&´J»ð{bbrV0&amp#14;1$X&amp#31;õ®ðî¤tp,²[	øÃÓµÿêJï<ñ	ý¨ÄÓ !Ø&amp#16;½Å=!&amp#5;a&amp#31;»&amp#3;ßd×ì&amp#22;»}UÓÝû°Áù"ÚDê&amp#29;ëÛ~î&amp#18;Õþé&amp#30;ý&amp#17;8Xª{ Òþ&amp#28;ßçöõþL ÉÐÿ&amp#8;ï&amp#27;×-ÇÃ&amp#30;&amp#30;b&amp#31;p u&amp#8;&amp#2;ãTs÷ÄðÓ§ùs12~&amp#4;t#P¢æ\âJæNê'©mrâ×&amp#20;ï^5È&amp#21;e1^w4d­ª%Ãq0e@Ó[>¨­QÝwü%&amp#29;Bd&amp#22;Á¢ú0ß&amp#24;":l&amp#1;&amp#20;üÈs&amp#19;Æ4SÓ&amp#16;ûî&amp#15;#T'^Qð&amp#23;O¤ÔÌgÜ·Uój`úgÖc¬ýØE Sôd©&amp#26;~%@!G"&amp#15;ý&amp#11;¸&amp#27;EÐ&amp#17;1SÇ&amp#19;ª§v4ºÎqÛ'êü3&amp#28;®o¬~þ÷³#wâÂßIó&amp#29;O&amp#12;>b»&amp#5;µ;¬'é}5EÁ`oxú7k/¼®¯ä^>:¸&amp#6;å³?Óò¡L_r<ªêÀá%ò&amp#5;e^Õ&amp#2;Å¦mtK½`]4M³¯¯&amp#20;È¶kâ©&amp#3;t~wâ
ä$Ûy­¿6Ô¸ÀWh¢Ñ¶^;`&amp#28;%Ä")Ç§ãe&amp#4;rW&amp#1;C&&amp#11;ä04ïôQÉè:ÂëêðÖ^7dÐ=cXÔ·Øp[&amp#2;1A¶¨$ÇªÎX(1Ô®F®[R&amp#30;å,¯~ý+ä²ªÕI!&amp#1;&amp#1;å@ÿ&amp#31;Uÿ%äÊ&amp#27;8:8&amp#18;&amp#11;þI¢&amp#22;NÎJ.ÿñõßqxZUë¯ÓÛ%4ÔÔ*íî½*´4u?u"Äi*%&amp#1;£)Ã®­ë´·Rïð¼&amp#5;&amp#2;$&amp#12;=é·QN&amp#27;ÀÃ¨&amp#6;Èx&amp#27;&amp#28;fÇSÞLN¦3;³µ»@0¢&amp#2;þqö[I´&amp#3;êLQkÌ6>(ëUgç¢&amp#27;&amp#11;È²¤DË&amp#28;¬zPlf&amp#29;{ÏX³ÎdÔl'$lª&amp#17;`&amp#4;&amp#3;mrB&amp#26;³Ï)öYEdÜòWÕ&amp#26;í·@&amp#6;ú3¹Ãè&amp#23;pZ-GÑ&amp#8;Q¶½&amp#19;~¼¹|M&amp#5;(&amp#23;&amp#26;&amp#0;¤
hÁì&amp#16;JåJ&amp#2;Ý @LÁBî¦ºxm5Cé6Ícl¡¢TÕ¸O<F>+owu&amp#26;Ø&amp#25;v&amp#14;7ÿQ&amp#26;ÄcÌ´}· #Õ¶Ó¡Ò©AéCÑ¦+¥êÌÙÝo¿·Ä&amp#17;åÀ÷üÝ\&amp#26;ØT`y"Á©£ @ÛÍÖÓ&amp#15;|&amp#27;wUÍ\´uu½À&amp#11;ìX"`Ø?E&amp#4;t:n~#3s$ÕEÉÞ&amp#21;&amp#22;¥	EÛ&amp#1;&amp#18;&amp#1;=Ô5&amp#18;©ÏÈCóÇkËeÃÜÄëåÂ\ 4åÀiü#&amp#6;Á¥dÕ¬ã]æã÷Û2&amp#15;&amp#28;Î®&amp#16;X÷gç¬µ&amp#21;Ô+d=&amp#19;&amp#19;A&amp#8;å+=¾ÐKgE§SKe£ß]²°ïí7_Y;x|Í&amp#2;&amp#23;½´µ&amp#19;Gqv¿&amp#4;öJh'±c±J×H3£wç_1ô&amp#17;v¾îË]hDUqZE&amp#3;3Yµ&amp#7;³ê&amp#14;É­¨&amp#22;¯S	Ì&amp#23;[l:ÂÆ¤s\Ð¨Ö&amp#31;'(ô&amp#5;B&amp#3;&amp#3;A&amp#30;ìNàJkå¨ªÀ&amp#18;&amp#1;ù«rGD1&amp#7;&amp#24;ðh5¬¾&amp#25;
JÞ²·aþÞ²ô½)nJ]©4H&amp#31; ,HWÛ&amp#1;¿&amp#3;¾1ßú&amp#5;%)&amp#0;«0pb&amp#17;Ýo¨Ì&amp#3;Lñ{÷&amp#25;ú¸g5#Uwë?&amp#16;&amp#22;Ý&amp#15;fÍ/>&amp#2;+¿y^&amp#5;÷à¯¸sL$Ì@\åyy¡ÍxØ¢ùLÎëù¼xm~¯i&amp#18;&amp#15;b6Í&amp#16; &¾÷p#&amp#12;ÇiC&amp#30;&amp#21;â6d;<g¨&amp#5;ÂëCæ&amp#22;©ñ.;5D&amp#19;JÌÄuºDpjV6öy=ùÊ5&amp#0;!dâûªqÉ&/â/ºû£I
6è´&amp#26;aS¦É&amp#6;&amp#31;&amp#2;¬Gôþbô¸wÒæ$"ùGF&amp#5;þþ-þf³8ÙF&amp#14;Y&amp#0;aôË¦Z&amp#27;&amp#26;&amp#12;&amp#5;&amp#20;&amp#15;&amp#17;Ñ
;ìUÐTR2&amp#1;Hæ0Zc£9«Åkú&amp#17;èC¶'Nd~&amp#8;¾/qf'»x¸9uëzfæÝÕÔÕõéçìì.Ð±=&amp#29;dPÝÏ6&amp#20;©%&amp#17;&amp#11;)Mz¢äæ&amp#8;O&amp#14;ÕrK­HÙjRåv}ªvÂ?ù,§û©è­äz=Æ&amp#24;;&amp#12;&amp#2;"CEÎ=!&amp#18;g&amp#6;Ù&amp#20;¬Á{Ò&amp#17;Ú! ÎÝjÓK:-7Â2&amp#6;i?RV## Y&amp#20;Éb QldpL&amp#23;áuñT 0n^sr³Yæ¬&|ò»{ËÏ$áfrm­X!­Í&amp#6;,&amp#2;í6äÌ&amp#16;¿÷NÒeè&amp#5;àÀò^Ð&amp#26;¢ªJYDóy{K&amp#5;µ1&amp#27;&amp#4;Ãj&amp#19;M"W&amp#12;GÀÚßÙ_ô§¯µ6<&amp#18;P&amp#28;æò¨ÀÑY&amp#17;mjø#õ1F&amp#0;Û9&amp#2;ß°ÜY	YÁ&6r¼v&amp#21;|-5¡0&amp#25;óÚ*EÍÚU*&amp#19;eD&amp#24;&amp#5;H7/< %m&amp#18;nßO<((³4¢?(&amp#23;ãmÖÉN°?¼O_Nv&amp#8;Ñ¯áÜ´èiz¤À¶eÊÇE^¨MJ¸6TaÆL°ëJ_T\&amp#24;1&amp#24;r¹mÚ¼&amp#23;D¿ÄÂÁÆVD? &amp#30;zFü)Å¯§²u&amp#17;8 Ks7ö5¹Ð'­ýÝíáên?äëc#ieNè¾<ì[
ì÷stcü÷&amp#17;$¿&amp#19;{^ÀÎª&amp#21;F=LÊÊ7&ú(ÒÁ>Iæ&amp#3;`QÁ&amp#17;«¹&amp#24;3_&amp#7;&amp#27;Þ'XA)½/û&amp#0;£&amp#0;Kä4È&amp#14;·e½&amp#24;ûéÙ`Q>x#V&amp#22;/U§Pe¥YùôHÑ6KÖqSþãrbÛà.ù&amp#11;2Ç&amp#23;&amp#31;é«½YHà/n['®&amp#24;öY¹AÃcêV·ýW&amp#17;oí]Å6è{º¿&amp#8;ÀÂÒ"KüSÅõÿ'&amp#2;$ÿ}&amp#2;&amp#4;MLí&amp#28;Mþ7iêJ	Ù&amp#12;áËÆÑÞdA°X&amp#4;&amp#6;&amp#24;@&amp#20;APl&amp#8;j&amp#21;ÍU&amp#28;ýÛ$æÀ=s!5òAï,wÎÎµ&amp#4;Ç:]µ×eî#s8M£é#îçÍµ³wÛË5÷ãþ-&amp#23;ÈñYU$Ê~û2¤Ý@ób ,&amp#29;>ØÈÚóx$ä&amp#22;¦Ò&amp#18;&amp#11;¬U)»¹à*Ìd±&amp#18;Úî9ãyæq(ðjùCÑ%®R&amp#30;â&amp#30;Ææ¹åbÊ&C·â¥&amp#14;bû³C&amp#7;/X&amp#26;µÐcªñÊd³þC#&amp#5;sùyùU¦¸µò}J¢Íj&amp#31;&amp#1;&amp#2;&amp#18;Gçt&amp#5;aÔ&amp#0;Ò&amp#19;¢[Ñ¢^A&amp#11;e&amp#7;Ç©yÂã&amp#17;Eg²ª&-föRü8&amp#18;*¡(.88¾ÁUE&amp#15;jÿL&amp#17;D¨NèÅÏês&amp#21;±Hø©Ð&amp#18;&amp#5;ì&amp#8;_<å\&amp#28;F
&amp#7;vív^ºÃ^÷­¦À9zðÏ7@³O]¢î<=&amp#0;2&amp#6;´cá@&amp#17;»Ø ÜÍE4%b»Z¯Ê	»[Ù:&amp#29;í\J_µOTó&amp#19;7 f](L Ç¾&amp#8;7¹p&amp#14;bðÂ&amp#21;³¡A)Jt¸$(&amp#18;&amp#24;¿&amp#18;ßÿlkh&amp#6;yR@æ*7&amp#12;º':´±åÒã¶%SZX{¸ÊQ^&amp#8;c>¶_u&amp#25;ë&amp#4;03ø@¼Ó
ßà¹Æ]þm²îVÁ.¶SÛËQ»P&amp#6;9ûÕ$cÆÓ&Îñ,&amp#7;Ö*Ö2QAÑZ&amp#30;É¡.Ï #Þ³Fù«­`ÿ&amp#23;®&amp#2;´,Nãs&amp#26;qO%ië3ÄþÞvt@J&amp#8;ÅÔx&amp#14;ÑC¨{<v,¯¯m0pE¾?ØK&amp#3;pq+·®SþåfÉcïõª½}&&amp#19;­'
&amp#7;&amp#12;×ùØô>¸Û¦?¶&amp#7;6¤X5Zd6¨=²ïë¬[Dk#ØØø^òVY½¶-&&amp#8;Î1r&amp#3;(ÌoQDÝ|Ë@µøOùRk<]%T&amp#0;#e&amp#15;±¶Ïb³$ÚÀâ&tÕ>ÕÀTffj	O©&amp#17;]§u¼¡úA&amp#23;&amp#18;#Å*o&amp#4;&amp#17;é*Ï1Þþ"w#Oö&amp#11;&'S&amp#15;Ø&amp#25;ï¨=à+V&amp#28;&amp#3;ã´@<T÷&amp#24;¶.ê1~H!ïe((Â&amp#3;à6çþùáÆ²Nn6b&amp#1;=ºØËï&amp#21;&amp#5;?â78ch,¡ü)X3ûè³9ÂäÍ¼PëÕ&amp#20;]î¸&amp#11;v&amp#4;¯M9ÚX<¶>°L¶IT,â*¿>å÷À½~Ê&amp#29;ê&amp#25; &amp#21;É.êÞ"G$çA½hÍô^®ª?;&amp#6;Ó/&amp#3;§Åë3!Ç@l&amp#15;ß*¸&amp#20;ÛxÉOÜ&amp#26;x(ª^@¯iNsS°L³M¯Ù-&amp#19;óî³òþMRÂt&amp#25;è~Ð6&amp#5;¼Ø)} ­Þ£¯©zÈÊ>D·j{¶&amp#26;õ)ô&amp#12;¾ñ¯!Èå×Ýí?i&amp#21;&amp#8;öò¿&amp#31;T&amp#12;L$lLl,-\M&amp#29;-lÍþüÌÞÀñ¿¬Wú£&amp#5;~|¶:&amp#23;[&amp#23;·øG¨Ê+x&amp#6;¡èIe¤Ê`&amp#18;S½É0&amp#26;smNÙ^ØÝñ=&amp#12;£I{Óó¾åve­oóç¡&amp#27;&amp#12;^¶Oqìþ¹&amp#26;ù|}>Àõá¹à¨Cøáyxö¢Éo
&amp#15;êçvúRu¹Ð£Û8Ï$IàÚáw,ïåÉÉ8PºÅ¥Xê&amp#24;V¹¡`ö²äÚOX&amp#30;x±s#&amp#5;&amp#14;ñ'ë¼Èâ&amp#31;º+ÝC.{&amp#25;-&amp#25;Ö-s	&amp#22;ádáXS´ÙÛFë¬#ð¤EG&amp#5;ñîôètöû¿ùÔ&amp#20;×+r&&amp#18;&amp#12;&amp#26;<Ù¾0cd	X+D_I>Eh ­g=)sq$Õë&amp#31;m&amp#16;'h¡Y¹ÉK2Ä&amp#6;ÎÈi¦Ñ¢«ÚõËÍávª³yD¦z,©ÑÇ&amp#24;çýâ?^ ­Ý]0=<£&amp#0;¹ØÒ»,á¸a`ÁÐm#ÿùM¨Öq©ú7ì'Pô&amp#3;Wªi&amp#19;g	&amp#19;áv¢Ðpa¸Fÿçîkï]Íï&amp#19;±ü6bí&amp#27;7ÈiÞLÝß&amp#22;:ëg?]X¦YÀg&amp#3;&amp#12;õ}Ä¸&ñ$Ñ¸8íR&amp#15;þSú&amp#15;hZÆq_B¹LÐ¼)&amp#18;&amp#1;Ì/I&amp#5;LÄ#`&amp#17;Õ¿È¨ÌDý;)3 ~ci@ÍÏ^iºFiJ1*)&amp#23;òô/¶)",P÷&amp#15;3Y÷Ñv&amp#21;fdZLã&amp#16;&amp#26;&N­ï*XÎµ÷Ý¯?&amp#29;&amp#26;Á&amp#31;!®¦ZS%¨N¸\¸Ö&amp#28;oð&amp#23;v¸RS%L&amp#7;Uä&amp#7;<þ«&amp#23;ý³èMòO&amp#2;¬ýÇ­óRÿ¾¯JÙÚ¹Ùþ-&amp#1;ÿþDÉÙÀÙäo&amp#23;½R?sû¡úÕ]$Ä2bD4ï/Uþ-af!/Ì^&amp#8;tÈ&amp#28;B?Í8É¼¸S&amp#26;KÅFÅ&amp#5;¸-fÒÖ`fìÝH_:&amp#20;Ýa7&çà;ß&amp#27;Þóp/wkEG£³S&amp#29;2'»s÷£ÛÍÇöQwj­ç&amp#8;Õ]{ c@uÊ6Úêf^,¼yP&amp#7;&amp#6;^C³³fëAx&amp#18;â®5,¹iÃ6ýcvÆÕ©ëtt	ñµxgÉ+QvÍñ9 p¦$&amp#31;1.mål#dÌ^æ-&amp#11;ÿãj&amp#26;&amp#24;Ú=¥&amp#23;sL,¯;&amp#18;I)È&amp#12;ôv¬´&amp#31;?ø`³©^¨a&amp#21;Æ²<ê&amp#26;B¹åf&amp#17;¼Ù}EñÎuÐÁÂÖ tÞÌÒv¥±íõ#Éô÷0 &úÌ&amp#21;[V&amp#6;K±üþÅ &amp#23;&amp#27;fÉ^&amp#11;&amp#4;Ô67XÊy¢&amp#15;&amp#11;Þ÷e&amp#23;H&amp#0;«&amp#15;&amp#1;èL2;Ö<Ä&amp#2;MýInI
z*q@à=XìKërK3Èå!êOATx~&amp#15;&amp#27;&amp#29;4*ú!Cê½b$&amp#20;õ¾êd$¨-Mz&amp#4;DÛe	êÀ&amp#31;ìÁnÆà.^­+&amp#5;ò&amp#17;-Z4ËÅëàOAý&amp#8;ßcúZ&amp#20;¯(téÉ3&amp#8;SÖ-LÀ&amp#23;QÖ4´Ðk\îï¤&amp#0;ÔÚT&amp#14;&amp#24;´hê&amp#11;¥«V3IÌ&amp#5;±T ¬ïíÝZOdÎ³)ô5?Ú¸ÕçÓ
H*ô¬©²-&amp#23;&amp#22;p´mWU¦ò$úÁ'(Ü&amp#30;®&amp#23;&amp#15;ÇLµ&amp#11;õ&amp#15;¢(r¿£¾&amp#7;$Ü°NâÎ¿Àu´û°â×«ÕQ&amp#6;º&amp#31;·«êk0&amp#12;tªGÓ i9à@JænÞÔ/£<*kÊ¨àw~ÿµR&QXbc5'~.Ì¬\jPdhËß&amp#25;5Ã&amp#4;<äê&amp#28;÷&=«Xu&çr*&amp#27;©Ó>&amp#17;uÈ³ØÉÆ¦<[-&amp#14;&amp#2;Ðì-/&amp#12;I Ó&amp#14;aÑ²ãF&amp#1;Nx*&amp#26;&amp#27;È&amp#7;É¬HüÛX&amp#2;IKÂ&amp#28;/
îþYxïm!»Vº&amp#30;X+5Å|ÝUÈAÜB&amp#15;wàt>&amp#29;³«Gm&amp#31;Q¯&amp#0;%J~â&amp#15;s¸ÆU7u§ð"&amp#8;[¡^à&amp#14;<æÙ&amp#3;åxúºX&amp#16;üø9RÓê¾&amp#26;_tj"H´`Jý}é&amp#3;Å?Å&amp#19;êâJî³&amp#29;Åì9Ô¤xÐgã¨Á,A7Ùm C+&amp#5;Ç&amp#24;à&amp#20;Mèôåõ·µH~&amp#31;&amp#0;iÏ¡hÛ&amp#22;4»4Ö²eY¹In×sç²m2Q¬æ]ÎÈ¡?ÉãÁ&amp#28;+:kÑå³nÝ©mÉ}3hë¨nO¡g&amp#17;*oÑÏ:uG§r&amp#15;k¢ÍJ~ÆúeNW¦&amp#7;)¯¦ª2Úá#ÁÝcì
ãÎb
vÀKd?T	ôÞË&amp#24;$æ&¸#Î)Ø&amp#16;'¶_lÉS´fíÖú%Mð25Ò&amp#8;C¯ø"@s;&amp#1;½`¢5ÞÚÍ7&amp#24;qCl²eÉa£J/¨V´¡É (±w&amp#0;QßÒ©§FÄ&amp#30;¥úé¡±Ò%ù&amp#29;1±\&amp#25;&amp#11;&amp#27;J&amp#26;&amp#30;(sÐ]çgWV.¬&amp#12;ø&amp#2;3³§âç0ðNZ°×õÌÞ¯&amp#25;?©®qZÈÎ&amp#20;>~¿[=0»&amp#26;&amp#11;&Ôg<.-{ù	ãÒ&amp#24;Il3ÀðáÒ´&amp#29;B&amp#6;â;&amp#17;Ô&amp#14;Jçõh0ª&amp#3;&amp#20;ÍäeÝöK&amp#5;&amp#29;Óö£S%èCÅ]&amp#14; óç'hÚEº{&amp#6;&amp#22;Ãn&amp#15;èÎÉà+vÇ±³&&amp#6;W¾Ùívg&amp#5;PQxaT×iFG7G1&amp#7;Ú|Åþ2gDÎ °&amp#25;W&amp#28;YÎù&amp#6;±òB&amp#29;v&amp#31;°ð@59&amp#31;u&amp#23;&amp#29;&amp#15;ÕòÏ-hþ¨±D+dbBÒ&amp#27;Õmb?M]¸Ó&amp#8;&amp#24;!­eP&amp#30;&amp#30;b1&amp#20;e§E&amp#15;Â´B&amp#31;$©&amp#31;aX&amp#26;ª&amp#16;2RG©¬A&amp#23;ºrg&amp#16;íEK°&amp#14;C&amp#20;&amp#30;ºW'ÕÍ{ZAü£ÉÃ÷I"S&amp#21;ä¬Vâs&amp#0;r_ßjUöÎúhVº¶¬ê¯	j7Ôâ\eÂN\»&amp#30;qê©W¢ôW&amp#30;WCe÷*r~­u¶&amp#21;Ý&amp#19;×àÀ_4®eeî¨²ËØ4û&amp#2;Ûæá&amp#20;zP¥0ì»ï[|«&amp#27;#Ú&amp#21;Èt&amp#29;iÈ&amp#31;IÍjÍ&amp#5;È^n~e&amp#2;ãtJx	ì&&amp#19;&amp#23;FÖ&amp#12;z ·iÈ7krwóH_W&amp#23;2Ð&amp#25;Ü&amp#15;s!&amp#21;Ê&amp#15;CÊe=&amp#4;&amp#0;;&amp#4;êÉ&amp#7;ÄMrçó³#ürÅ5û&amp#22;ü¹ôiïûU`H8Nü5&;rnùZE&amp#18;ÑÐ&amp#18;ñFÿ¦hg÷ÔºMÀ&amp#15;èÔ=XÏ:úîÛÖÙöÔ¾A&amp#24;ìÖ¿OÌ|Gw7n¯ì­¬olï>Ö/½¹BvÿL&amp#2;û:¼>&amp#6;22µ ÖÄY]¤:Æä.e×ï&amp#4;Z¸\&amp#5;ë¡ab¢gUI¿+¶xÿ&amp#7;Ø©ØáqìYÉ&amp#23;dÈ&amp#25;;1ïèâ&amp#3;&amp#15;aO&amp#17;Ó&amp#25;7YÏÈÓ>Ö;~Ï£»J·ü&amp#7;ÃÏf02úÄ¡K&amp#2;¨UH¨°&amp#6;IyÃn´ç&amp#0;ï:6ÃGØèåüó&amp#8;&amp#7;iÜÜ£ZDøÖ©7¿·&amp#15; ¼&amp#5;¶c>úx%ÑÚP&amp#3;oÏÈ&amp#17;z^È»i/ôÜÀØr&amp#3;oÔ÷u[E½(XeÿÔ°2?þ?®ce,þÌ¿&amp#19;¹£ÙÉâÕÉÿ&amp#18;£_))´Z´Peä&amp#17;PkÐû,ßD&amp#16;ûÑ©âô-÷7¤'2¶×M]&amp#3;Ò&amp#11;j}Qð&amp#21;Ä½oAó£Ì\S5óèd$&amp#22;³9&amp#18;|ïw,¾Þ?&amp#30;±ú°qMãôÝ÷Ê;±ºZh¨So ,®(vÌ!L±75k§NV7Ð&amp#12;«õÈ'ÚYï¶øt#®åh+>Nû'&amp#12;ú1è&amp#29;Zd&amp#14;y± &amp#11;aì®{La&amp#17;@pUOs¥&amp#31;o@²ËS#o Nã¥5ÀäCÊHã
Ã&amp#27;3&amp#21;¿+&amp#12;¿&amp#0;&amp#3;²ae3Zõ¢31ÒÞ v &amp#27;L¥µyg@¹Öâ&amp#19;²,Kg«Å ¹7É§
¦A©&amp#30;È@ç÷³sË±­J+3  .xÀ+¨)&£Íß DwÏQÖQeUQNþÛ#ªs;dó¸äÚÊD&amp#31;{±mâ¶J+%&amp#28;RÛ[b&amp#6;VìVgÊ­ê®­Ø6&amp#3;}Ð$W®Æã&amp#23;¹&amp#0;Ö&amp#21;Òî¶ÊA	alù-JÙ%WMÜ7&amp#21;&amp#30;ïÜÂ1và©&amp#11;Ô/OðBGÖj²ÓÎj²êÔ%;O®
RU&amp#27;&amp#30;ÂRôFN;c*`M×¶&amp#27;h¾ NÆlüc»Ê&amp#16;Ó%/ÅGMêsä	¢&amp#5;úÓ&amp#18;&amp#29;LH&amp#28;Ù&amp#6;ãnb*&amp#1;+½x&amp#1;ò&amp#20;_ÂV9S`ËÕü)&amp#1;x'&amp#3;úp&amp#1;N¬è-&amp#6;a~&amp#0;W´É&amp#3;Gì&amp#30;:'ÐâðÂ7Ñ&amp#30;&amp#22;xéfû&amp#5;&amp#25;YL4&amp#7;Cyè¬Uç^Ô\ªOþk 5I¦ïmw&amp#31; ¶tC2Â12Ú´#g:ðWHM¹CÊ0¾HÐSô&amp#22;Y¼&amp#31;K&amp#5;&amp#12;&amp#0;ÓLLhò2±|BñÎ¯3&gö7éè_$CéñFÂ &amp#24;I&amp#6;ã&amp#12;îD&amp#1;8F?Á(dQ²&amp#27;ëç&ûÐ&amp#21;&amp#8;&amp#7;3&amp#15;xÏc{¾âPw8xÅ	[¨?ÂVâ&amp#31;;;ÿ&amp#3;aû&amp#31;(¸&amp#25;8ü/Â¶YEç/$x&amp#22;WPSQAèø«&amp#4;¥Lò%&amp#20;0éIa&amp#19;&amp#3;ZÏ\©¥6¶M]¡_ÞÁ^&amp#6;&amp#22;"ùùóM¸R7KTN¿Þ-¬s=å8Ýdµ»½^½¥Ö&amp#2;¥Üá &amp#12;&amp#16;UÛÙ;É¡»øâ[&amp#31;Èÿ&amp#18;&amp#21;&amp#18;&amp#31;¬Ò&amp#16;Ý)_m×¡PoY;^@a|iÚÓéö&amp#29;+îUzh#3&amp#12;£¯&amp#2;/:ïcIçû
ÞulK&amp#27;Á&amp#22;ZÚlÜ:TÔ³VÃê4]OyëÏÓ4¯&amp#24;B&amp#24;çBa&amp#8;iä4DC&amp#16;Õ&amp#30;ÅGD+'§ZQÀ1C0	«,«6í¦>dÒ­¯*&amp#4;&amp#27;=lFJMiø&amp#14;CÙs&amp#27;êæ
X^zlÀò$c9¸&amp#15;öñíÆl­&amp#20;OLÑ.ve¡ü]&amp#16;#f^·µø>UEÅ
-°c¨¾&amp#21;ûÙ¾&amp#19;íb÷´t²f~²&amp#14;ýRÓØ!û:Q&amp#18;{\ªkåG/»«Ä ¶"ÃÔÓäJe&amp#12;3ª8¥mÆÍã«äO_«&amp#17;ûD&amp#2;<ùâÇ¸Ì&amp#20;çnÃÆËN&amp#22;cý²bÁ÷§~HÏÚnJÒ;£1ÆÃOÀEÑvtÎÖùR+&amp#6;¦ìG¬ìm7æ¼¤µ¦¥3Y&amp#7;PdÅ.ú&amp#3;Y&amp#11;qÏÚuì#RP&amp#1;çzxõðâz<&amp#6;æ&amp#6;ýG&amp#0;¾$&amp#7;&amp#3;?^>&amp#22;ý
H ±$&amp#15;&amp#31;¯&amp#7;*N- ×(.k&amp#22;Cÿ«'G¬wpb¶$¯Þbh&amp#29;æî&amp#27;ò!&amp#17;ÌÈ&amp#25;t5]2pÖ	Ã&amp#25;SmBuAÁYplÛmË4&amp#26;	zC&amp#16;ÙÆqø>cM\®&amp#1;Ô"ï,¯Ceõ+heê&amp#7;m×À&amp#16;&amp#3;#×"n÷&amp#29;Ëþ¨úÎÝt²ÛUV¡>&amp#5;L³Ø5ÝÊ,Ö@6ê1íõ<§¤É)J&amp#28;×dSMr¦&amp#16;m&amp#1;sæ ¦ðÛ¿&amp#30;(ëã	©øHé?""ò?Eä¿7&ÿïñ\U#þO0&amp#20;K-Z0ÉøHÄ&amp#12;piKñ+yÙ&amp#4;×ÖõíýÝÛÐÛ}ht	ÙO¼Â&amp#30;ô&amp#19;k6|&amp#26;¨áÐF&3WÓ)·&amp#30;&amp#14;=?O`üh3L`&amp#0;Ê$íY&amp#1;e&amp#4;bm&amp#24;ÅùBµ¤&amp#22;]
,
åÀÖ&amp#12;V7µØ&amp#6;2ÊjtZ0öä
&amp#2;áÃu&amp#4;O~j°Æ&amp#2;[«Éüò,úm&amp#21;Ë*ùEé'à7É ó }ü&amp#22;1 a¥&amp#5;(l&amp#6;Yè¡lqÅ*Æ¢&amp#23;QËDâtVKDaçGKþï&amp#30;Ãkt8&amp#3;¯\Xc&amp#8;ÍùM&amp#5;Ãý³s&amp#15;ÆêW2'&amp#3;a2&amp#3;ÿ8K&amp#26;Ö@&amp#2;m2ÔB5VÛG0£&amp#31;@&amp#7;&amp#6;,&amp#17;&amp#0;M¸øçF&amp#6;g0iÁ|«câíù¯±w&3Òv&amp#17;­yzQô÷D#Fd1&amp#23;~-#OeÄº±Ü¤ñ\±(ø&amp#17;<icnÒ&amp#25;&Ý¸7À#*×&amp#4;Ø±´XFÌ&amp#30;¦W&amp#3;F:&amp#18;Tqþ&amp#28;£6&amp#26;ñ}¤&amp#1;e ®4ò~¸·Tº©&amp#20;ãèaK8²©ÖÑ¹Ä-v,Ö®¨f´á"Á£&amp#19;,ËË)Ö&amp#18;&amp#16;&amp#2;n&amp#5;ï+Äl­x%¸>D67:X¥)Ú&amp#16;&amp#15;¼L<
T~¡~ôÞÊR[ïV?l¦%J»(I&amp#2;ÙäCQ¡A{°G-4z§ÿ&amp#15;éKQö¶ûûïðQqjX½&amp#4; KFp;gÔá&&amp#4;&amp#3;x&amp#26;ø&amp#3;»®&Ev§<nülê	&amp#29;Ü|Ï dJ&amp#20;h%ps~½Vç°y¹6¨»Ç3ÒEÃS&amp#8;æØÙ(&amp#0;&amp#28;}»£&&amp#27;Ú÷×&amp#24;ò&amp#15;þ,_ÏÒU¦·RJ&amp#27;pÚ&amp#4;0ZÎáx('#èÆYl«ü&amp#29;ë&amp#0;½m¯½®Ó,NQçÕoÇO³-cöØ?CGÔÁ½q³c#^qä¼&amp#2;EäLë&amp#28;®&amp#24;¸¡¬&amp#28;è'Y¢>ÁÿâG
8&amp#5;mú&amp#15;?&amp#1;ÿÈèÿÿ%»&amp#20;+ÊØ-ò#ø&amp#28;´I\0Ëä{/âòKz'«¢ &amp#4;ðGlH
pØo¶&amp#17;¹QyÙT³&amp#5;óõÁCðùã©0\RéJªnøÜ6Ú¹å&amp#28;¯&amp#30;Åæ&amp#2;é&amp#26;v&amp#6;ûßvÔYTI&g9fU:±Þ¡UN$Ød&amp#25;sâ¢zÔLcñª¶&amp#24;¾½9wÐ«&amp#25;_&&amp#29; 

>IgW²+FÇe±&amp#11;:éa]ÁADê&amp#11;B&amp#14;Cë&amp#23;G0CZé>Ø§È­û*.FAv+ÄY&amp#23;TýöÎÙ.¯°&amp#19;üt£&amp#2;¬àüR{&amp#26;)&amp#1;&amp#4;}þléð£&amp#18;FÌ×&amp#17;åä½­±AçªéhÍó%3y&amp#18;PYµ&amp#11;KÏ½0;2M¯G&amp#14;ÝyD{2¥&amp#15;çWG<r`hì]Ýyö«¹~&amp#5;¼&amp#29;©Ã1­¨h³Üc0xrÕÃ¯Ú¥&amp#23;¨ýÜ¥&amp#29;8Ç£ÞJ	Á¼­&amp#12;ïÍºM©S&amp#3;Muí1z&amp#17;&amp#12;&amp#4;RÐ!xQ	ßT&amp#3;&amp#11;tûYÚ&amp#25;ÔÙ©^[&amp#31;&amp#26;yóê½ª¶&amp#25;Ù&amp#0;s¼É&amp#22;ùý±G/&amp#23;þV¾&amp#12;q&amp#15;1&amp#7;&amp#3;e&amp#27;<ÿ¯77Bå%/$}&amp#3;&amp#2;*þÇÓeÿ1êß~ðw÷?\@éï&amp#5;uJ-UVå`PÏáP&amp#11;´MT¾?Å¿32§azÿjè¦jé¾&amp#14;¼+}öN&amp#22;,&amp#8;çëë5&amp#22;>±U&amp#3;&amp#8;&amp#15;	ÝÉöú&amp#19;CÓÛ&amp#23;í¼r{Ód"äïJH6&amp#6;tSU¥¬%f=±Â\µÀS®8W&amp#2;w-!këOÝµC&amp#8;bHÓ¶&amp#18;>©&amp#22;ôÝe`.&amp#0;ÞCÖR¨ºJ»Z&amp#8;®ÂæÈ&amp#2;IóëG&amp#23;£k&amp#17;_?ÒfG@F
Ä&amp#0;gvÚt5È&amp#11;Ð¾Bç§A&amp#6;øÚ¥Ê5ðþôæøA¾&Ù&amp#12;yù¹Åî&amp#22;Í¤A©ÓÉÑvÐ­´ÀbÛÈô8Õ\&amp#4;{{û!}2G&amp#25;û&amp#0;&amp#27;µ.-$&amp#25;.mÊ§¸av&amp#2;òSöPhÌ&amp#25;<L&amp#29;¶>&amp#17;mÂS&amp#3;â@rï#á&amp#11;@¼Ñ±oõ&amp#30;£ÁCÙÁ]É&amp#1;«q&amp#17;°Úr&amp#20;é`me&amp#21;xÂ~ª|¶'¬àQÛ&amp#28;.y¹&amp#18;4&amp#8;&amp#19;:1QïÅT ¾m¼>&amp#6;9¥ÞAîÎ0]Þ+Á<&amp#14;|&amp#29;ºÁ&#&amp#12;Ù	&amp#4;$Ù¤×&amp#22;ø&amp#5;Õ§©þdif¡\HE&amp#1;BY&amp#14;Y&amp#16;&amp#26; &amp#31;eHùK&amp#14;²½,8túmækó&amp#7;åú:eÊ]&amp#8;mÖ&amp#7;ç®êKÉ>ø´N&amp#22;£k&amp#28;[Ü®lYDÊñý÷\/é×pìoBQÒÎ&amp#22;è#&amp#16;&amp#8;Z&amp#21;0Ã)IxÌ&amp#20;÷!Év;ï&amp#0;mª Æ&amp#27;O0äÊàz&amp#29;m&amp#3;úÝ~åïGðä#§&amp#4;&amp#15;&amp#7;=&amp#25;mÀÃPQ¶#ÂßÊ%+4ÞUz¢Ö&amp#5;&amp#30;É9¼ü³Î&amp#18;îkË-R«4W¥3U&amp#25;Ú¾Ñg1ü &amp#26;3s@nEZXò&amp#21;Aõ)"ìù*¹½qõ9ó{LsF{Êÿû<&amp#15;j&amp#17;ú¢ë`g
öÿþßÌ2eþèit_Ó&amp#14;&amp#19;&amp#19;ò]BMy&amp#1;s
W°¨T$¤²r¾¢&amp#16;a;¡ô&©ÆékT?è¬.:4º8sCî·Â¨&amp#27;k*à8RS&®Õ®{îÙ©ëÚÝ]_ õÁ&amp#14;ÈÛ&amp#5;xË&amp#24;ó&amp#8;K&amp#29;NX&amp#7;âä{&amp#6;é&amp#18;¬&amp#19;NÞyó¼KÊ&amp#23;UÐ|&amp#24;T·ÌøJÉ&amp#31;m&amp#21;¢ë%&amp#16;ÂßIaBæ&amp#28;±åÊ2&amp#26;;ýÈ+ãÃ¿³oDhÏ¶¡¯9'cÙ0&amp#16;3®ó&amp#23;âCCÂ¬Ó;&amp#18;&amp#20;?mY°ü6¹½ôJ0èºT&amp#11;n%&amp#3;V{ÛÎC\ÞÛsyé#§O[^+\Lÿ&amp#5;/kÏ@£Ö&amp#20;>.&amp#5;ìÜÀZâÚæ©¸\à9Õl¼;(k&amp#31;ID"Ò&amp#17;ïE\»ßB&amp#31;ô¦Ùö&amp#29;&YºWsk¡+n{ñãÄ:Ê0
ôÑÙÊCÀCC.ÙÁ6<a&amp#17;Þ'çòv¢ på&amp#4;ýèm&amp#29;+[V&amp#21;i?ý¾Ê»ª|r­¶O×Ê	&amp#11;jH&amp#18;¡åYd&amp#7;ò>Uªg£Z,â&amp#16;-&amp#5;IP&amp#1;Ù|&amp#8;)v·_&amp#18;ú±&amp#29;&amp#7;!¡#7Ñ&amp#2;$¦Äë!¬ýM<x&amp#16;S!G»ã&amp#31;B0°Y»¿;Çe¢n^ÿÐ&amp#7;¥ÈHçýºÞ§[RnÝÉ6Üz&amp#6;]|!ªo~­}&amp#26;&amp#16;Ç&amp#27;Ì`;¼z&amp#8;ggÞØe¸ÏÉ6`&amp#21;[>ûý2â&amp#4;õF Ú&amp#18;Ì7&amp#8;ß&amp#28;»E¬ºûÁú¬&amp#14;sêa¶Ho3}`&amp#0;ã&amp#21;;¶´ÞgDÐÅz¦áÏÐ!Óë&amp#28;ÀW,&amp#29;x¼¼%']µÀ>¬øÆè9è&amp#0;XA,;ºVÜ&amp#14;t&amp#3;Ô¦K%®F9Ü÷Hþ:2!3cr~ÿðý&amp#1;òß³&amp#21;xøýñûðô{þßïÿ×ô8m»Èÿ#xVfÓE)&amp#1;&amp#28;sÂ/ßOÈ°&amp#4;&amp#5;_&amp#4;@Ä¦XY£.½p('fÄ&amp#22;ñf(&amp#4;VÚ&amp#29;&amp#8;&amp#23;Êa&amp#20;.y=I=£ÝéÊ/)ãååâ&amp#30;ÎÞHÌ&amp#29;ã,jd&amp#0;Kíb;^3zl±kwÛ¦&amp#2;:&amp#20;Ëé³d&amp#14;$Twj°-!Å a&amp#18;ÝP²=H~ÈµÅ '¤Áãï¯¸Úe/ÐJ&amp#28;Ø¢ î&amp#8;õ~Ê|c{²T&amp#3;½s§yxâüpnÄ&amp#7;Ào&amp#25;^&amp#15;&amp#11;&amp#18;">Rl·O=ÈÇà}%=ÇÄE}±:wäm¦Úê×ïý±	ÀÔ&amp#30;{?á*X[L­MqD¶DÂõC	&amp#12;ªè&amp#30;æØÓY	Yôøû%ØXröÌ®jÅÎ&amp#21;ý|½[Æ^&amp#18;Þ°ÊË&amp#19;Z-ùÝu´À5n8ð«&amp#16;³lËy^fØBó9We!$%¶á±'×Fx÷¦&amp#27;6M&amp#15;âæº0ë8F÷¶s'ªpZC=÷Ó3ûÚ§Ó'ãÙk°}ö é&amp#28;íÝYs&amp#5;Dªî;ÒPì·üÛ[å%&amp#5;Lb0u8lY{÷X¥9F`êØ&amp#28;à&amp#5;<Ýáñ&amp#17;ùÊ¹¿«é&amp#16;M{h«µð&amp#20;G1&amp#26;¯{3Zl¤e®mhXS¥Æ½ÃtbSum&amp#12;~³Lá&amp#0;ý^¦5ó/Ùðæ¬&amp#20;tùG6ÔýãèMæß÷,&amp#21;[«&amp#24;¾«üG&amp#25;¦¦J.Nµ&amp#15;Ò¬&amp#3;&amp#5;½C&amp#7;&amp#16; &amp#20;@jïÁÙHlØ¸fÝ¤¹=ÿº&amp#19;@¢ÿ&amp#4;úü¦ë}7ö&amp#1;2Â±	«&amp#12;&amp#17;&amp#17;&amp#14;¿î43ÅÆ´;Å±ýr÷&amp#27;Çßa+HØý°MDIYØW#Ã¤ÐÆi&amp#25;%9ÂyÚ{±4ÛQc-c2&amp#5;z ZÒí4ýcÁUõ&amp#12;eÖñòu§&amp#27;C&amp#12;p'RGúC°I3&amp#21;ÙÆ%o&amp#12;&amp#16;¬Eü0Ó@5@ÙiNëYcöRFÔ{#þæ×<&amp#16;ýÍ&amp#16;9ÅÆ#&amp#17; vfú®º&amp#23;£dJ*&amp#22;&Í&amp#5;VN&amp#16;e#`ºP-Èê&amp#18;&amp#16;°Ùy&amp#22;V(cáÃ¹OASL&amp#20;¯õ2»:!µàC"©èpu(BA¦-U&amp#29;4&amp#29;Öj­&amp#2;ÙX]â¼Äð¦#rÆºLÑªN%µy ZÊ4ë±Y¿>ðx|ÁVìÉ>&amp#29;ª&amp#21;&amp#29;³äðí&amp#4;"Ã¨Ñ¡xYÿ!ßï&amp#1;&amp#2;dûª:&amp#0;+bU[ 3¶&amp#26;daõtR&amp#12;&amp#12;`)ù&amp#15;Ó&amp#21;nµCáòp2øÉd2ó&amp#19;>¹;¾ÌhiY&amp#22;&amp#27;ámì·¦Ó¥­.oór&amp#14;iþ¨&amp#12;È×*&amp#27;)·&amp#14;â
&amp#21;èÜ1Û&amp#1;&amp#7;ì_¨;Ä[o^ÏÑ¯&Ë~Êãèï&amp#25;¡ó×$VÝç3¯	vÔè&amp#17;ð-&amp#23;*éj)&amp#18;A-ó&0v&amp#5;£c¶û&amp#0;ðCN<}B/&amp#5;8È&amp#21;¡äMþüwçE±y²ûtï}&amp#20;0@=%À	µåq&amp#4;zJã&amp#0;'æ&amp#25;ÐüFêd&amp#21;ò_t²ÒWsfxjµ¹àmFv4÷&amp#0;³¥µ&amp#23;¶ïY½ÌìbOYtû?½SMNÉOj{*lëÔ&amp#20;~&amp#8;ù&amp#20;Ùú&amp#1;1³R
&amp#15;¬é·°Î5&amp#6;OR'¼ù&amp#30;=Àâ<t&amp#19;&amp#20;&amp#11;ã°|³&amp#29;°÷O6&amp#5;O×kÂ&amp#24;\·1^7n¾x&amp#11;}ß-ûba&amp#24;qôÇ½Ç{z&amp#12;&amp#11;Á¢¶&amp#19;Yê=`mÊý 9îóùÑ?±yù&amp#31;&amp#11;°ç±¿iùx¬	í­¼þå7n|=u&amp#8;E6/&amp#14;JHpO^&&amp#1;$&amp#4;&amp#20;&amp#29;ç&amp#31;-&amp#8;&amp#18;¸EÌ6ÞgL:#íÿì·@)_&amp#18;¸2ÑÂÚ¬&amp#12;HJÑ¤ºvmíÜ¶ÕÙ&amp#22;+¿¶]®öi»ÞX&amp#14;þÈårÓ&amp#29;Çy~KwºáØ}óÞýò>³ÃõzÁ÷4®¡&amp#22;&amp#16;¡_R°pÆªÎ65I­&amp#31;Q¶ÃØÞ6-kX¾©¬vuÁ&amp#8;h1éño&amp#31;&amp#8;&amp#3;&amp#15;Å·&amp#11;ª&amp#31;/{À
8¢ÁZ	Ó·®ãÚ&amp#6;&amp#31;öÊ$$ÐË&amp#11;b¤®È	Õ[×wVÞéñG<L&amp#15;,YZÎ0Wø¶<)»\wr|þ²D?sû&amp#22;å­5Õrj­_	vPýr&amp#1;&amp#5;Ò?&amp#29;ð,é¹Ã¨&amp#5;ûØ&amp#17;ÈId*.Ð<VÕT¢&amp#26;ìUrz·&amp#24;MÿÑªö2 &amp#26;¹kÜfi.ÝN7FÞ®ø³&amp#12;º%&amp#29;7J, ¤&amp#17;&amp#3;&amp#0;ÐrñS&amp#8;s&amp#2;¶1]CcÜ´4"Ì$ZCjØP&amp#27;EwWF8Ó7SÄèP-/&amp#12;¬&amp#14;ñ+FüUîæµ a¿ÇÝ?ö1éE¸Í(ºÈÜQ`Û¦&amp#0;(Ç[ï/Ù±&amp#31;º\`],ç[CÆ@	*&amp#11;³'=&amp#0;ÆI¤&amp#15;úL-UZây,	_[^&Ñ&amp#8;#F%&amp#28;/§Ó}ÄÆá±&amp#27;EÂ!7&amp#24;¼u!&amp#12;¬c&amp#2;àJ&amp#23;ÆU.&amp#16;&amp#20;¹1Äá°·L&amp#19;B^¸,ùª_RÐ)&amp#29;&amp#26;Ó&amp#30;&amp#29;o
åØ¬Ø¿ÀR¨äti»¾r&amp#8;täjgÁR&amp#24;^&amp#26;°îøRÎ©u~zÆ&amp#8;&amp#18;ÏÞû]M??dcT&amp#19;±&amp#12;68J×T&amp#7;&amp#1;+êQ/íM=ËÐ»IÙÂ;P&^¥&amp#18;G« &amp#16;JÍZÂ°Ì\Ù7;¦·½:\íZ0&amp#3;&amp#31;JµT)&amp#5;&amp#28;òØÌÖ?Ä,¨EA&amp#26;&amp#19;SÌD%&amp#17;c|&amp#24;Ê[b%°Q&amp#17;_J&amp#12;¹Æ¤ã&amp#19;7ñ;£ÁE 7w^µïP&amp#0;Dµ¢K'¹,3¹Â6¥@C&amp#1;±fF¢&amp#23;EN=Ic]ZÏ¼å»Ð1&amp#30;9¶Å¹Eý*zä&l`©$cõ´&amp#27;ÐËLÉW;ý\E~09;'/çF²S90+¡ ÁDÌÒæýrû©¿´äDE&amp#12;ìx&amp#20;T:¿Ù(11Z\H2PsÃR&amp#16;¾íÒ&amp#28;MÙÄÜæi,Ð+&amp#2;°&amp#18;Eíä©&amp#3;&amp#7;r0< £&amp#4;&ºæ`,~e×&amp#22;&amp#8;&amp#31;ëÅZ .iQì&amp#30;|¬~8Ê%,&amp#27;t&amp#5;&amp#19;s}Kö^ý¬&amp#12;¼í@5¥-²s.±Ë&amp#12;7J&amp#2;&amp#11;&amp#19;vÛÿUÛYFÅ¹dk&amp#24;&amp#8;&amp#16;,&amp#4;www·à&amp#4;ww÷ÆÝ»k ¸&amp#5;î&amp#1;&amp#7;»%¸{p½9gfîÐ¹sr»W¯Õßý>Õ_uUAuíw&amp#11;e%&Pg·Ù§Y?Óæ:P!&amp#28;o2&amp#14;\àå:èöÚcïà¥ÕoÆ¦¤(Êääò³&amp#24;oÍY-iÈ´Nï&amp#8;q)&amp#8;uí&amp#17;ûd&amp#22;³&amp#18;þNÔªWæ&amp#5;7¸ê»"&amp#26;\ÝN?Æ:êH)&amp#12;|¿+RÌù·VÙ°ºÐ&b^:"E0'ì<~Úp-ô#&&amp#0;õ¯C©ú!»
a&amp#15;xÊ>gÛþ­¸ÑÛdx#z&amp#4;ÎíÐ*y&amp#3;ÇÌÕ7Ð`~ÆleÎËôJ&amp#7;¥êª­u9J.P³ÐNÇ2Vv&amp#20;(FÁGÖJ&amp#20;KÓÇ¼ÊJ<C`èPô¬&amp#30;¬&amp#8;¼cc¼|>iöËuïhú
J©â6eä¨Q»ùpéDôÆ³Aæ?Ô rø&amp#22;[&amp#26;´EÂ¼fr-ôSQ&amp#24;	vl)m&amp#26;fÄ5	&amp#8;Ö¤9²Ø&amp#14;æÒÛy§÷ºùÎ¤KÛíuoÉ%âÓ4ß¨×S%CÛ½\öËòëßq?¤y&amp#1;åïlSpþ&amp#2;W,©l&amp#28;ªG©Æ§hõCguM&amp#23;&amp#27; òävÏ&amp#28;/zõ &amp#22;Ê~¬ÑúÂ8´2NPÎ²&amp#27;&amp#1;£8çdÅ}b&amp#14;ÃÇÁJÎ&amp#22;Ï¬ÚBmç
©FÄr48cxDäÙópº3ïyÜfâwöÕ¤)q¢Ç·µÜ¶Ö&amp#4;vE©éYJ%5Åeå¬&amp#25;ÉH]t6®/Â²(eB%H+wCmÝ\®»1:Hp&amp#27;eð÷¼·ÁT&amp#31;\X[2Çj´±¤Ù¬±øPh8ÊJnÙKuÚý_&amp#30;qç¯&amp#19;;k¿e&amp#19;ÏÍSg}Ð¼&amp#21;¾]}/Ã&amp#16;J¿üâ!qÌv&amp#28;÷!òA^otJe÷ÂGþ3óý0c@Õüm»h5­·äµþ|oqüu&amp#27;ÜÁ¼&amp#15;&amp#11;ÎfþV ¢tÅÚ&amp#17;&amp#30;²>&amp#11;¤íyK&amp#20;u_f¸P2&amp#29;Ópãñ;Üä1x¦¬ÉÔ&amp#6;&"îX1×öë4Ò`&;âÉ;R}&amp#27;¢&amp#1;¶IÊ*]Ü	k»L:®.VP×j9¬ä3&amp#25;&amp#2;&amp#22;ëÂÙt&amp#20;fª¶&amp#31;ûàê<ÈéaBZ©×´´É>&amp#27;aÑí'ç_È¸ÞHf(ä&amp#20;l)äm,31á½¥&amp#26;g}æ°HdÃ@Þ2&amp#0;11clµ«~x&amp#22;öQ8ùmØb÷*I&amp#30;¸&amp#25;&amp#19;5iÕæíðIò&amp#4;F:ÔâÏÎ£;çkH_7q»WÞhdt[Ì~6Æ«/uz; Õ ¸&amp#6;FâS&amp#29;¿à´º$¿&amp#31;7ÐhÞ½&amp#19;d÷I8%¡üU&amp#4;nÝr¤6,:*%r"¯êB	|Õ;g&amp#31;Ù&amp#6;E_&amp#6;81S}oMO[q&amp#4;¨%!øµ&amp#1;«³pªBtfhæ(;òM.ÆË)mù¶¨Y&amp#0;¨§&amp#21;Í&amp#11;hé'&amp#18;²&amp#3;®xÿ:5t¨)Â&Ôo&LÓ&amp#5;îv;±&amp#22;Nò&amp#7;s46&amp#5;&amp#23;âmb&amp#30;>Pu'®ç²³	&amp#16;ÛúY&amp#5;÷E¾dº&ÞC_Îñü«$>M`	6jÉ&amp#20;°TÉrÚ\&amp#27;&amp#23;ÎèPÍNmÖÝItzOiç1§&amp#4;n3J/ÖJaû/&amp#26;ëùx&amp#17;Í&amp#22;ÛOìgärÖfV'/@&amp#11;¹¸ão¿%k&amp#25;¶x×y&amp#20;}½µ&amp#17;G0C¡8&amp#26;±r&amp#20;A¤ÛÐw&amp#20;,[Vÿ>2&amp#17;ajq &amp#18;¦hëz&amp#29;&amp#19;T	æ4&amp#28;J·ÉJAUSVmq½£Ä3V&&amp#25;Á¹d'&amp#0;råX&amp#17;Eªª/KÄwFÊ2¡ÇvNj*&amp#7;sÙlyÓ,Ê%:aICsÐÖëøb%âÕ³A­tv&amp#26;6&amp#7;Ð\o¢Ð´t×&amp#22;5Ûõm	¼3Ôoã({Ðµ©ÅÄt8ÝªÙ!&amp#30;g¾o0«øf¨'&amp#6;+©tâoÀ
¿_&amp#25;t&amp#5;Ó Y\ó^&amp#25;>÷eÝ7eÆC`11&amp#19;MGdÛ}¦Ïp.âö%V&amp#27;Yñ&amp#4;%uïKË¾fêe-é¶LgC¡îÈZö6&amp#0;Ûe¾&amp#6;&amp#22;jOU­2J^úô&amp#26;vá|Ë&amp#20;MÐ¤&amp#24;\£&amp#15;{öªúLju/ãË«NZYÎ¨³éS\FJ¶nû~9ëþC&amp#19;Êr&amp#25;Q¤¡Mkzl~øª	&amp#27;FÏñË$&amp#8;ôMÔ&amp#17;÷¡Ú&amp#30;Ï3l¸&amp#24;v»î&amp#11;Æ<Ìp&amp#30;û&amp#8;ÅWöJ&amp#15;&amp#3;É k¾&amp#27;[ÁÄ7"R3¦¡)}m2áy0&amp#26;ÌKóy&amp#28;7<&amp#28;¥ù)&amp#11;·`&amp#5;p9®&amp#8;¤Ð&ÑÝU!&amp#26;è`§&amp#20;&Ù_Ð-Â2rPöóÆ&amp#4;&amp#18;&amp#20;µ¿&amp#19;ÐÍEÏz¶ä¹M&amp#17;l&amp#28;ôæC7^åA¯}³h&amp#14;«Ú¥½
Ç¬ó<Ë[µ·hWr(&amp#11;rè_s«»RGûØì8&amp#5;JÑ¾²)æº@2¾SÐá^&amp#30;~-&amp#31;<&amp#31;µ&amp#24;Px´¾¢u}9ËÄö27»ñô&amp#11;^ý'rì®dì ÊÆ&amp#26;)ÈÊ:»))E¶ALÁæ%åË&amp#18;u^&amp#16;0¯&amp#19;Ü&amp#15;Ä¯ÞH{õa÷H&amp#15;m&õx»¥×¿\&amp#26;â"Ée~SölFeýëù&amp#17;&amp#8;t&amp#7;k&amp#31;Ñû#®&amp#23;KËC&amp#20;Æ ÎÔ&amp#26;%n¸&amp#16;2½îá&amp#23;òLäãõ4&amp#5;ßi5Hëi§vm{¶atÛ&amp#3;x)&amp#8;Ît&amp#20;&amp#14;&amp#5;&amp#14;&amp#24;Z&amp#7;y=N&amp#16;Ô_+­+Ý»§&amp#11;]&amp#2;Ð®åÞ&amp#27;qZG&9]æÓ6KTS°¦lèóL¾{8%ðÎ¢ÈÄo´XPY?i´Ízy¥£úEuÎ&amp#23;×Â½Ñ´¼9S&amp#1;&amp#7;â&amp#0;¬þÄÄ%\<¦&amp#23;m-&amp#20;&amp#22;&amp#11;°°&amp#4;V&amp#31;vôécï·½^$;Y¹´R|c]³Ø#5î3Ü¹Ls&amp#18;Jüö4cªôª2G®&amp#16;{í`è&amp#6;ÐñPÃ,xZ3~jlé»:?¹J&amp#8;Üçé3 øx½· ØÇL·&amp#28;~t·H -&amp#4;÷o&amp#0;aØÝ¡1kþÂÂ-[±E34è&amp#6;á&amp#19;ßÏ=_&amp#0;âj&amp#27;Ô§VÑÌ{ËöÜ&amp#0;ñ:&amp#11;t/ág&amp#7;/Èíê=_j®s.P&amp#11;5ÈÂë§áôÜÀãÅäºÊ}í&amp#20;:!t8Aæ!òé¡+Ë7§Íìî#«ºl*u&amp#3;}BwåÓÙIf³¼y©y­Ezsär	1@Ô¥pí1w'«xôò&amp#18;5&amp#19;Ït°3Ò{û|§Ð5óë&amp#29;Ì5ÊúÈÖ(á-ñ&Ëµ£?ëfN-àf&amp#27;7m/ii>a¯ Zñ&amp#8;ç²&amp#16;cNÍù¾Z¹üÁÏ§vÔ&amp#4;¾L&amp#25;¢<ë|u:?´)&amp#26;l*·t±7&amp#14;D2ü
À&amp#29;1X,ÔÕè¼&amp#0;õ&amp#24;»&amp#5;&amp#27;57&amp#28;")â&amp#2;¥çq¹¾+ìeªúò&amp#3;gÈ7ö¤^&amp#1;C(þb}Ï~¬&amp#27;]ÁN&amp#4;>b&amp#3;cdeC4&amp#3;ODäõW¢Þ&amp#16;ÌmõýÜ¦üUÖÑÔçÝ-9{&amp#25;Þ,®¼vív&amp#30;¥½È)+N¤
_q¥¯&amp#8;å_ÍZÆÊ[JÄõß¯&amp#14;»i¯&amp#26;ïbNèÈ­&amp#31;»ë&amp#23;·ú{´×B¿³s]4	5rH6&amp#25;&amp#30;<æ
ZãYÿÀ$·ÛÛØ¯6Ïo*&amp#16;U<èÿ|Í&amp#19;ÉmZ¾84º(&amp#31;¦6(ïA},&amp#21;6}bjÌâ»2&amp#25;5ö&amp#23;}¤§»ULëS®&amp#17;Þ¨#;ÅÇLô;Ú20NÕIfÇÝ3êl&amp#4;°çÝ°÷t(Ç&amp#23;oKe;&amp#7;ÆÞ~VÈ4u&amp#3;ð&amp#4;Oºf&amp#24;·F&amp#27;ßÕ-ð$¿nÌDyæîðÊôs[¤>N÷ËcDO½,÷&amp#28;&amp#25;¨ìðáQø&amp#3;R-d&amp#14;&amp#28;tí»ö¼µ7ÇA&amp#11;Äö/¿&$s^`yÙT(ì/&amp#14;£ï#¢m&amp#11;&amp#22;djê$r©w)õ¯RK&amp#26;9­,7à2[&amp#7;ù&amp#26;WÒQr7á [Ë½n¡Þ®½1Àö6M&amp#5;MÒÿÌ&amp#17;eS<Gã2&amp#12;¥&amp#26;ÃÁ¬&amp#16;&amp#27;¯R&amp#30;¿^åW¥¬®#Ø(_6ÝUÓüµ¸²|W#É9á;½ûÄæ«9ËôÊª±âOºÇí¶+JLØÙ96¯)YÈfªÆ&amp#8;Ïèã]ó&amp#12;½òT8É&amp#14;}­¦Þj+¶$íPzxÃÕD·Ò² ¥hg[Äm&amp#16;Å¹°&amp#24;°^u½&amp#17;Ïw¼&amp#19;äR&amp#20;1*Z^@êèh¬³d&amp#17;ÓÈ´@MÀ~Ö>¶ÓEd*¯PæÈ¿xOÏíÔ&amp#3;]ZÅÁnÛ&amp#18;¿üC&amp#4;&amp#26;S691Þ«:µÄ&amp#30;~ÈÉhXU9ÙÍÙ&amp#31;,éfæ&amp#20;><s&amp#22;;¤ÀY}&amp#28;t&amp#27;/á(»ê¶ð9	îW&amp#30;&amp#3;7Ë:):Û=Þû&amp#21;&amp#6;>&amp#27;&amp#21;é¬S¶&amp#4;õ7Ù&amp#22;¡KÂhÉÚÞ&amp#18;ºnoµ«á¹-Ú(%ùuY&amp#14;Ç÷^Úâñ&amp#25;qx÷o&amp#17;Ë&amp#31;Vº!~Y÷j´6º2}Î3&amp#14;¥ªÕÕe]}q¦&amp#6;>Æ^ÛÈØ&amp#16;Í-&amp#23;31}3.m&amp#29;;4ÖÖYêÆûîK&amp#8;&amp#26;@§Ôt Ì^&amp#19;+i¸¹u$i~ÜGaÀ${m&9jB&amp#1;ûð}µÚÇÃÅªDC(Ã<&amp#20;ê5¼BÍÀ>¶±®cj¹báµ¼ÌUg©&amp#4;\¶çÞé¨'&amp#12;½b8ê&amp#17;­}t;sCvõÄ^8ø¤&amp#15;QÑv|}Çiï|Þ­"&amp#31;Ýþ~îuææ¶
&amp#1;&amp#4;¤â/íü¾&amp#17;bôhgä&amp#31;f[æ¿y&amp#5;{@&amp#27;èóÿ&amp#20;ÅH&amp#1;-ª×^&amp#21;C[&amp#23;£]_çï_&amp#30;V¤<f&amp#20;&amp#3;é&amp#22;R&amp#27;ë_]+=¿gLã¨»ýdX1+¡p Oö&amp#6;?Õæ
Óü)ä&amp#20;&amp#7;4.&amp#11;çÅÂEË&¯Ønæýº&amp#8;üR4"8ø5-wòT¸»Éèkúí&amp#1;QÂ»2ôð ô¡µÁSÊE:ÌYFKsqz#òA?D×zßE¼Ôe7Ï&amp#4;éx&amp#29;îsbíÀÙÔEzk`òG&amp#19;Õ{Ù`9Ë¥¨Jª&amp#12;7Æ&amp#21;Ýíäô:KßRoÉÌ²£í¸&amp#4;©j7ÁC&amp#31;ÂÍD4ùØ¦\Ô Yç&amp#26;¡à¸&amp#20;)½4²5&amp#27;Ón[qøho¤ålåÕ5¼&amp#21;&amp#21;Å6Æ"96~À*¹Û`Å&amp#4;[ÀLSÁ*oÈ°QçÍg&amp#3;w>&amp#4;-u¹&amp#15;çÅöÂ&amp#27;üµn6#µ¥0¢ppô&amp#12;&amp#17;ÔéHr5ê&amp#1;ôÇ×&amp#7;¹[Â½P&amp#11;%&amp#17;&amp#5;P&amp#7;6&amp#21;D"ò&amp#11;&amp#26;û#&amp#21; £PÎ0&amp#11;Õ&amp#22;¬&amp#6;ó×a&amp#17;¯Â&amp#26;,ë5ý"igÂÁyÁö#?o(dÍ&8ôVAp!dõqÝõ§}ýÊ¯5,¹Iûùi&amp#31;dVîJ¶h?"Î-O>;&amp#3;æ'}ßN&amp#23;â&amp#14;
ølâ~&amp#24;&amp#15;¹N!&amp#14;*AÌ&amp#18;&amp#3;«&amp#18;XùþJ&amp#8;ÿ¸\BßH'lD¸éÉTêB4OÔ\Ä	uæH¬#&amp#6;dmøÀ`¤H&amp#18;òK&amp#6;Ò·xÓGP2PÂhgc5D;Ô&amp#3;!2ÉÉCØçoùL&amp#12;Çú·®8&amp#23;ÙÖ&amp#23;4á8ÃÉV&amp#23;|!¾&amp#16;ª¡ÆqÝ&amp#5;(¯ayï©B&amp#24;	ÛéÁ&amp#28;îmÞ¥ß3 $&amp#19;êù&·7aËKIÝÃ¸ª+ãU­S2f¼»~ o&amp#6;Y]ÛIì@ÐZ&amp#16;6íÂÔf&amp#28;1~Ñ*&amp#2; K¤íÅ 4Õ k&amp#20;¿¼xß&amp#19;Ã&amp#17;DÎ²Å1¼ U±GnÀjÆâyZÝ­º&amp#14;èk{~]£¹&amp#24;³Vf,6`Âg9#o4:&amp#26;!âËOEGÎÊ&amp#19;Êc'Y&amp#7;«îË¿&amp#16;YïzÐÇ&amp#24;Ä;,i÷-ÏS²?ÄIÃY	·gWÖ¡&amp#5;0Gª&amp#1;]PR´f|
ËÌOYÅOíþu%ø¾Tê&amp#25;Ëä¨´]üÛåA1Q¯»Ngý1n&amp#24;£!*Îbrswán_O6âæký|0Ö¤÷æo&amp#12;Uød¹·SÏ¯&amp#14;¯$¬`½	¸7ÃKµ)2]'³jõÀ¤©~íÆ&amp#26;&amp#16;m&amp#11;á¾"iã&amp#0;ø6rDöÕ Þ(&amp#25;}f·×÷Û«1n°f&amp#11;¦AK{÷Vì^zS¸ÀjÌWH3&amp#27;&amp#6;Q&amp#23;{g]°IÈÃXè)&amp#17;V>(6«ä'ø÷NàíüØú¸ºß£Ì?Ü¼<ÑaòÀF]&amp#20;åMSÆÛ<õ5û4|&amp#20;&amp#14;å=´©pgþ¢-á&amp#26;jL ÆR}Ëuîùqz]çP{ÛøG&amp#11;&amp#1;6?&amp#27;w)yÈ1·aDZº&amp#11;&amp#27;Î~²^e|*ÌÉ&amp#29;p³'­&amp#29;Ú2Í&amp#27;¡+ºâ!MÍB.uº¢Afjë71Ñ,>|nÈ&amp#23;$6¹&amp#14;ËduÚb&amp#17;7&amp#28;&amp#11;Þ¸Ú8=&amp#11;N¸7&amp#0;ýèöSåw[Í^`&amp#15;í¾Eó&amp#28;]Ï!&amp#5;°9ìa=V­äZSÇÁ"&amp#8;P£Á]ìPõKIæî(¿½Xå³±½#F&amp#29;&amp#5;÷¹	Å`êºøJfÕûqÆw&0w«Ây&amp#21;Ç&amp#20;ýÊ©á&amp#28;&amp#7;C|·ÓÈ&amp#15;qÉ2&amp#5;|Â&amp#12;f<âB=ã&amp#19;e&amp#15;Wÿ%Ìø.'&amp#19;c83Ïñ&amp#11;&amp#26;ûýM&amp#14;¤ªèä&amp#17;ø¹ðzú°%AÏ&amp#4;MÑÙÀ&amp#24;&amp#28;çåÌãËà0ÉÐZYJáòoÁ&amp#20;&amp#4;&amp#15;ëÅ-¦	&amp#15;&amp#15;¶&amp#19;]Ûó}q­°ÙúÉ&amp#11;¾GÊ8!%kuº&amp#2;,&amp#25;Í &amp#14;|­y|r4&amp#28;4e¨Ñ&amp#15;&0¥/§m&amp#27;3ç8øqHJû¾ê&amp#27;ðtúc,}· ´³	Ó*³wkê_7×RÐbs&amp#22;}Ë!p>ÐbHîP!E'Äª%qSlåÌºTOÛx&amp#8;,Ì4µ	Ö BJ_&amp#12;&amp#23;&amp#21;&amp#31;g&amp#7;;Î+&amp#23;8Ú#!&amp#15;h&amp#11;G/Vòmô	ÌEhûèxí?Tê&&amp#17;&amp#23;ÌÇÏáXFT'ë7]&amp#12;çTl&í¿Ó9ÓÌq ÏB®|n~¦Bxz£
å¯GÂ/=aÈ
&amp#17;íã¤3Aê§w½&amp#6;&amp#2;*q<&amp#15;XÝ&amp#15;<Ç&amp#15;J(?&amp#23;G]ì~ÈÐHTh&amp#14;Û´8r&amp#18;ì/}öÙ8?±h&amp#29;wé·Ew}ó&amp#25;&amp#4;IÙ&amp#27;Ð*¸æé&amp#29;VÕÜiÛÉcÔ]ãdni<&amp#19;W/ôîsYÍ=â¸&amp#6;¦ó¤K®G¨!&amp#16;.Y½WÝh\·wW5;ö	ÚÖQ½J84GÐÚD6¶âÈ·Ýß&amp#29;Ï·Ðx&amp#31;«y\¶ç&amp#24;&amp#23;G úå©}÷{Ý¢&amp#16;ÂMþ]H&amp#16;&amp#16;w-¦\ÿõb
ä&amp#30;¥ø÷3ÃI&amp#0;JI_0åÖ<(AÍ&amp#26;ê°³\T®<ÄøT,Wì9ñf£fë:MP¾´Ë&amp#21;2*&amp#1;¤³Y|ãêæÀ t]gç&amp#5;FÓ¡Û«Uò7¨¥ÔG¥Sea=Ø-J¨&amp#26;øP&amp#30;ÖÇ¢Bj&amp#26;GjÑ&amp#23;,ÂND?ª¬p~H3hÖßuR&amp#20;x£ïo;¸d"2ÿu&amp#30;4Ðµ=2ÉlLý+§ÕlSöúYAºñ&amp#22;ý&amp#22;jü<­$&amp#3;Í;î¡un5ù±A	çH	?ÎÅ}VH&amp#31;"u#(«&amp#1;"¸WÊ§Ä¥z!ú5Ïj&amp#0;ê·r9ô^aäP]#&amp#24;aÄ}É¬·ðèpÿ|&amp#1;G08-¹@a/ìAQQÂe7¼ö ]&amp#12;ÕL&amp#1;¡!Iâ!&amp#6;/ªR°@eãÞÈ²PîGW&amp#30;FÛ
@±&amp#2;&amp#15;².×@&amp#17;Ê&amp#3;]&amp#27;éRíª&amp#1;½%]&amp#12;C¹^\&amp#17;Z×_#ÈÝÅIÂ5&amp#4;BÃÅV×g&amp#17;ù|&amp#30;øÖTS'¨frÂ´êZf<ãÞ&amp#0;¨6Ñ0X&amp#18;`iÝkämÚ(õKd&amp#14;²û&amp#28;C)CJ¼[êÔlRIîê«
éÚØ&amp#2;PÖ`ÕÔF½°ÍT¿}W¸F§ýìB"ÔÝtH&amp#8;Õò¤&amp#3;åc£ºåL0Ü²àGãÄ.fmwk0î<R­»Ó&amp#25;(m®X@g¾&amp#0;³Þ¼àmnþXòn3\&amp#25;\&amp#1;ét*e&amp#27;«&amp#21;£è1ö¥&amp#8;â7&amp#24;Af¸¹é;S#t&amp#27;§&amp#1;&amp#3;x:&amp#3;y­+¼²&amp#12;ÕÈé¼&amp#29;&amp#11;&amp#31;&T#p&amp#12;}&amp#1;Wþè2éAw½&amp#7;6&amp#11;·&amp#11;&amp#7;XÄ&amp#25;íà&amp#25;]P&amp#5;v_&amp#18;Û­T/¤oh&amp#23;
¨\Z&amp#3;Eåßrg	s|&amp#24;l&amp#20;²s	(LØÇ¬r½ÂÀÄ×qZâ6Lxkkk&amp#0;(&amp#15;&~À#Ø­)Þ ÜàáWõÇéä¦¸&amp#2;çK_­[è¦Û8ïûì~û»ó&amp#18;/¡Ð4&amp#24;&amp#8;&amp#8;ÿOÏN¼þ·ÃÇÞÆÂø?3Í%&amp#18;@&amp#8;ú&amp#4;.|+¨í´ªßâ&amp#11;-Ås&amp#19;Ka"kDúÉÕ&ÈÞ×&amp#28;&amp#11;îAB&amp#12;ï&amp#22;ôÂpøMOE¼vü¾ÐÇÉÄ"&amp#25;§­¼m &amp#28;&amp#29;ÃDhPè&amp#18;7å!ìzì(Q&amp#11;&amp#30;´+)µ»&amp#16;cûfN½&amp#25;&amp#6;Ô¢'&amp#21;ù&amp#29;rÂwu&amp#17;ù9´UtD²fwµÃn6f5ªÄËÂ¢cï&amp#16;ík¯_&amp#16;~Sð¢#&amp#14;ÎA'(%½ÿ[Ñ{­q
F¦4ßü)r©q8Ì9F¨Ãøæ!ÌêòV?U«[´8¤B¹¤þ°K­Á7Ä³Þ²&âv&amp#21;jpïN@«
iÉ&amp#27;Z3@Ç«QlÏ´!8#É\£#J[!9Ù&amp#31;Iºl¨l,
[...]
&amp#0;&amp#0;&amp#8;&amp#0;&amp#0;m¾J&amp#0;&amp#0;&amp#0;&amp#0;&amp#0;&amp#0;&amp#0;&amp#0;&amp#0;&amp#0;&amp#0;&amp#0;&amp#14;&amp#0;&amp#0;&amp#0;&amp#0;&amp#0;&amp#0;&amp#0;&amp#0;&amp#0;&amp#16;&amp#0;íAy
&amp#0;&amp#0;src/main/java/PK&amp#1;&amp#2;&amp#20;&amp#3;
&amp#0;&amp#0;&amp#8;&amp#0;&amp#0;m¾J&amp#0;&amp#0;&amp#0;&amp#0;&amp#0;&amp#0;&amp#0;&amp#0;&amp#0;&amp#0;&amp#0;&amp#0;&amp#17;&amp#0;&amp#0;&amp#0;&amp#0;&amp#0;&amp#0;&amp#0;&amp#0;&amp#0;&amp#16;&amp#0;íA¥
&amp#0;&amp#0;src/main/java/io/PK&amp#1;&amp#2;&amp#20;&amp#3;
&amp#0;&amp#0;&amp#8;&amp#0;&amp#0;m¾J&amp#0;&amp#0;&amp#0;&amp#0;&amp#0;&amp#0;&amp#0;&amp#0;&amp#0;&amp#0;&amp#0;&amp#0;&amp#26;&amp#0;&amp#0;&amp#0;&amp#0;&amp#0;&amp#0;&amp#0;&amp#0;&amp#0;&amp#16;&amp#0;íAÔ
&amp#0;&amp#0;src/main/java/io/redspark/PK&amp#1;&amp#2;&amp#20;&amp#3;
&amp#0;&amp#0;&amp#8;&amp#0;&amp#0;m¾J&amp#0;&amp#0;&amp#0;&amp#0;&amp#0;&amp#0;&amp#0;&amp#0;&amp#0;&amp#0;&amp#0;&amp#0;&amp#31;&amp#0;&amp#0;&amp#0;&amp#0;&amp#0;&amp#0;&amp#0;&amp#0;&amp#0;&amp#16;&amp#0;íA&amp#12;&amp#11;&amp#0;&amp#0;src/main/java/io/redspark/demo/PK&amp#1;&amp#2;&amp#20;&amp#3;
&amp#0;&amp#0;&amp#8;&amp#0;&amp#0;m¾J&amp#0;&amp#0;&amp#0;&amp#0;&amp#0;&amp#0;&amp#0;&amp#0;&amp#0;&amp#0;&amp#0;&amp#0;&amp#19;&amp#0;&amp#0;&amp#0;&amp#0;&amp#0;&amp#0;&amp#0;&amp#0;&amp#0;&amp#16;&amp#0;íAI&amp#11;&amp#0;&amp#0;src/main/resources/PK&amp#1;&amp#2;&amp#20;&amp#3;
&amp#0;&amp#0;&amp#8;&amp#0;&amp#0;m¾J&amp#0;&amp#0;&amp#0;&amp#0;&amp#0;&amp#0;&amp#0;&amp#0;&amp#0;&amp#0;&amp#0;&amp#0;	&amp#0;&amp#0;&amp#0;&amp#0;&amp#0;&amp#0;&amp#0;&amp#0;&amp#0;&amp#16;&amp#0;íAz&amp#11;&amp#0;&amp#0;src/test/PK&amp#1;&amp#2;&amp#20;&amp#3;
&amp#0;&amp#0;&amp#8;&amp#0;&amp#0;m¾J&amp#0;&amp#0;&amp#0;&amp#0;&amp#0;&amp#0;&amp#0;&amp#0;&amp#0;&amp#0;&amp#0;&amp#0;&amp#14;&amp#0;&amp#0;&amp#0;&amp#0;&amp#0;&amp#0;&amp#0;&amp#0;&amp#0;&amp#16;&amp#0;íA¡&amp#11;&amp#0;&amp#0;src/test/java/PK&amp#1;&amp#2;&amp#20;&amp#3;
&amp#0;&amp#0;&amp#8;&amp#0;&amp#0;m¾J&amp#0;&amp#0;&amp#0;&amp#0;&amp#0;&amp#0;&amp#0;&amp#0;&amp#0;&amp#0;&amp#0;&amp#0;&amp#17;&amp#0;&amp#0;&amp#0;&amp#0;&amp#0;&amp#0;&amp#0;&amp#0;&amp#0;&amp#16;&amp#0;íAÍ&amp#11;&amp#0;&amp#0;src/test/java/io/PK&amp#1;&amp#2;&amp#20;&amp#3;
&amp#0;&amp#0;&amp#8;&amp#0;&amp#0;m¾J&amp#0;&amp#0;&amp#0;&amp#0;&amp#0;&amp#0;&amp#0;&amp#0;&amp#0;&amp#0;&amp#0;&amp#0;&amp#26;&amp#0;&amp#0;&amp#0;&amp#0;&amp#0;&amp#0;&amp#0;&amp#0;&amp#0;&amp#16;&amp#0;íAü&amp#11;&amp#0;&amp#0;src/test/java/io/redspark/PK&amp#1;&amp#2;&amp#20;&amp#3;
&amp#0;&amp#0;&amp#8;&amp#0;&amp#0;m¾J&amp#0;&amp#0;&amp#0;&amp#0;&amp#0;&amp#0;&amp#0;&amp#0;&amp#0;&amp#0;&amp#0;&amp#0;&amp#31;&amp#0;&amp#0;&amp#0;&amp#0;&amp#0;&amp#0;&amp#0;&amp#0;&amp#0;&amp#16;&amp#0;íA4&amp#12;&amp#0;&amp#0;src/test/java/io/redspark/demo/PK&amp#1;&amp#2;&amp#20;&amp#3;
&amp#0;&amp#0;&amp#8;&amp#8;&amp#0;m¾JÊÅÝj¨&amp#0;&amp#0;&amp#0;ù&amp#0;&amp#0;&amp#0;
&amp#0;&amp#0;&amp#0;&amp#0;&amp#0;&amp#0;&amp#0;&amp#0;&amp#0;&amp#0;&amp#0;¤q&amp#12;&amp#0;&amp#0;.gitignorePK&amp#1;&amp#2;&amp#20;&amp#3;
&amp#0;&amp#0;&amp#8;&amp#8;&amp#0;m¾JG&amp#18;&amp#23;ê&amp#0;&amp#0;ú¹&amp#0;&amp#0;&amp#30;&amp#0;&amp#0;&amp#0;&amp#0;&amp#0;&amp#0;&amp#0;&amp#0;&amp#0;&amp#0;&amp#0;¤U&amp#0;&amp#0;.mvn/wrapper/maven-wrapper.jarPK&amp#1;&amp#2;&amp#20;&amp#3;
&amp#0;&amp#0;&amp#8;&amp#8;&amp#0;m¾J¼à3xN&amp#0;&amp#0;&amp#0;n&amp#0;&amp#0;&amp#0;%&amp#0;&amp#0;&amp#0;&amp#0;&amp#0;&amp#0;&amp#0;&amp#0;&amp#0;&amp#0;&amp#0;¤­&amp#0;&amp#0;.mvn/wrapper/maven-wrapper.propertiesPK&amp#1;&amp#2;&amp#20;&amp#3;
&amp#0;&amp#0;&amp#8;&amp#8;&amp#0;m¾J&amp#21;ä]&amp#7;&amp#0;&amp#0;&amp#19;&amp#0;&amp#0;&amp#8;&amp#0;&amp#0;&amp#0;&amp#0;&amp#0;&amp#0;&amp#0;&amp#0;&amp#0;&amp#0;&amp#0;¤4®&amp#0;&amp#0;mvnw.cmdPK&amp#1;&amp#2;&amp#20;&amp#3;
&amp#0;&amp#0;&amp#8;&amp#8;&amp#0;m¾J&ë÷B!&amp#2;&amp#0;&amp#0;&amp#5;&amp#0;&amp#0;&amp#7;&amp#0;&amp#0;&amp#0;&amp#0;&amp#0;&amp#0;&amp#0;&amp#0;&amp#0;&amp#0;&amp#0;¤Ëµ&amp#0;&amp#0;pom.xmlPK&amp#1;&amp#2;&amp#20;&amp#3;
&amp#0;&amp#0;&amp#8;&amp#8;&amp#0;m¾J&amp#31;&amp#5;É'Ì&amp#0;&amp#0;&amp#0;Ð&amp#1;&amp#0;&amp#0;5&amp#0;&amp#0;&amp#0;&amp#0;&amp#0;&amp#0;&amp#0;&amp#0;&amp#0;&amp#0;&amp#0;¤%¸&amp#0;&amp#0;src/main/java/io/redspark/demo/FooBarApplication.javaPK&amp#1;&amp#2;&amp#20;&amp#3;
&amp#0;&amp#0;&amp#8;&amp#8;&amp#0;m¾J&amp#0;&amp#0;&amp#0;&amp#0;&amp#2;&amp#0;&amp#0;&amp#0;&amp#0;&amp#0;&amp#0;&amp#0;)&amp#0;&amp#0;&amp#0;&amp#0;&amp#0;&amp#0;&amp#0;&amp#0;&amp#0;&amp#0;&amp#0;¤X¹&amp#0;&amp#0;src/main/resources/application.propertiesPK&amp#1;&amp#2;&amp#20;&amp#3;
&amp#0;&amp#0;&amp#8;&amp#8;&amp#0;m¾JÙÌz&amp#14;Ò&amp#0;&amp#0;&amp#0;&amp#1;&amp#0;&amp#0;:&amp#0;&amp#0;&amp#0;&amp#0;&amp#0;&amp#0;&amp#0;&amp#0;&amp#0;&amp#0;&amp#0;¤µ¹&amp#0;&amp#0;src/test/java/io/redspark/demo/FooBarApplicationTests.javaPK&amp#5;&amp#6;&amp#0;&amp#0;&amp#0;&amp#0;&amp#23;&amp#0;&amp#23;&amp#0;&amp#5;&amp#6;&amp#0;&amp#0;óº&amp#0;&amp#0;&amp#0;&amp#0;
    Forwarded URL = null
   Redirected URL = null
          Cookies = []

MockHttpServletRequest:
      HTTP Method = GET
      Request URI = /
       Parameters = {}
          Headers = {Accept=[text/html], Content-Length=[0]}

Handler:
             Type = io.spring.initializr.web.project.MainController
           Method = public java.lang.String io.spring.initializr.web.project.MainController.home(java.util.Map<java.lang.String, java.lang.Object>)

Async:
    Async started = false
     Async result = null

Resolved Exception:
             Type = null

ModelAndView:
        View name = home
             View = null
        Attribute = linkTo
            value = io.spring.initializr.web.project.MainController$$Lambda$70/693083472@2f471037
           errors = []
        Attribute = basicProjectRequest
            value = ProjectRequest [parameters={Accept=text/html, Content-Length=0}, boms={}, repositories={}, buildProperties=io.spring.initializr.generator.BuildProperties@1d1cfe4, facets=[], ]
           errors = []
        Attribute = serviceUrl
            value = http://start.spring.io
        Attribute = artifactId
            value = io.spring.initializr.metadata.InitializrMetadata$ArtifactIdCapability@ba562e0
           errors = []
        Attribute = bootVersions
            value = io.spring.initializr.metadata.SingleSelectCapability@5a51336a
           errors = []
        Attribute = class
            value = class io.spring.initializr.metadata.InitializrMetadata
        Attribute = configuration
            value = io.spring.initializr.metadata.InitializrProperties@4d8056bf
           errors = []
        Attribute = dependencies
            value = io.spring.initializr.metadata.DependenciesCapability@42211e04
           errors = []
        Attribute = description
            value = io.spring.initializr.metadata.TextCapability@6233c6c2
           errors = []
        Attribute = groupId
            value = io.spring.initializr.metadata.TextCapability@312a738d
           errors = []
        Attribute = javaVersions
            value = io.spring.initializr.metadata.SingleSelectCapability@7e50eeb9
           errors = []
        Attribute = languages
            value = io.spring.initializr.metadata.SingleSelectCapability@34cb0e49
           errors = []
        Attribute = name
            value = io.spring.initializr.metadata.TextCapability@48b2dbc4
           errors = []
        Attribute = packageName
            value = io.spring.initializr.metadata.InitializrMetadata$PackageCapability@2a667f44
           errors = []
        Attribute = packagings
            value = io.spring.initializr.metadata.SingleSelectCapability@53ba7997
           errors = []
        Attribute = types
            value = io.spring.initializr.metadata.TypeCapability@3f6f9cef
           errors = []
        Attribute = version
            value = io.spring.initializr.metadata.TextCapability@61dd1c3d
           errors = []
        Attribute = trackingCode
            value = UA-1234567-89

FlashMap:
       Attributes = null

MockHttpServletResponse:
           Status = 200
    Error message = null
          Headers = {Content-Type=[text/html;charset=UTF-8]}
     Content type = text/html;charset=UTF-8
             Body = <!DOCTYPE html>
<html lang="en">
<head>
    <title>Spring Initializr</title>
    <link href="//fonts.googleapis.com/css?family=Varela+Round|Montserrat:400,700" rel="stylesheet" type="text/css">
    <link rel="stylesheet" href="/css/bootstrap.min.css"/>
    <link rel="stylesheet" href="/css/bootstrap-theme.min.css"/>
    <link rel="stylesheet" href="/css/spring.css"/>
    <link rel="shortcut icon" type="image/x-icon" href="/img/favicon.png"/>
    <meta name="viewport" content="width=device-width, initial-scale=1">
</head>
<body>
<form id="form" action="/starter.zip" method="get" role="form">
    <div class="container-fluid">
        <div class="row start-header">
            <div class="container">
                <h1>redspark initializr <small>bootstrap your application now</small></h1>
            </div>
        </div>
        <div class="container start-main">
            <div class="row form-inline text-center">
                <div class="form-group project-choice">
                    <h2>
                        <span class="rwd-line">
                        <label for="type">Generate a</label>
                        <select tabindex="1" class="form-control" id="type" name="type">
                            <option data-action="/starter.zip" value="maven-project" 
                                    selected>Maven Project</option>
                            <option data-action="/starter.zip" value="gradle-project" >Gradle Project</option>
                        </select>
                        <label for="language">with</label>
                        <select tabindex="2" class="form-control" name="language" id="language">
                            <option value="groovy" >Groovy</option>
                            <option value="java"  selected>Java</option>
                            <option value="kotlin" >Kotlin</option>
                        </select>
                        </span>
                        <!--<span class="rwd-line">
                        <label for="bootVersion">and Spring Boot</label>
                        <select tabindex="3" class="form-control" name="bootVersion" id="bootVersion">
                            <option value="1.2.0.BUILD-SNAPSHOT" >Latest SNAPSHOT</option>
                            <option value="1.1.4.RELEASE"  selected>1.1.4</option>
                            <option value="1.0.2.RELEASE" >1.0.2</option>
                        </select>-->
                    </span>
                    </h2>
                </div>
            </div>

            <input id="baseDir" name="baseDir" type="hidden" value="demo">

            <div class="row">
                <div class="col-sm-12 col-md-6">
                    <h2>Project Metadata</h2>

                    <p>Artifact coordinates</p>

                    <div class="form-group groupid-form-group">
                        <label for="groupId" class="control-label">Group</label>
                        <input tabindex="4" id="groupId" class="form-control" type="text" value="io.redspark"
                               name="groupId">
                    </div>
                    <div class="form-group artifactid-form-group">
                        <label for="artifactId" class="control-label">Artifact</label>
                        <input tabindex="5" id="artifactId" class="form-control" type="text"
                               value="demo"
                               name="artifactId">
                    </div>
                    <div class="form-group full hidden name-form-group">
                        <label for="name" class="control-label">Name</label>
                        <input tabindex="6" id="name" class="form-control" type="text" value="demo"
                               name="name">
                    </div>
                    <div class="form-group full hidden description-form-group">
                        <label for="description" class="control-label">Description</label>
                        <input tabindex="7" id="description" class="form-control" type="text"
                               value="Sample App project for Modelo Boot" name="description">
                    </div>
                    <div class="form-group full hidden packagename-form-group">
                        <label for="packageName" class="control-label">Package Name</label>
                        <input tabindex="8" id="packageName" class="form-control" type="text"
                               value="io.redspark.demo"
                               name="packageName">
                    </div>
                    <div class="form-group full hidden packaging-form-group">
                        <label for="packaging" class="control-label">Packaging</label>
                        <select tabindex="9" class="form-control" id="packaging" name="packaging">
                            <option value="jar" selected>Jar</option>
                            <option value="war">War</option>
                        </select>
                    </div>
                    <div class="form-group full hidden javaversion-form-group">
                        <label for="javaVersion" class="control-label">Java Version</label>
                        <select tabindex="10" class="form-control" name="javaVersion" id="javaVersion">
                            <option value="1.6">1.6</option>
                            <option value="1.7">1.7</option>
                            <option value="1.8" selected>1.8</option>
                        </select>
                    </div>
                </div>
                <div class="col-sm-12 col-md-6">
                    <h2>Dependencies</h2>

                    <p>Add Spring Boot Starters and dependencies to your application</p>

                    <div class="form-group">
                        <label for="autocomplete" class="control-label">Search for dependencies</label>
                        <input tabindex="11" id="autocomplete" class="form-control" type="text"
                               placeholder="Cloud, Core, NoSQL, redspark, SESC, Security, SQL, Template Engine, Web..."
                               name="autocomplete">
                    </div>
                    <div class="form-group">
                        <label for="starters" class="control-label">Selected Dependencies</label>
                        <div id="starters">
                        </div>
                    </div>
                </div>
            </div>
            <div class="row hidden tosimpleversion">
                <p>Too many options? <a href="#">Switch back to the simple version.</a></p>
            </div>
            <div class="row">
                <p class="text-center">
                    <button tabindex="12" name="generate-project" type="submit" class="btn btn-lg btn-primary"
                            role="button">
                        Generate Project
                    </button>
                </p>
            </div>
            <div class="row tofullversion">
                <p>Don't know what to look for? Want more options? <a href="#">Switch to the full version.</a></p>
            </div>
            <div class="row">
                <div id="dependencies" class="full hidden">
                    <div class="form-group col-sm-6">
                        <h3>Core</h3>
                        <div class="checkbox" data-range="">
                            <label>
                                <input tabindex="13" type="checkbox" name="style" value="web">Web
                                <p class="help-block">Web dependency description</p>
                            </label>
                        </div>
                        <div class="checkbox" data-range="">
                            <label>
                                <input tabindex="13" type="checkbox" name="style" value="security">Security
                                <p class="help-block"></p>
                            </label>
                        </div>
                        <div class="checkbox" data-range="">
                            <label>
                                <input tabindex="13" type="checkbox" name="style" value="data-jpa">Data JPA
                                <p class="help-block"></p>
                            </label>
                        </div>
                    </div>
                    <div class="form-group col-sm-6">
                        <h3>Other</h3>
                        <div class="checkbox" data-range="">
                            <label>
                                <input tabindex="13" type="checkbox" name="style" value="org.acme:foo">Foo
                                <p class="help-block"></p>
                            </label>
                        </div>
                        <div class="checkbox" data-range="">
                            <label>
                                <input tabindex="13" type="checkbox" name="style" value="org.acme:bar">Bar
                                <p class="help-block"></p>
                            </label>
                        </div>
                        <div class="checkbox" data-range="1.2.0.BUILD-SNAPSHOT">
                            <label>
                                <input tabindex="13" type="checkbox" name="style" value="org.acme:biz">Biz
                                <p class="help-block"></p>
                                <p class="help-block version-requirement">requires Spring Boot &gt;&#x3D;1.2.0.BUILD-SNAPSHOT</p>
                            </label>
                        </div>
                        <div class="checkbox" data-range="[1.1.4.RELEASE,1.2.0.BUILD-SNAPSHOT)">
                            <label>
                                <input tabindex="13" type="checkbox" name="style" value="org.acme:bur">Bur
                                <p class="help-block"></p>
                                <p class="help-block version-requirement">requires Spring Boot &gt;&#x3D;1.1.4.RELEASE and &lt;1.2.0.BUILD-SNAPSHOT</p>
                            </label>
                        </div>
                        <div class="checkbox" data-range="">
                            <label>
                                <input tabindex="13" type="checkbox" name="style" value="my-api">My API
                                <p class="help-block"></p>
                            </label>
                        </div>
                    </div>
                </div>
            </div>
            <div class="row full hidden">
                <p class="text-center">
                    <button tabindex="14" name="generate-project" type="submit" class="btn btn-lg btn-primary"
                            role="button">
                        Generate Project
                    </button>
                </p>
            </div>
        </div>
    </div>
</form>
<footer>
    <div class="container">
        <p>initializr.redspark.io is powered by <a href="https://github.com/redspark-io/redspark-initializr/">redspark Initializr</a>
    </div>
</footer>
<script src="/js/jquery-3.1.1.min.js"></script>
<script src="/js/typeahead.bundle.min.js"></script>
<script src="/js/mousetrap.min.js"></script>
<script src="/js/start.js"></script>
</body>
</html>

    Forwarded URL = null
   Redirected URL = null
          Cookies = []
]]></system-out>
  </testcase>
  <testcase name="doNotForceSsl" classname="io.spring.initializr.web.project.MainControllerEnvIntegrationTests" time="0"/>
  <testcase name="downloadCliWithCustomRepository" classname="io.spring.initializr.web.project.MainControllerEnvIntegrationTests" time="0.018"/>
</testsuite>